Looking for git in: C:\Program Files\Git\cmd\git.exe
Using git 2.19.1.windows.1 from C:\Program Files\Git\cmd\git.exe
> git rev-parse --show-toplevel
> git config --get commit.template
Open repository: b:\dev\scan-app-desktop
> git fetch
> git status -z -u
> git show :src/core/helpers/websockets.js
> git ls-files --stage -- src/core/helpers/
> git check-ignore -z --stdin
> git symbolic-ref --short HEAD
> git rev-parse mobx
> git rev-parse --symbolic-full-name mobx@{u}
> git rev-list --left-right mobx...refs/remotes/origin/mobx
> git for-each-ref --format %(refname) %(objectname) --sort -committerdate
> git remote --verbose
> git status -z -u
> git rev-parse --show-toplevel
> git config --get commit.template
Open repository: b:\dev\scan-app-desktop\src\core
> git fetch
> git status -z -u
> git rev-parse --show-toplevel
> git symbolic-ref --short HEAD
> git show :helpers/websockets.js
> git config --get commit.template
Open repository: b:\dev\scan-app-desktop\src\views
> git fetch
> git status -z -u
> git rev-parse mobx
> git symbolic-ref --short HEAD
> git check-ignore -z --stdin
> git check-ignore -z --stdin
> git symbolic-ref --short HEAD
> git rev-parse --symbolic-full-name mobx@{u}
> git rev-parse mobx
> git rev-parse mobx
> git rev-list --left-right mobx...refs/remotes/origin/mobx
> git check-ignore -z --stdin
> git check-ignore -z --stdin
> git check-ignore -z --stdin
> git rev-parse --symbolic-full-name mobx@{u}
> git rev-parse --symbolic-full-name mobx@{u}
> git for-each-ref --format %(refname) %(objectname) --sort -committerdate
> git remote --verbose
> git show :helpers/websockets.js
> git rev-list --left-right mobx...refs/remotes/origin/mobx
> git rev-list --left-right mobx...refs/remotes/origin/mobx
> git for-each-ref --format %(refname) %(objectname) --sort -committerdate
> git remote --verbose
> git for-each-ref --format %(refname) %(objectname) --sort -committerdate
> git remote --verbose
> git check-ignore -z --stdin
> git check-ignore -z --stdin
> git status -z -u
> git status -z -u
> git symbolic-ref --short HEAD
> git symbolic-ref --short HEAD
> git rev-parse mobx
> git rev-parse mobx
> git rev-parse --symbolic-full-name mobx@{u}
> git rev-parse --symbolic-full-name mobx@{u}
> git rev-list --left-right mobx...refs/remotes/origin/mobx
> git rev-list --left-right mobx...refs/remotes/origin/mobx
> git status -z -u
> git show :helpers/websockets.js
> git for-each-ref --format %(refname) %(objectname) --sort -committerdate
> git remote --verbose
> git for-each-ref --format %(refname) %(objectname) --sort -committerdate
> git remote --verbose
> git symbolic-ref --short HEAD
> git rev-parse mobx
> git rev-parse --symbolic-full-name mobx@{u}
> git rev-list --left-right mobx...refs/remotes/origin/mobx
> git for-each-ref --format %(refname) %(objectname) --sort -committerdate
> git remote --verbose
> git status -z -u
> git symbolic-ref --short HEAD
> git rev-parse mobx
> git rev-parse --symbolic-full-name mobx@{u}
> git rev-list --left-right mobx...refs/remotes/origin/mobx
> git for-each-ref --format %(refname) %(objectname) --sort -committerdate
> git remote --verbose
> git status -z -u
> git symbolic-ref --short HEAD
> git rev-parse mobx
> git rev-parse --symbolic-full-name mobx@{u}
> git rev-list --left-right mobx...refs/remotes/origin/mobx
> git for-each-ref --format %(refname) %(objectname) --sort -committerdate
> git remote --verbose
> git status -z -u
> git symbolic-ref --short HEAD
> git rev-parse mobx
> git rev-parse --symbolic-full-name mobx@{u}
> git rev-list --left-right mobx...refs/remotes/origin/mobx
> git status -z -u
> git for-each-ref --format %(refname) %(objectname) --sort -committerdate
> git remote --verbose
> git symbolic-ref --short HEAD
> git status -z -u
> git rev-parse mobx
> git rev-parse --symbolic-full-name mobx@{u}
> git symbolic-ref --short HEAD
> git rev-list --left-right mobx...refs/remotes/origin/mobx
> git rev-parse mobx
> git for-each-ref --format %(refname) %(objectname) --sort -committerdate
> git remote --verbose
> git rev-parse --symbolic-full-name mobx@{u}
> git rev-list --left-right mobx...refs/remotes/origin/mobx
> git for-each-ref --format %(refname) %(objectname) --sort -committerdate
> git remote --verbose
> git status -z -u
> git symbolic-ref --short HEAD
> git rev-parse mobx
> git rev-parse --symbolic-full-name mobx@{u}
> git rev-list --left-right mobx...refs/remotes/origin/mobx
> git for-each-ref --format %(refname) %(objectname) --sort -committerdate
> git remote --verbose
> git status -z -u
> git symbolic-ref --short HEAD
> git rev-parse mobx
> git status -z -u
> git rev-parse --symbolic-full-name mobx@{u}
> git rev-list --left-right mobx...refs/remotes/origin/mobx
> git symbolic-ref --short HEAD
> git for-each-ref --format %(refname) %(objectname) --sort -committerdate
> git remote --verbose
> git rev-parse mobx
> git rev-parse --symbolic-full-name mobx@{u}
> git rev-list --left-right mobx...refs/remotes/origin/mobx
> git for-each-ref --format %(refname) %(objectname) --sort -committerdate
> git remote --verbose
> git status -z -u
> git symbolic-ref --short HEAD
> git rev-parse mobx
> git rev-parse --symbolic-full-name mobx@{u}
> git rev-list --left-right mobx...refs/remotes/origin/mobx
> git for-each-ref --format %(refname) %(objectname) --sort -committerdate
> git remote --verbose
> git fetch
> git fetch
> git fetch
> git status -z -u
> git symbolic-ref --short HEAD
> git rev-parse mobx
> git rev-parse --symbolic-full-name mobx@{u}
> git rev-list --left-right mobx...refs/remotes/origin/mobx
> git for-each-ref --format %(refname) %(objectname) --sort -committerdate
> git remote --verbose
> git show :helpers/websockets.js
> git show :src/renderer/index.js
> git status -z -u
> git symbolic-ref --short HEAD
> git rev-parse mobx
> git status -z -u
> git status -z -u
> git rev-parse --symbolic-full-name mobx@{u}
> git symbolic-ref --short HEAD
> git symbolic-ref --short HEAD
> git rev-list --left-right mobx...refs/remotes/origin/mobx
> git rev-parse mobx
> git rev-parse mobx
> git for-each-ref --format %(refname) %(objectname) --sort -committerdate
> git remote --verbose
> git rev-parse --symbolic-full-name mobx@{u}
> git rev-parse --symbolic-full-name mobx@{u}
> git rev-list --left-right mobx...refs/remotes/origin/mobx
> git rev-list --left-right mobx...refs/remotes/origin/mobx
> git for-each-ref --format %(refname) %(objectname) --sort -committerdate
> git remote --verbose
> git for-each-ref --format %(refname) %(objectname) --sort -committerdate
> git remote --verbose
> git show :src/renderer/index.js
> git status -z -u
> git symbolic-ref --short HEAD
> git rev-parse mobx
> git rev-parse --symbolic-full-name mobx@{u}
> git rev-list --left-right mobx...refs/remotes/origin/mobx
> git for-each-ref --format %(refname) %(objectname) --sort -committerdate
> git remote --verbose
> git status -z -u
> git symbolic-ref --short HEAD
> git rev-parse mobx
> git rev-parse --symbolic-full-name mobx@{u}
> git rev-list --left-right mobx...refs/remotes/origin/mobx
> git for-each-ref --format %(refname) %(objectname) --sort -committerdate
> git remote --verbose
> git status -z -u
> git symbolic-ref --short HEAD
> git rev-parse mobx
> git rev-parse --symbolic-full-name mobx@{u}
> git rev-list --left-right mobx...refs/remotes/origin/mobx
> git for-each-ref --format %(refname) %(objectname) --sort -committerdate
> git remote --verbose
> git status -z -u
> git symbolic-ref --short HEAD
> git rev-parse mobx
> git rev-parse --symbolic-full-name mobx@{u}
> git rev-list --left-right mobx...refs/remotes/origin/mobx
> git for-each-ref --format %(refname) %(objectname) --sort -committerdate
> git remote --verbose
> git status -z -u
> git symbolic-ref --short HEAD
> git rev-parse mobx
> git rev-parse --symbolic-full-name mobx@{u}
> git rev-list --left-right mobx...refs/remotes/origin/mobx
> git for-each-ref --format %(refname) %(objectname) --sort -committerdate
> git remote --verbose
> git fetch
> git fetch
> git fetch
> git show :src/renderer/index.js
> git show :global-error.js
> git check-ignore -z --stdin
> git status -z -u
> git status -z -u
> git status -z -u
> git symbolic-ref --short HEAD
> git symbolic-ref --short HEAD
> git rev-parse mobx
> git rev-parse mobx
> git symbolic-ref --short HEAD
> git rev-parse --symbolic-full-name mobx@{u}
> git show :src/renderer/index.js
> git rev-parse --symbolic-full-name mobx@{u}
> git rev-parse mobx
> git rev-list --left-right mobx...refs/remotes/origin/mobx
> git rev-list --left-right mobx...refs/remotes/origin/mobx
> git rev-parse --symbolic-full-name mobx@{u}
> git rev-list --left-right mobx...refs/remotes/origin/mobx
> git for-each-ref --format %(refname) %(objectname) --sort -committerdate
> git remote --verbose
> git for-each-ref --format %(refname) %(objectname) --sort -committerdate
> git remote --verbose
> git for-each-ref --format %(refname) %(objectname) --sort -committerdate
> git remote --verbose
> git show :src/renderer/index.js
> git show :src/components/scan-app.js
> git check-ignore -z --stdin
> git show :src/components/scanners.js
> git show :src/components/search.js
> git check-ignore -z --stdin
> git show :components/search.js
> git status -z -u
> git status -z -u
> git symbolic-ref --short HEAD
> git symbolic-ref --short HEAD
> git rev-parse mobx
> git rev-parse mobx
> git rev-parse --symbolic-full-name mobx@{u}
> git rev-parse --symbolic-full-name mobx@{u}
> git rev-list --left-right mobx...refs/remotes/origin/mobx
> git rev-list --left-right mobx...refs/remotes/origin/mobx
> git for-each-ref --format %(refname) %(objectname) --sort -committerdate
> git remote --verbose
> git for-each-ref --format %(refname) %(objectname) --sort -committerdate
> git remote --verbose
> git fetch
> git fetch
> git fetch
> git status -z -u
> git status -z -u
> git symbolic-ref --short HEAD
> git symbolic-ref --short HEAD
> git rev-parse mobx
> git rev-parse mobx
> git rev-parse --symbolic-full-name mobx@{u}
> git rev-parse --symbolic-full-name mobx@{u}
> git rev-list --left-right mobx...refs/remotes/origin/mobx
> git rev-list --left-right mobx...refs/remotes/origin/mobx
> git status -z -u
> git for-each-ref --format %(refname) %(objectname) --sort -committerdate
> git remote --verbose
> git for-each-ref --format %(refname) %(objectname) --sort -committerdate
> git remote --verbose
> git symbolic-ref --short HEAD
> git rev-parse mobx
> git rev-parse --symbolic-full-name mobx@{u}
> git rev-list --left-right mobx...refs/remotes/origin/mobx
> git for-each-ref --format %(refname) %(objectname) --sort -committerdate
> git remote --verbose
> git show :components/search.js
> git status -z -u
> git status -z -u
> git symbolic-ref --short HEAD
> git symbolic-ref --short HEAD
> git rev-parse mobx
> git rev-parse mobx
> git rev-parse --symbolic-full-name mobx@{u}
> git rev-parse --symbolic-full-name mobx@{u}
> git rev-list --left-right mobx...refs/remotes/origin/mobx
> git rev-list --left-right mobx...refs/remotes/origin/mobx
> git for-each-ref --format %(refname) %(objectname) --sort -committerdate
> git remote --verbose
> git for-each-ref --format %(refname) %(objectname) --sort -committerdate
> git remote --verbose
> git status -z -u
> git status -z -u
> git symbolic-ref --short HEAD
> git symbolic-ref --short HEAD
> git rev-parse mobx
> git rev-parse mobx
> git rev-parse --symbolic-full-name mobx@{u}
> git rev-list --left-right mobx...refs/remotes/origin/mobx
> git rev-parse --symbolic-full-name mobx@{u}
> git for-each-ref --format %(refname) %(objectname) --sort -committerdate
> git remote --verbose
> git rev-list --left-right mobx...refs/remotes/origin/mobx
> git for-each-ref --format %(refname) %(objectname) --sort -committerdate
> git remote --verbose
> git status -z -u
> git symbolic-ref --short HEAD
> git rev-parse mobx
> git status -z -u
> git rev-parse --symbolic-full-name mobx@{u}
> git rev-list --left-right mobx...refs/remotes/origin/mobx
> git symbolic-ref --short HEAD
> git for-each-ref --format %(refname) %(objectname) --sort -committerdate
> git remote --verbose
> git rev-parse mobx
> git rev-parse --symbolic-full-name mobx@{u}
> git rev-list --left-right mobx...refs/remotes/origin/mobx
> git for-each-ref --format %(refname) %(objectname) --sort -committerdate
> git remote --verbose
> git fetch
> git fetch
> git fetch
> git show :components/search.js
> git status -z -u
> git status -z -u
> git symbolic-ref --short HEAD
> git symbolic-ref --short HEAD
> git rev-parse mobx
> git rev-parse mobx
> git status -z -u
> git rev-parse --symbolic-full-name mobx@{u}
> git rev-parse --symbolic-full-name mobx@{u}
> git rev-list --left-right mobx...refs/remotes/origin/mobx
> git rev-list --left-right mobx...refs/remotes/origin/mobx
> git symbolic-ref --short HEAD
> git for-each-ref --format %(refname) %(objectname) --sort -committerdate
> git remote --verbose
> git for-each-ref --format %(refname) %(objectname) --sort -committerdate
> git remote --verbose
> git rev-parse mobx
> git rev-parse --symbolic-full-name mobx@{u}
> git rev-list --left-right mobx...refs/remotes/origin/mobx
> git for-each-ref --format %(refname) %(objectname) --sort -committerdate
> git remote --verbose
> git status -z -u
> git show :src/viewcomponents/search-view.js
> git symbolic-ref --short HEAD
> git rev-parse mobx
> git rev-parse --symbolic-full-name mobx@{u}
> git rev-list --left-right mobx...refs/remotes/origin/mobx
> git for-each-ref --format %(refname) %(objectname) --sort -committerdate
> git remote --verbose
> git show :search-form.js
> git status -z -u
> git status -z -u
> git symbolic-ref --short HEAD
> git symbolic-ref --short HEAD
> git rev-parse mobx
> git rev-parse mobx
> git rev-parse --symbolic-full-name mobx@{u}
> git rev-parse --symbolic-full-name mobx@{u}
> git rev-list --left-right mobx...refs/remotes/origin/mobx
> git rev-list --left-right mobx...refs/remotes/origin/mobx
> git for-each-ref --format %(refname) %(objectname) --sort -committerdate
> git remote --verbose
> git for-each-ref --format %(refname) %(objectname) --sort -committerdate
> git remote --verbose
> git status -z -u
> git status -z -u
> git symbolic-ref --short HEAD
> git symbolic-ref --short HEAD
> git rev-parse mobx
> git rev-parse mobx
> git rev-parse --symbolic-full-name mobx@{u}
> git rev-parse --symbolic-full-name mobx@{u}
> git rev-list --left-right mobx...refs/remotes/origin/mobx
> git rev-list --left-right mobx...refs/remotes/origin/mobx
> git for-each-ref --format %(refname) %(objectname) --sort -committerdate
> git remote --verbose
> git for-each-ref --format %(refname) %(objectname) --sort -committerdate
> git remote --verbose
> git show :result-view.js
> git show :search-form.js
> git show :src/viewcomponents/search-results-view.js
> git show :result-view.js
> git show :src/viewcomponents/search-results-view.js
> git show :result-view.js
> git show :src/viewcomponents/search-results-view.js
> git show :optimized-list.js
> git fetch
> git fetch
> git fetch
> git show :optimized-list.js
> git status -z -u
> git status -z -u
> git symbolic-ref --short HEAD
> git symbolic-ref --short HEAD
> git rev-parse mobx
> git rev-parse mobx
> git rev-parse --symbolic-full-name mobx@{u}
> git rev-parse --symbolic-full-name mobx@{u}
> git rev-list --left-right mobx...refs/remotes/origin/mobx
> git rev-list --left-right mobx...refs/remotes/origin/mobx
> git for-each-ref --format %(refname) %(objectname) --sort -committerdate
> git remote --verbose
> git for-each-ref --format %(refname) %(objectname) --sort -committerdate
> git remote --verbose
> git status -z -u
> git symbolic-ref --short HEAD
> git rev-parse mobx
> git rev-parse --symbolic-full-name mobx@{u}
> git rev-list --left-right mobx...refs/remotes/origin/mobx
> git for-each-ref --format %(refname) %(objectname) --sort -committerdate
> git remote --verbose
> git status -z -u
> git symbolic-ref --short HEAD
> git rev-parse mobx
> git rev-parse --symbolic-full-name mobx@{u}
> git rev-list --left-right mobx...refs/remotes/origin/mobx
> git for-each-ref --format %(refname) %(objectname) --sort -committerdate
> git remote --verbose
> git show :optimized-list.js
> git status -z -u
> git status -z -u
> git symbolic-ref --short HEAD
> git symbolic-ref --short HEAD
> git rev-parse mobx
> git rev-parse mobx
> git rev-parse --symbolic-full-name mobx@{u}
> git rev-parse --symbolic-full-name mobx@{u}
> git rev-list --left-right mobx...refs/remotes/origin/mobx
> git rev-list --left-right mobx...refs/remotes/origin/mobx
> git for-each-ref --format %(refname) %(objectname) --sort -committerdate
> git remote --verbose
> git for-each-ref --format %(refname) %(objectname) --sort -committerdate
> git remote --verbose
> git fetch
> git fetch
> git fetch
> git show :optimized-list.js
> git status -z -u
> git status -z -u
> git status -z -u
> git symbolic-ref --short HEAD
> git symbolic-ref --short HEAD
> git symbolic-ref --short HEAD
> git rev-parse mobx
> git rev-parse mobx
> git rev-parse mobx
> git rev-parse --symbolic-full-name mobx@{u}
> git rev-parse --symbolic-full-name mobx@{u}
> git rev-parse --symbolic-full-name mobx@{u}
> git rev-list --left-right mobx...refs/remotes/origin/mobx
> git rev-list --left-right mobx...refs/remotes/origin/mobx
> git rev-list --left-right mobx...refs/remotes/origin/mobx
> git for-each-ref --format %(refname) %(objectname) --sort -committerdate
> git remote --verbose
> git for-each-ref --format %(refname) %(objectname) --sort -committerdate
> git remote --verbose
> git for-each-ref --format %(refname) %(objectname) --sort -committerdate
> git remote --verbose
> git show :optimized-list.js
> git status -z -u
> git status -z -u
> git symbolic-ref --short HEAD
> git symbolic-ref --short HEAD
> git rev-parse mobx
> git rev-parse --symbolic-full-name mobx@{u}
> git rev-parse mobx
> git rev-parse --symbolic-full-name mobx@{u}
> git rev-list --left-right mobx...refs/remotes/origin/mobx
> git rev-list --left-right mobx...refs/remotes/origin/mobx
> git for-each-ref --format %(refname) %(objectname) --sort -committerdate
> git remote --verbose
> git for-each-ref --format %(refname) %(objectname) --sort -committerdate
> git remote --verbose
> git status -z -u
> git status -z -u
> git symbolic-ref --short HEAD
> git rev-parse mobx
> git symbolic-ref --short HEAD
> git rev-parse --symbolic-full-name mobx@{u}
> git rev-parse mobx
> git rev-list --left-right mobx...refs/remotes/origin/mobx
> git rev-parse --symbolic-full-name mobx@{u}
> git for-each-ref --format %(refname) %(objectname) --sort -committerdate
> git remote --verbose
> git rev-list --left-right mobx...refs/remotes/origin/mobx
> git for-each-ref --format %(refname) %(objectname) --sort -committerdate
> git remote --verbose
> git fetch
> git fetch
> git fetch
> git show :src/viewcomponents/search-results-view.js
> git show :src/viewcomponents/search-results-view.js
> git status -z -u
> git status -z -u
> git symbolic-ref --short HEAD
> git symbolic-ref --short HEAD
> git status -z -u
> git rev-parse mobx
> git rev-parse mobx
> git symbolic-ref --short HEAD
> git rev-parse --symbolic-full-name mobx@{u}
> git rev-parse --symbolic-full-name mobx@{u}
> git rev-parse mobx
> git rev-list --left-right mobx...refs/remotes/origin/mobx
> git rev-list --left-right mobx...refs/remotes/origin/mobx
> git rev-parse --symbolic-full-name mobx@{u}
> git for-each-ref --format %(refname) %(objectname) --sort -committerdate
> git remote --verbose
> git for-each-ref --format %(refname) %(objectname) --sort -committerdate
> git remote --verbose
> git rev-list --left-right mobx...refs/remotes/origin/mobx
> git for-each-ref --format %(refname) %(objectname) --sort -committerdate
> git remote --verbose
> git show :src/viewcomponents/search-results-view.js
> git show :search-form.js
> git status -z -u
> git status -z -u
> git symbolic-ref --short HEAD
> git symbolic-ref --short HEAD
> git rev-parse mobx
> git rev-parse mobx
> git rev-parse --symbolic-full-name mobx@{u}
> git rev-parse --symbolic-full-name mobx@{u}
> git show :src/viewcomponents/search-view.js
> git rev-list --left-right mobx...refs/remotes/origin/mobx
> git rev-list --left-right mobx...refs/remotes/origin/mobx
> git for-each-ref --format %(refname) %(objectname) --sort -committerdate
> git remote --verbose
> git for-each-ref --format %(refname) %(objectname) --sort -committerdate
> git remote --verbose
> git show :search-form.js
> git show :components/search.js
> git status -z -u
> git status -z -u
> git symbolic-ref --short HEAD
> git symbolic-ref --short HEAD
> git rev-parse mobx
> git rev-parse mobx
> git rev-parse --symbolic-full-name mobx@{u}
> git rev-parse --symbolic-full-name mobx@{u}
> git rev-list --left-right mobx...refs/remotes/origin/mobx
> git rev-list --left-right mobx...refs/remotes/origin/mobx
> git for-each-ref --format %(refname) %(objectname) --sort -committerdate
> git remote --verbose
> git for-each-ref --format %(refname) %(objectname) --sort -committerdate
> git remote --verbose
> git show :optimized-list.js
> git status -z -u
> git status -z -u
> git symbolic-ref --short HEAD
> git symbolic-ref --short HEAD
> git rev-parse mobx
> git rev-parse mobx
> git rev-parse --symbolic-full-name mobx@{u}
> git rev-parse --symbolic-full-name mobx@{u}
> git rev-list --left-right mobx...refs/remotes/origin/mobx
> git rev-list --left-right mobx...refs/remotes/origin/mobx
> git for-each-ref --format %(refname) %(objectname) --sort -committerdate
> git remote --verbose
> git for-each-ref --format %(refname) %(objectname) --sort -committerdate
> git remote --verbose
> git status -z -u
> git status -z -u
> git symbolic-ref --short HEAD
> git symbolic-ref --short HEAD
> git rev-parse mobx
> git rev-parse mobx
> git rev-parse --symbolic-full-name mobx@{u}
> git rev-parse --symbolic-full-name mobx@{u}
> git rev-list --left-right mobx...refs/remotes/origin/mobx
> git rev-list --left-right mobx...refs/remotes/origin/mobx
> git for-each-ref --format %(refname) %(objectname) --sort -committerdate
> git remote --verbose
> git for-each-ref --format %(refname) %(objectname) --sort -committerdate
> git remote --verbose
> git status -z -u
> git status -z -u
> git symbolic-ref --short HEAD
> git symbolic-ref --short HEAD
> git rev-parse mobx
> git rev-parse mobx
> git rev-parse --symbolic-full-name mobx@{u}
> git rev-parse --symbolic-full-name mobx@{u}
> git rev-list --left-right mobx...refs/remotes/origin/mobx
> git rev-list --left-right mobx...refs/remotes/origin/mobx
> git for-each-ref --format %(refname) %(objectname) --sort -committerdate
> git remote --verbose
> git for-each-ref --format %(refname) %(objectname) --sort -committerdate
> git remote --verbose
> git fetch
> git fetch
> git fetch
> git show :optimized-list.js
> git status -z -u
> git symbolic-ref --short HEAD
> git rev-parse mobx
> git status -z -u
> git rev-parse --symbolic-full-name mobx@{u}
> git symbolic-ref --short HEAD
> git rev-list --left-right mobx...refs/remotes/origin/mobx
> git rev-parse mobx
> git for-each-ref --format %(refname) %(objectname) --sort -committerdate
> git remote --verbose
> git rev-parse --symbolic-full-name mobx@{u}
> git status -z -u
> git rev-list --left-right mobx...refs/remotes/origin/mobx
> git symbolic-ref --short HEAD
> git for-each-ref --format %(refname) %(objectname) --sort -committerdate
> git remote --verbose
> git rev-parse mobx
> git rev-parse --symbolic-full-name mobx@{u}
> git rev-list --left-right mobx...refs/remotes/origin/mobx
> git for-each-ref --format %(refname) %(objectname) --sort -committerdate
> git remote --verbose
> git show :optimized-list.js
> git fetch
> git status -z -u
> git symbolic-ref --short HEAD
> git rev-parse mobx
> git rev-parse --symbolic-full-name mobx@{u}
> git rev-list --left-right mobx...refs/remotes/origin/mobx
> git for-each-ref --format %(refname) %(objectname) --sort -committerdate
> git remote --verbose
> git show :optimized-list.js
> git fetch
> git fetch
> git status -z -u
> git show :optimized-list.js
> git symbolic-ref --short HEAD
> git rev-parse mobx
> git rev-parse --symbolic-full-name mobx@{u}
> git rev-list --left-right mobx...refs/remotes/origin/mobx
> git for-each-ref --format %(refname) %(objectname) --sort -committerdate
> git remote --verbose
> git status -z -u
> git symbolic-ref --short HEAD
> git status -z -u
> git rev-parse mobx
> git symbolic-ref --short HEAD
> git rev-parse --symbolic-full-name mobx@{u}
> git rev-parse mobx
> git rev-list --left-right mobx...refs/remotes/origin/mobx
> git rev-parse --symbolic-full-name mobx@{u}
> git for-each-ref --format %(refname) %(objectname) --sort -committerdate
> git remote --verbose
> git rev-list --left-right mobx...refs/remotes/origin/mobx
> git for-each-ref --format %(refname) %(objectname) --sort -committerdate
> git remote --verbose
> git show :optimized-list.js
> git status -z -u
> git symbolic-ref --short HEAD
> git rev-parse mobx
> git rev-parse --symbolic-full-name mobx@{u}
> git rev-list --left-right mobx...refs/remotes/origin/mobx
> git for-each-ref --format %(refname) %(objectname) --sort -committerdate
> git remote --verbose
> git status -z -u
> git status -z -u
> git symbolic-ref --short HEAD
> git symbolic-ref --short HEAD
> git rev-parse mobx
> git rev-parse mobx
> git rev-parse --symbolic-full-name mobx@{u}
> git rev-parse --symbolic-full-name mobx@{u}
> git rev-list --left-right mobx...refs/remotes/origin/mobx
> git rev-list --left-right mobx...refs/remotes/origin/mobx
> git for-each-ref --format %(refname) %(objectname) --sort -committerdate
> git remote --verbose
> git for-each-ref --format %(refname) %(objectname) --sort -committerdate
> git remote --verbose
> git status -z -u
> git status -z -u
> git symbolic-ref --short HEAD
> git symbolic-ref --short HEAD
> git rev-parse mobx
> git rev-parse mobx
> git rev-parse --symbolic-full-name mobx@{u}
> git rev-parse --symbolic-full-name mobx@{u}
> git rev-list --left-right mobx...refs/remotes/origin/mobx
> git rev-list --left-right mobx...refs/remotes/origin/mobx
> git for-each-ref --format %(refname) %(objectname) --sort -committerdate
> git remote --verbose
> git for-each-ref --format %(refname) %(objectname) --sort -committerdate
> git remote --verbose
> git status -z -u
> git status -z -u
> git symbolic-ref --short HEAD
> git symbolic-ref --short HEAD
> git rev-parse mobx
> git rev-parse mobx
> git rev-parse --symbolic-full-name mobx@{u}
> git rev-parse --symbolic-full-name mobx@{u}
> git rev-list --left-right mobx...refs/remotes/origin/mobx
> git rev-list --left-right mobx...refs/remotes/origin/mobx
> git for-each-ref --format %(refname) %(objectname) --sort -committerdate
> git remote --verbose
> git for-each-ref --format %(refname) %(objectname) --sort -committerdate
> git remote --verbose
> git status -z -u
> git status -z -u
> git symbolic-ref --short HEAD
> git symbolic-ref --short HEAD
> git rev-parse mobx
> git rev-parse mobx
> git rev-parse --symbolic-full-name mobx@{u}
> git rev-parse --symbolic-full-name mobx@{u}
> git rev-list --left-right mobx...refs/remotes/origin/mobx
> git rev-list --left-right mobx...refs/remotes/origin/mobx
> git for-each-ref --format %(refname) %(objectname) --sort -committerdate
> git remote --verbose
> git for-each-ref --format %(refname) %(objectname) --sort -committerdate
> git remote --verbose
> git fetch
> git show :optimized-list.js
> git status -z -u
> git symbolic-ref --short HEAD
> git rev-parse mobx
> git rev-parse --symbolic-full-name mobx@{u}
> git rev-list --left-right mobx...refs/remotes/origin/mobx
> git for-each-ref --format %(refname) %(objectname) --sort -committerdate
> git remote --verbose
> git fetch
> git fetch
> git show :optimized-list.js
> git status -z -u
> git show :optimized-list.js
> git symbolic-ref --short HEAD
> git rev-parse mobx
> git rev-parse --symbolic-full-name mobx@{u}
> git rev-list --left-right mobx...refs/remotes/origin/mobx
> git for-each-ref --format %(refname) %(objectname) --sort -committerdate
> git remote --verbose
> git status -z -u
> git symbolic-ref --short HEAD
> git rev-parse mobx
> git rev-parse --symbolic-full-name mobx@{u}
> git status -z -u
> git rev-list --left-right mobx...refs/remotes/origin/mobx
> git symbolic-ref --short HEAD
> git for-each-ref --format %(refname) %(objectname) --sort -committerdate
> git remote --verbose
> git rev-parse mobx
> git rev-parse --symbolic-full-name mobx@{u}
> git rev-list --left-right mobx...refs/remotes/origin/mobx
> git for-each-ref --format %(refname) %(objectname) --sort -committerdate
> git remote --verbose
> git show :optimized-list.js
> git status -z -u
> git symbolic-ref --short HEAD
> git rev-parse mobx
> git rev-parse --symbolic-full-name mobx@{u}
> git rev-list --left-right mobx...refs/remotes/origin/mobx
> git for-each-ref --format %(refname) %(objectname) --sort -committerdate
> git remote --verbose
> git status -z -u
> git status -z -u
> git symbolic-ref --short HEAD
> git symbolic-ref --short HEAD
> git rev-parse mobx
> git rev-parse mobx
> git rev-parse --symbolic-full-name mobx@{u}
> git rev-parse --symbolic-full-name mobx@{u}
> git rev-list --left-right mobx...refs/remotes/origin/mobx
> git rev-list --left-right mobx...refs/remotes/origin/mobx
> git for-each-ref --format %(refname) %(objectname) --sort -committerdate
> git remote --verbose
> git for-each-ref --format %(refname) %(objectname) --sort -committerdate
> git remote --verbose
> git status -z -u
> git status -z -u
> git symbolic-ref --short HEAD
> git rev-parse mobx
> git rev-parse --symbolic-full-name mobx@{u}
> git symbolic-ref --short HEAD
> git rev-list --left-right mobx...refs/remotes/origin/mobx
> git rev-parse mobx
> git rev-parse --symbolic-full-name mobx@{u}
> git for-each-ref --format %(refname) %(objectname) --sort -committerdate
> git remote --verbose
> git rev-list --left-right mobx...refs/remotes/origin/mobx
> git for-each-ref --format %(refname) %(objectname) --sort -committerdate
> git remote --verbose
> git fetch
> git fetch
> git fetch
> git status -z -u
> git symbolic-ref --short HEAD
> git rev-parse mobx
> git rev-parse --symbolic-full-name mobx@{u}
> git rev-list --left-right mobx...refs/remotes/origin/mobx
> git for-each-ref --format %(refname) %(objectname) --sort -committerdate
> git remote --verbose
> git show :optimized-list.js
> git status -z -u
> git symbolic-ref --short HEAD
> git status -z -u
> git rev-parse mobx
> git symbolic-ref --short HEAD
> git status -z -u
> git rev-parse --symbolic-full-name mobx@{u}
> git rev-parse mobx
> git symbolic-ref --short HEAD
> git rev-list --left-right mobx...refs/remotes/origin/mobx
> git rev-parse --symbolic-full-name mobx@{u}
> git rev-parse mobx
> git for-each-ref --format %(refname) %(objectname) --sort -committerdate
> git remote --verbose
> git rev-list --left-right mobx...refs/remotes/origin/mobx
> git rev-parse --symbolic-full-name mobx@{u}
> git rev-list --left-right mobx...refs/remotes/origin/mobx
> git for-each-ref --format %(refname) %(objectname) --sort -committerdate
> git remote --verbose
> git for-each-ref --format %(refname) %(objectname) --sort -committerdate
> git remote --verbose
> git show :optimized-list.js
> git status -z -u
> git symbolic-ref --short HEAD
> git rev-parse mobx
> git rev-parse --symbolic-full-name mobx@{u}
> git rev-list --left-right mobx...refs/remotes/origin/mobx
> git for-each-ref --format %(refname) %(objectname) --sort -committerdate
> git remote --verbose
> git fetch
> git fetch
> git fetch
> git show :optimized-list.js
> git status -z -u
> git symbolic-ref --short HEAD
> git rev-parse mobx
> git status -z -u
> git rev-parse --symbolic-full-name mobx@{u}
> git symbolic-ref --short HEAD
> git status -z -u
> git rev-list --left-right mobx...refs/remotes/origin/mobx
> git rev-parse mobx
> git symbolic-ref --short HEAD
> git for-each-ref --format %(refname) %(objectname) --sort -committerdate
> git remote --verbose
> git rev-parse --symbolic-full-name mobx@{u}
> git rev-parse mobx
> git rev-list --left-right mobx...refs/remotes/origin/mobx
> git rev-parse --symbolic-full-name mobx@{u}
> git for-each-ref --format %(refname) %(objectname) --sort -committerdate
> git remote --verbose
> git rev-list --left-right mobx...refs/remotes/origin/mobx
> git for-each-ref --format %(refname) %(objectname) --sort -committerdate
> git remote --verbose
> git show :optimized-list.js
> git status -z -u
> git status -z -u
> git symbolic-ref --short HEAD
> git symbolic-ref --short HEAD
> git rev-parse mobx
> git rev-parse mobx
> git rev-parse --symbolic-full-name mobx@{u}
> git rev-list --left-right mobx...refs/remotes/origin/mobx
> git rev-parse --symbolic-full-name mobx@{u}
> git for-each-ref --format %(refname) %(objectname) --sort -committerdate
> git remote --verbose
> git rev-list --left-right mobx...refs/remotes/origin/mobx
> git for-each-ref --format %(refname) %(objectname) --sort -committerdate
> git remote --verbose
> git status -z -u
> git status -z -u
> git symbolic-ref --short HEAD
> git symbolic-ref --short HEAD
> git rev-parse mobx
> git rev-parse mobx
> git rev-parse --symbolic-full-name mobx@{u}
> git rev-parse --symbolic-full-name mobx@{u}
> git rev-list --left-right mobx...refs/remotes/origin/mobx
> git rev-list --left-right mobx...refs/remotes/origin/mobx
> git for-each-ref --format %(refname) %(objectname) --sort -committerdate
> git remote --verbose
> git for-each-ref --format %(refname) %(objectname) --sort -committerdate
> git remote --verbose
> git status -z -u
> git status -z -u
> git symbolic-ref --short HEAD
> git symbolic-ref --short HEAD
> git rev-parse mobx
> git rev-parse mobx
> git rev-parse --symbolic-full-name mobx@{u}
> git rev-parse --symbolic-full-name mobx@{u}
> git rev-list --left-right mobx...refs/remotes/origin/mobx
> git rev-list --left-right mobx...refs/remotes/origin/mobx
> git for-each-ref --format %(refname) %(objectname) --sort -committerdate
> git remote --verbose
> git for-each-ref --format %(refname) %(objectname) --sort -committerdate
> git remote --verbose
> git fetch
> git fetch
> git fetch
> git show :optimized-list.js
> git status -z -u
> git symbolic-ref --short HEAD
> git status -z -u
> git rev-parse mobx
> git symbolic-ref --short HEAD
> git status -z -u
> git rev-parse --symbolic-full-name mobx@{u}
> git rev-parse mobx
> git symbolic-ref --short HEAD
> git rev-list --left-right mobx...refs/remotes/origin/mobx
> git rev-parse --symbolic-full-name mobx@{u}
> git rev-parse mobx
> git for-each-ref --format %(refname) %(objectname) --sort -committerdate
> git remote --verbose
> git rev-list --left-right mobx...refs/remotes/origin/mobx
> git rev-parse --symbolic-full-name mobx@{u}
> git rev-list --left-right mobx...refs/remotes/origin/mobx
> git for-each-ref --format %(refname) %(objectname) --sort -committerdate
> git remote --verbose
> git for-each-ref --format %(refname) %(objectname) --sort -committerdate
> git remote --verbose
> git show :optimized-list.js
> git status -z -u
> git status -z -u
> git symbolic-ref --short HEAD
> git rev-parse mobx
> git symbolic-ref --short HEAD
> git rev-parse --symbolic-full-name mobx@{u}
> git rev-parse mobx
> git rev-list --left-right mobx...refs/remotes/origin/mobx
> git rev-parse --symbolic-full-name mobx@{u}
> git rev-list --left-right mobx...refs/remotes/origin/mobx
> git for-each-ref --format %(refname) %(objectname) --sort -committerdate
> git remote --verbose
> git for-each-ref --format %(refname) %(objectname) --sort -committerdate
> git remote --verbose
> git status -z -u
> git status -z -u
> git symbolic-ref --short HEAD
> git symbolic-ref --short HEAD
> git rev-parse mobx
> git rev-parse mobx
> git rev-parse --symbolic-full-name mobx@{u}
> git rev-list --left-right mobx...refs/remotes/origin/mobx
> git rev-parse --symbolic-full-name mobx@{u}
> git for-each-ref --format %(refname) %(objectname) --sort -committerdate
> git remote --verbose
> git rev-list --left-right mobx...refs/remotes/origin/mobx
> git for-each-ref --format %(refname) %(objectname) --sort -committerdate
> git remote --verbose
> git status -z -u
> git status -z -u
> git symbolic-ref --short HEAD
> git rev-parse mobx
> git symbolic-ref --short HEAD
> git rev-parse --symbolic-full-name mobx@{u}
> git rev-parse mobx
> git rev-list --left-right mobx...refs/remotes/origin/mobx
> git rev-parse --symbolic-full-name mobx@{u}
> git for-each-ref --format %(refname) %(objectname) --sort -committerdate
> git remote --verbose
> git rev-list --left-right mobx...refs/remotes/origin/mobx
> git for-each-ref --format %(refname) %(objectname) --sort -committerdate
> git remote --verbose
> git fetch
> git fetch
> git fetch
> git show :optimized-list.js
> git status -z -u
> git status -z -u
> git status -z -u
> git symbolic-ref --short HEAD
> git symbolic-ref --short HEAD
> git symbolic-ref --short HEAD
> git rev-parse mobx
> git rev-parse mobx
> git rev-parse mobx
> git rev-parse --symbolic-full-name mobx@{u}
> git rev-parse --symbolic-full-name mobx@{u}
> git rev-parse --symbolic-full-name mobx@{u}
> git rev-list --left-right mobx...refs/remotes/origin/mobx
> git rev-list --left-right mobx...refs/remotes/origin/mobx
> git rev-list --left-right mobx...refs/remotes/origin/mobx
> git for-each-ref --format %(refname) %(objectname) --sort -committerdate
> git remote --verbose
> git for-each-ref --format %(refname) %(objectname) --sort -committerdate
> git remote --verbose
> git for-each-ref --format %(refname) %(objectname) --sort -committerdate
> git remote --verbose
> git show :optimized-list.js
> git fetch
> git fetch
> git fetch
> git show :optimized-list.js
> git status -z -u
> git status -z -u
> git status -z -u
> git symbolic-ref --short HEAD
> git symbolic-ref --short HEAD
> git symbolic-ref --short HEAD
> git rev-parse mobx
> git rev-parse mobx
> git rev-parse mobx
> git rev-parse --symbolic-full-name mobx@{u}
> git rev-parse --symbolic-full-name mobx@{u}
> git rev-parse --symbolic-full-name mobx@{u}
> git rev-list --left-right mobx...refs/remotes/origin/mobx
> git rev-list --left-right mobx...refs/remotes/origin/mobx
> git rev-list --left-right mobx...refs/remotes/origin/mobx
> git for-each-ref --format %(refname) %(objectname) --sort -committerdate
> git remote --verbose
> git for-each-ref --format %(refname) %(objectname) --sort -committerdate
> git remote --verbose
> git for-each-ref --format %(refname) %(objectname) --sort -committerdate
> git remote --verbose
> git status -z -u
> git show :optimized-list.js
> git symbolic-ref --short HEAD
> git rev-parse mobx
> git rev-parse --symbolic-full-name mobx@{u}
> git rev-list --left-right mobx...refs/remotes/origin/mobx
> git for-each-ref --format %(refname) %(objectname) --sort -committerdate
> git remote --verbose
> git status -z -u
> git symbolic-ref --short HEAD
> git rev-parse mobx
> git rev-parse --symbolic-full-name mobx@{u}
> git rev-list --left-right mobx...refs/remotes/origin/mobx
> git for-each-ref --format %(refname) %(objectname) --sort -committerdate
> git remote --verbose
> git show :optimized-list.js
> git show :optimized-list.js
> git status -z -u
> git symbolic-ref --short HEAD
> git rev-parse mobx
> git rev-parse --symbolic-full-name mobx@{u}
> git rev-list --left-right mobx...refs/remotes/origin/mobx
> git for-each-ref --format %(refname) %(objectname) --sort -committerdate
> git remote --verbose
> git status -z -u
> git symbolic-ref --short HEAD
> git rev-parse mobx
> git rev-parse --symbolic-full-name mobx@{u}
> git rev-list --left-right mobx...refs/remotes/origin/mobx
> git for-each-ref --format %(refname) %(objectname) --sort -committerdate
> git remote --verbose
> git show :optimized-list.js
> git status -z -u
> git symbolic-ref --short HEAD
> git rev-parse mobx
> git rev-parse --symbolic-full-name mobx@{u}
> git rev-list --left-right mobx...refs/remotes/origin/mobx
> git for-each-ref --format %(refname) %(objectname) --sort -committerdate
> git remote --verbose
> git status -z -u
> git symbolic-ref --short HEAD
> git rev-parse mobx
> git rev-parse --symbolic-full-name mobx@{u}
> git rev-list --left-right mobx...refs/remotes/origin/mobx
> git for-each-ref --format %(refname) %(objectname) --sort -committerdate
> git remote --verbose
> git status -z -u
> git symbolic-ref --short HEAD
> git rev-parse mobx
> git rev-parse --symbolic-full-name mobx@{u}
> git rev-list --left-right mobx...refs/remotes/origin/mobx
> git for-each-ref --format %(refname) %(objectname) --sort -committerdate
> git remote --verbose
> git show :optimized-list.js
> git status -z -u
> git symbolic-ref --short HEAD
> git rev-parse mobx
> git rev-parse --symbolic-full-name mobx@{u}
> git rev-list --left-right mobx...refs/remotes/origin/mobx
> git for-each-ref --format %(refname) %(objectname) --sort -committerdate
> git remote --verbose
> git status -z -u
> git status -z -u
> git status -z -u
> git symbolic-ref --short HEAD
> git symbolic-ref --short HEAD
> git rev-parse mobx
> git rev-parse mobx
> git symbolic-ref --short HEAD
> git rev-parse --symbolic-full-name mobx@{u}
> git rev-parse --symbolic-full-name mobx@{u}
> git rev-parse mobx
> git rev-parse --symbolic-full-name mobx@{u}
> git rev-list --left-right mobx...refs/remotes/origin/mobx
> git rev-list --left-right mobx...refs/remotes/origin/mobx
> git rev-list --left-right mobx...refs/remotes/origin/mobx
> git for-each-ref --format %(refname) %(objectname) --sort -committerdate
> git remote --verbose
> git for-each-ref --format %(refname) %(objectname) --sort -committerdate
> git remote --verbose
> git for-each-ref --format %(refname) %(objectname) --sort -committerdate
> git remote --verbose
> git show :optimized-list.js
> git status -z -u
> git status -z -u
> git symbolic-ref --short HEAD
> git symbolic-ref --short HEAD
> git status -z -u
> git rev-parse mobx
> git rev-parse mobx
> git rev-parse --symbolic-full-name mobx@{u}
> git rev-parse --symbolic-full-name mobx@{u}
> git symbolic-ref --short HEAD
> git rev-list --left-right mobx...refs/remotes/origin/mobx
> git rev-list --left-right mobx...refs/remotes/origin/mobx
> git rev-parse mobx
> git for-each-ref --format %(refname) %(objectname) --sort -committerdate
> git remote --verbose
> git for-each-ref --format %(refname) %(objectname) --sort -committerdate
> git remote --verbose
> git rev-parse --symbolic-full-name mobx@{u}
> git rev-list --left-right mobx...refs/remotes/origin/mobx
> git for-each-ref --format %(refname) %(objectname) --sort -committerdate
> git remote --verbose
> git fetch
> git fetch
> git fetch
> git show :optimized-list.js
> git status -z -u
> git status -z -u
> git status -z -u
> git symbolic-ref --short HEAD
> git symbolic-ref --short HEAD
> git symbolic-ref --short HEAD
> git rev-parse mobx
> git rev-parse mobx
> git rev-parse mobx
> git rev-parse --symbolic-full-name mobx@{u}
> git rev-parse --symbolic-full-name mobx@{u}
> git rev-parse --symbolic-full-name mobx@{u}
> git rev-list --left-right mobx...refs/remotes/origin/mobx
> git rev-list --left-right mobx...refs/remotes/origin/mobx
> git rev-list --left-right mobx...refs/remotes/origin/mobx
> git for-each-ref --format %(refname) %(objectname) --sort -committerdate
> git remote --verbose
> git for-each-ref --format %(refname) %(objectname) --sort -committerdate
> git remote --verbose
> git for-each-ref --format %(refname) %(objectname) --sort -committerdate
> git remote --verbose
> git show :optimized-list.js
> git status -z -u
> git status -z -u
> git symbolic-ref --short HEAD
> git symbolic-ref --short HEAD
> git rev-parse mobx
> git rev-parse --symbolic-full-name mobx@{u}
> git rev-parse mobx
> git rev-list --left-right mobx...refs/remotes/origin/mobx
> git rev-parse --symbolic-full-name mobx@{u}
> git rev-list --left-right mobx...refs/remotes/origin/mobx
> git for-each-ref --format %(refname) %(objectname) --sort -committerdate
> git remote --verbose
> git for-each-ref --format %(refname) %(objectname) --sort -committerdate
> git remote --verbose
> git status -z -u
> git symbolic-ref --short HEAD
> git status -z -u
> git rev-parse mobx
> git rev-parse --symbolic-full-name mobx@{u}
> git symbolic-ref --short HEAD
> git rev-list --left-right mobx...refs/remotes/origin/mobx
> git rev-parse mobx
> git for-each-ref --format %(refname) %(objectname) --sort -committerdate
> git remote --verbose
> git rev-parse --symbolic-full-name mobx@{u}
> git rev-list --left-right mobx...refs/remotes/origin/mobx
> git for-each-ref --format %(refname) %(objectname) --sort -committerdate
> git remote --verbose
> git fetch
> git fetch
> git fetch
> git show :optimized-list.js
> git status -z -u
> git status -z -u
> git status -z -u
> git symbolic-ref --short HEAD
> git symbolic-ref --short HEAD
> git symbolic-ref --short HEAD
> git rev-parse mobx
> git rev-parse mobx
> git rev-parse mobx
> git rev-parse --symbolic-full-name mobx@{u}
> git rev-parse --symbolic-full-name mobx@{u}
> git rev-parse --symbolic-full-name mobx@{u}
> git rev-list --left-right mobx...refs/remotes/origin/mobx
> git rev-list --left-right mobx...refs/remotes/origin/mobx
> git rev-list --left-right mobx...refs/remotes/origin/mobx
> git for-each-ref --format %(refname) %(objectname) --sort -committerdate
> git remote --verbose
> git for-each-ref --format %(refname) %(objectname) --sort -committerdate
> git remote --verbose
> git for-each-ref --format %(refname) %(objectname) --sort -committerdate
> git remote --verbose
> git show :optimized-list.js
> git show :src/viewcomponents/search-results-view.js
> git show :optimized-list.js
> git status -z -u
> git status -z -u
> git symbolic-ref --short HEAD
> git symbolic-ref --short HEAD
> git rev-parse mobx
> git rev-parse mobx
> git rev-parse --symbolic-full-name mobx@{u}
> git rev-parse --symbolic-full-name mobx@{u}
> git rev-list --left-right mobx...refs/remotes/origin/mobx
> git rev-list --left-right mobx...refs/remotes/origin/mobx
> git for-each-ref --format %(refname) %(objectname) --sort -committerdate
> git remote --verbose
> git for-each-ref --format %(refname) %(objectname) --sort -committerdate
> git remote --verbose
> git status -z -u
> git status -z -u
> git symbolic-ref --short HEAD
> git rev-parse mobx
> git symbolic-ref --short HEAD
> git rev-parse --symbolic-full-name mobx@{u}
> git rev-parse mobx
> git rev-parse --symbolic-full-name mobx@{u}
> git rev-list --left-right mobx...refs/remotes/origin/mobx
> git rev-list --left-right mobx...refs/remotes/origin/mobx
> git for-each-ref --format %(refname) %(objectname) --sort -committerdate
> git remote --verbose
> git for-each-ref --format %(refname) %(objectname) --sort -committerdate
> git remote --verbose
> git fetch
> git fetch
> git fetch
> git show :optimized-list.js
> git status -z -u
> git status -z -u
> git status -z -u
> git symbolic-ref --short HEAD
> git symbolic-ref --short HEAD
> git symbolic-ref --short HEAD
> git rev-parse mobx
> git rev-parse mobx
> git rev-parse mobx
> git rev-parse --symbolic-full-name mobx@{u}
> git rev-parse --symbolic-full-name mobx@{u}
> git rev-parse --symbolic-full-name mobx@{u}
> git rev-list --left-right mobx...refs/remotes/origin/mobx
> git rev-list --left-right mobx...refs/remotes/origin/mobx
> git rev-list --left-right mobx...refs/remotes/origin/mobx
> git for-each-ref --format %(refname) %(objectname) --sort -committerdate
> git remote --verbose
> git for-each-ref --format %(refname) %(objectname) --sort -committerdate
> git remote --verbose
> git for-each-ref --format %(refname) %(objectname) --sort -committerdate
> git remote --verbose
> git show :optimized-list.js
> git status -z -u
> git status -z -u
> git symbolic-ref --short HEAD
> git symbolic-ref --short HEAD
> git rev-parse mobx
> git rev-parse mobx
> git rev-parse --symbolic-full-name mobx@{u}
> git rev-parse --symbolic-full-name mobx@{u}
> git rev-list --left-right mobx...refs/remotes/origin/mobx
> git rev-list --left-right mobx...refs/remotes/origin/mobx
> git for-each-ref --format %(refname) %(objectname) --sort -committerdate
> git remote --verbose
> git for-each-ref --format %(refname) %(objectname) --sort -committerdate
> git remote --verbose
> git status -z -u
> git status -z -u
> git symbolic-ref --short HEAD
> git symbolic-ref --short HEAD
> git rev-parse mobx
> git rev-parse mobx
> git rev-parse --symbolic-full-name mobx@{u}
> git rev-parse --symbolic-full-name mobx@{u}
> git rev-list --left-right mobx...refs/remotes/origin/mobx
> git rev-list --left-right mobx...refs/remotes/origin/mobx
> git for-each-ref --format %(refname) %(objectname) --sort -committerdate
> git remote --verbose
> git for-each-ref --format %(refname) %(objectname) --sort -committerdate
> git remote --verbose
> git status -z -u
> git symbolic-ref --short HEAD
> git status -z -u
> git rev-parse mobx
> git rev-parse --symbolic-full-name mobx@{u}
> git symbolic-ref --short HEAD
> git rev-list --left-right mobx...refs/remotes/origin/mobx
> git rev-parse mobx
> git for-each-ref --format %(refname) %(objectname) --sort -committerdate
> git remote --verbose
> git rev-parse --symbolic-full-name mobx@{u}
> git rev-list --left-right mobx...refs/remotes/origin/mobx
> git for-each-ref --format %(refname) %(objectname) --sort -committerdate
> git remote --verbose
> git fetch
> git fetch
> git fetch
> git show :optimized-list.js
> git status -z -u
> git status -z -u
> git status -z -u
> git symbolic-ref --short HEAD
> git symbolic-ref --short HEAD
> git symbolic-ref --short HEAD
> git rev-parse mobx
> git rev-parse mobx
> git rev-parse mobx
> git rev-parse --symbolic-full-name mobx@{u}
> git rev-parse --symbolic-full-name mobx@{u}
> git rev-parse --symbolic-full-name mobx@{u}
> git rev-list --left-right mobx...refs/remotes/origin/mobx
> git rev-list --left-right mobx...refs/remotes/origin/mobx
> git rev-list --left-right mobx...refs/remotes/origin/mobx
> git for-each-ref --format %(refname) %(objectname) --sort -committerdate
> git remote --verbose
> git for-each-ref --format %(refname) %(objectname) --sort -committerdate
> git remote --verbose
> git for-each-ref --format %(refname) %(objectname) --sort -committerdate
> git remote --verbose
> git show :optimized-list.js
> git status -z -u
> git status -z -u
> git symbolic-ref --short HEAD
> git symbolic-ref --short HEAD
> git rev-parse mobx
> git rev-parse --symbolic-full-name mobx@{u}
> git rev-parse mobx
> git rev-parse --symbolic-full-name mobx@{u}
> git rev-list --left-right mobx...refs/remotes/origin/mobx
> git for-each-ref --format %(refname) %(objectname) --sort -committerdate
> git remote --verbose
> git rev-list --left-right mobx...refs/remotes/origin/mobx
> git for-each-ref --format %(refname) %(objectname) --sort -committerdate
> git remote --verbose
> git status -z -u
> git status -z -u
> git symbolic-ref --short HEAD
> git rev-parse mobx
> git symbolic-ref --short HEAD
> git rev-parse --symbolic-full-name mobx@{u}
> git rev-parse mobx
> git rev-list --left-right mobx...refs/remotes/origin/mobx
> git rev-parse --symbolic-full-name mobx@{u}
> git for-each-ref --format %(refname) %(objectname) --sort -committerdate
> git remote --verbose
> git rev-list --left-right mobx...refs/remotes/origin/mobx
> git for-each-ref --format %(refname) %(objectname) --sort -committerdate
> git remote --verbose
> git fetch
> git fetch
> git fetch
> git show :optimized-list.js
> git status -z -u
> git status -z -u
> git status -z -u
> git symbolic-ref --short HEAD
> git symbolic-ref --short HEAD
> git symbolic-ref --short HEAD
> git rev-parse mobx
> git rev-parse mobx
> git rev-parse mobx
> git rev-parse --symbolic-full-name mobx@{u}
> git rev-parse --symbolic-full-name mobx@{u}
> git rev-parse --symbolic-full-name mobx@{u}
> git rev-list --left-right mobx...refs/remotes/origin/mobx
> git rev-list --left-right mobx...refs/remotes/origin/mobx
> git rev-list --left-right mobx...refs/remotes/origin/mobx
> git for-each-ref --format %(refname) %(objectname) --sort -committerdate
> git remote --verbose
> git for-each-ref --format %(refname) %(objectname) --sort -committerdate
> git remote --verbose
> git for-each-ref --format %(refname) %(objectname) --sort -committerdate
> git remote --verbose
> git show :optimized-list.js
> git status -z -u
> git status -z -u
> git symbolic-ref --short HEAD
> git symbolic-ref --short HEAD
> git rev-parse mobx
> git rev-parse mobx
> git rev-parse --symbolic-full-name mobx@{u}
> git rev-parse --symbolic-full-name mobx@{u}
> git rev-list --left-right mobx...refs/remotes/origin/mobx
> git rev-list --left-right mobx...refs/remotes/origin/mobx
> git for-each-ref --format %(refname) %(objectname) --sort -committerdate
> git remote --verbose
> git for-each-ref --format %(refname) %(objectname) --sort -committerdate
> git remote --verbose
> git fetch
> git fetch
> git fetch
> git show :optimized-list.js
> git status -z -u
> git status -z -u
> git status -z -u
> git symbolic-ref --short HEAD
> git symbolic-ref --short HEAD
> git symbolic-ref --short HEAD
> git rev-parse mobx
> git rev-parse mobx
> git rev-parse mobx
> git rev-parse --symbolic-full-name mobx@{u}
> git rev-parse --symbolic-full-name mobx@{u}
> git rev-list --left-right mobx...refs/remotes/origin/mobx
> git rev-parse --symbolic-full-name mobx@{u}
> git rev-list --left-right mobx...refs/remotes/origin/mobx
> git rev-list --left-right mobx...refs/remotes/origin/mobx
> git for-each-ref --format %(refname) %(objectname) --sort -committerdate
> git remote --verbose
> git for-each-ref --format %(refname) %(objectname) --sort -committerdate
> git remote --verbose
> git for-each-ref --format %(refname) %(objectname) --sort -committerdate
> git remote --verbose
> git show :optimized-list.js
> git status -z -u
> git symbolic-ref --short HEAD
> git rev-parse mobx
> git rev-parse --symbolic-full-name mobx@{u}
> git rev-list --left-right mobx...refs/remotes/origin/mobx
> git for-each-ref --format %(refname) %(objectname) --sort -committerdate
> git remote --verbose
> git status -z -u
> git status -z -u
> git symbolic-ref --short HEAD
> git symbolic-ref --short HEAD
> git rev-parse mobx
> git rev-parse mobx
> git rev-parse --symbolic-full-name mobx@{u}
> git rev-parse --symbolic-full-name mobx@{u}
> git rev-list --left-right mobx...refs/remotes/origin/mobx
> git rev-list --left-right mobx...refs/remotes/origin/mobx
> git for-each-ref --format %(refname) %(objectname) --sort -committerdate
> git remote --verbose
> git for-each-ref --format %(refname) %(objectname) --sort -committerdate
> git remote --verbose
> git ls-tree -l HEAD -- b:\dev\scan-app-desktop\src\views\search-form.js
> git show e92f218995e4292856554f769c94680d4a5aac39
> git show HEAD:search-form.js
> git status -z -u
> git symbolic-ref --short HEAD
> git rev-parse mobx
> git rev-parse --symbolic-full-name mobx@{u}
> git rev-list --left-right mobx...refs/remotes/origin/mobx
> git for-each-ref --format %(refname) %(objectname) --sort -committerdate
> git remote --verbose
> git ls-tree -l HEAD -- b:\dev\scan-app-desktop\src\views\optimized-list.js
> git show 49983195aac75578ada0e16d1ad6fa1fc31e35d5
> git show HEAD:optimized-list.js
> git status -z -u
> git status -z -u
> git symbolic-ref --short HEAD
> git symbolic-ref --short HEAD
> git rev-parse mobx
> git rev-parse mobx
> git rev-parse --symbolic-full-name mobx@{u}
> git rev-parse --symbolic-full-name mobx@{u}
> git rev-list --left-right mobx...refs/remotes/origin/mobx
> git rev-list --left-right mobx...refs/remotes/origin/mobx
> git for-each-ref --format %(refname) %(objectname) --sort -committerdate
> git remote --verbose
> git for-each-ref --format %(refname) %(objectname) --sort -committerdate
> git remote --verbose
> git status -z -u
> git status -z -u
> git symbolic-ref --short HEAD
> git rev-parse mobx
> git symbolic-ref --short HEAD
> git rev-parse --symbolic-full-name mobx@{u}
> git rev-parse mobx
> git rev-list --left-right mobx...refs/remotes/origin/mobx
> git rev-parse --symbolic-full-name mobx@{u}
> git for-each-ref --format %(refname) %(objectname) --sort -committerdate
> git remote --verbose
> git rev-list --left-right mobx...refs/remotes/origin/mobx
> git for-each-ref --format %(refname) %(objectname) --sort -committerdate
> git remote --verbose
> git status -z -u
> git symbolic-ref --short HEAD
> git status -z -u
> git ls-tree -l HEAD -- b:\dev\scan-app-desktop\src\views\search-form.js
> git rev-parse mobx
> git show e92f218995e4292856554f769c94680d4a5aac39
> git rev-parse --symbolic-full-name mobx@{u}
> git symbolic-ref --short HEAD
> git rev-list --left-right mobx...refs/remotes/origin/mobx
> git rev-parse mobx
> git for-each-ref --format %(refname) %(objectname) --sort -committerdate
> git remote --verbose
> git rev-parse --symbolic-full-name mobx@{u}
> git rev-list --left-right mobx...refs/remotes/origin/mobx
> git for-each-ref --format %(refname) %(objectname) --sort -committerdate
> git remote --verbose
> git status -z -u
> git symbolic-ref --short HEAD
> git rev-parse mobx
> git rev-parse --symbolic-full-name mobx@{u}
> git rev-list --left-right mobx...refs/remotes/origin/mobx
> git status -z -u
> git for-each-ref --format %(refname) %(objectname) --sort -committerdate
> git remote --verbose
> git symbolic-ref --short HEAD
> git rev-parse mobx
> git rev-parse --symbolic-full-name mobx@{u}
> git rev-list --left-right mobx...refs/remotes/origin/mobx
> git for-each-ref --format %(refname) %(objectname) --sort -committerdate
> git remote --verbose
> git show :optimized-list.js
git.stage 1
git.stage.scmResources 1
> git add -A -- b:\dev\scan-app-desktop\src\views\optimized-list.js
> git fetch
> git status -z -u
> git fetch
> git symbolic-ref --short HEAD
> git rev-parse mobx
> git rev-parse --symbolic-full-name mobx@{u}
> git show :optimized-list.js
> git rev-list --left-right mobx...refs/remotes/origin/mobx
> git for-each-ref --format %(refname) %(objectname) --sort -committerdate
> git remote --verbose
> git fetch
> git status -z -u
> git status -z -u
> git symbolic-ref --short HEAD
> git symbolic-ref --short HEAD
> git rev-parse mobx
> git rev-parse mobx
> git rev-parse --symbolic-full-name mobx@{u}
> git rev-parse --symbolic-full-name mobx@{u}
> git rev-list --left-right mobx...refs/remotes/origin/mobx
> git rev-list --left-right mobx...refs/remotes/origin/mobx
> git for-each-ref --format %(refname) %(objectname) --sort -committerdate
> git remote --verbose
> git for-each-ref --format %(refname) %(objectname) --sort -committerdate
> git remote --verbose
> git show :optimized-list.js
> git status -z -u
> git symbolic-ref --short HEAD
> git rev-parse mobx
> git rev-parse --symbolic-full-name mobx@{u}
> git rev-list --left-right mobx...refs/remotes/origin/mobx
> git for-each-ref --format %(refname) %(objectname) --sort -committerdate
> git remote --verbose
> git status -z -u
> git show :optimized-list.js
> git symbolic-ref --short HEAD
> git rev-parse mobx
> git rev-parse --symbolic-full-name mobx@{u}
> git rev-list --left-right mobx...refs/remotes/origin/mobx
> git for-each-ref --format %(refname) %(objectname) --sort -committerdate
> git remote --verbose
> git commit --quiet --allow-empty-message --file -
> git status -z -u
> git symbolic-ref --short HEAD
> git rev-parse mobx
> git rev-parse --symbolic-full-name mobx@{u}
> git rev-list --left-right mobx...refs/remotes/origin/mobx
> git for-each-ref --format %(refname) %(objectname) --sort -committerdate
> git remote --verbose
> git config --get commit.template
> git status -z -u
> git show :optimized-list.js
> git symbolic-ref --short HEAD
> git rev-parse mobx
> git rev-parse --symbolic-full-name mobx@{u}
> git rev-list --left-right mobx...refs/remotes/origin/mobx
> git for-each-ref --format %(refname) %(objectname) --sort -committerdate
> git remote --verbose
> git ls-tree -l HEAD -- b:\dev\scan-app-desktop\src\core\components\search.js
> git show c6e8448d8554e83e6f0476d4d61985b43c0d668a
> git show HEAD:components/search.js
> git status -z -u
> git status -z -u
> git symbolic-ref --short HEAD
> git rev-parse mobx
> git symbolic-ref --short HEAD
> git rev-parse --symbolic-full-name mobx@{u}
> git rev-parse mobx
> git rev-list --left-right mobx...refs/remotes/origin/mobx
> git rev-parse --symbolic-full-name mobx@{u}
> git for-each-ref --format %(refname) %(objectname) --sort -committerdate
> git remote --verbose
> git rev-list --left-right mobx...refs/remotes/origin/mobx
> git show :optimized-list.js
> git for-each-ref --format %(refname) %(objectname) --sort -committerdate
> git remote --verbose
> git ls-tree -l HEAD -- b:\dev\scan-app-desktop\src\renderer\index.js
> git show 9a3d9326c1bcd8288024d5e3fa9b2e17d99ed25e
> git show HEAD:src/renderer/index.js
git.stage 1
git.stage.scmResources 1
> git add -A -- b:\dev\scan-app-desktop\src\renderer\index.js
> git status -z -u
> git symbolic-ref --short HEAD
> git rev-parse mobx
> git rev-parse --symbolic-full-name mobx@{u}
> git rev-list --left-right mobx...refs/remotes/origin/mobx
> git for-each-ref --format %(refname) %(objectname) --sort -committerdate
> git remote --verbose
> git show :src/renderer/index.js
> git diff -- b:\dev\scan-app-desktop\src\views
> git status -z -u
> git symbolic-ref --short HEAD
> git rev-parse mobx
> git rev-parse --symbolic-full-name mobx@{u}
> git rev-list --left-right mobx...refs/remotes/origin/mobx
> git for-each-ref --format %(refname) %(objectname) --sort -committerdate
> git remote --verbose
git.stage 1
git.stage.scmResources 1
> git add -A -- b:\dev\scan-app-desktop\src\views
> git status -z -u
> git symbolic-ref --short HEAD
> git rev-parse mobx
> git rev-parse --symbolic-full-name mobx@{u}
> git rev-list --left-right mobx...refs/remotes/origin/mobx
> git for-each-ref --format %(refname) %(objectname) --sort -committerdate
> git remote --verbose
> git commit --quiet --allow-empty-message --file -
> git status -z -u
> git symbolic-ref --short HEAD
> git rev-parse mobx
> git rev-parse --symbolic-full-name mobx@{u}
> git rev-list --left-right mobx...refs/remotes/origin/mobx
> git for-each-ref --format %(refname) %(objectname) --sort -committerdate
> git remote --verbose
> git config --get commit.template
> git pull --tags -r origin mobx
> git pull --tags -r origin mobx
> git pull --tags -r origin mobx
From gitlab.com:chipta/scan-app-views
 * branch            mobx       -> FETCH_HEAD
> git push origin mobx:mobx
From gitlab.com:chipta/scan-app-core
 * branch            mobx       -> FETCH_HEAD
> git push origin mobx:mobx
From gitlab.com:chipta/scan-app-desktop
 * branch            mobx       -> FETCH_HEAD
> git push origin mobx:mobx
remote: 
remote: To create a merge request for mobx, visit:        
remote:   https://gitlab.com/chipta/scan-app-views/merge_requests/new/mobx        
remote: 
To gitlab.com:chipta/scan-app-views.git
   3019230..499a257  mobx -> mobx
> git status -z -u
> git symbolic-ref --short HEAD
> git rev-parse mobx
> git rev-parse --symbolic-full-name mobx@{u}
> git rev-list --left-right mobx...refs/remotes/origin/mobx
> git for-each-ref --format %(refname) %(objectname) --sort -committerdate
> git remote --verbose
remote: 
remote: To create a merge request for mobx, visit:        
remote:   https://gitlab.com/chipta/scan-app-core/merge_requests/new/mobx        
remote: 
To gitlab.com:chipta/scan-app-core.git
   1906711..9f58ae4  mobx -> mobx
> git status -z -u
> git symbolic-ref --short HEAD
> git rev-parse mobx
remote: 
remote: To create a merge request for mobx, visit:        
remote:   https://gitlab.com/chipta/scan-app-desktop/merge_requests/new/mobx        
remote: 
To gitlab.com:chipta/scan-app-desktop.git
   8697cfc..9ade774  mobx -> mobx
> git status -z -u
> git rev-parse --symbolic-full-name mobx@{u}
> git rev-list --left-right mobx...refs/remotes/origin/mobx
> git symbolic-ref --short HEAD
> git for-each-ref --format %(refname) %(objectname) --sort -committerdate
> git remote --verbose
> git rev-parse mobx
> git rev-parse --symbolic-full-name mobx@{u}
> git rev-list --left-right mobx...refs/remotes/origin/mobx
> git for-each-ref --format %(refname) %(objectname) --sort -committerdate
> git remote --verbose
> git status -z -u
> git symbolic-ref --short HEAD
> git rev-parse mobx
> git rev-parse --symbolic-full-name mobx@{u}
> git rev-list --left-right mobx...refs/remotes/origin/mobx
> git for-each-ref --format %(refname) %(objectname) --sort -committerdate
> git remote --verbose
> git fetch
> git fetch
> git fetch
> git status -z -u
> git status -z -u
> git symbolic-ref --short HEAD
> git rev-parse mobx
> git symbolic-ref --short HEAD
> git rev-parse --symbolic-full-name mobx@{u}
> git rev-parse mobx
> git rev-list --left-right mobx...refs/remotes/origin/mobx
> git rev-parse --symbolic-full-name mobx@{u}
> git for-each-ref --format %(refname) %(objectname) --sort -committerdate
> git remote --verbose
> git rev-list --left-right mobx...refs/remotes/origin/mobx
> git for-each-ref --format %(refname) %(objectname) --sort -committerdate
> git remote --verbose
> git status -z -u
> git symbolic-ref --short HEAD
> git rev-parse mobx
> git rev-parse --symbolic-full-name mobx@{u}
> git rev-list --left-right mobx...refs/remotes/origin/mobx
> git for-each-ref --format %(refname) %(objectname) --sort -committerdate
> git remote --verbose
> git status -z -u
> git symbolic-ref --short HEAD
> git rev-parse mobx
> git rev-parse --symbolic-full-name mobx@{u}
> git rev-list --left-right mobx...refs/remotes/origin/mobx
> git for-each-ref --format %(refname) %(objectname) --sort -committerdate
> git remote --verbose
> git show :optimized-list.js
> git fetch
> git fetch
> git fetch
> git status -z -u
> git symbolic-ref --short HEAD
> git status -z -u
> git rev-parse mobx
> git rev-parse --symbolic-full-name mobx@{u}
> git symbolic-ref --short HEAD
> git rev-list --left-right mobx...refs/remotes/origin/mobx
> git rev-parse mobx
> git rev-parse --symbolic-full-name mobx@{u}
> git for-each-ref --format %(refname) %(objectname) --sort -committerdate
> git remote --verbose
> git rev-list --left-right mobx...refs/remotes/origin/mobx
> git for-each-ref --format %(refname) %(objectname) --sort -committerdate
> git remote --verbose
> git show :optimized-list.js
> git status -z -u
> git symbolic-ref --short HEAD
> git rev-parse mobx
> git rev-parse --symbolic-full-name mobx@{u}
> git rev-list --left-right mobx...refs/remotes/origin/mobx
> git for-each-ref --format %(refname) %(objectname) --sort -committerdate
> git remote --verbose
> git status -z -u
> git show :optimized-list.js
> git symbolic-ref --short HEAD
> git rev-parse mobx
> git rev-parse --symbolic-full-name mobx@{u}
> git rev-list --left-right mobx...refs/remotes/origin/mobx
> git for-each-ref --format %(refname) %(objectname) --sort -committerdate
> git remote --verbose
