[2018-11-06 13:01:33.268] [sharedprocess] [info] main {"machineId":"0157fa6fb1142a65ad944c8efba470ab85f1342ffdcd801b486adab886e8fa7f"}
[2018-11-06 13:01:34.945] [sharedprocess] [info] Scanned user extensions: 17
[2018-11-06 13:01:34.997] [sharedprocess] [info] Scanned user extensions: 17
[2018-11-06 13:01:34.998] [sharedprocess] [info] Scanned user extensions: 17
[2018-11-06 13:01:36.412] [sharedprocess] [info] Scanned system extensions: 71
[2018-11-06 13:01:36.421] [sharedprocess] [info] Scanned system extensions: 71
[2018-11-06 13:01:36.672] [sharedprocess] [info] Deleted from disk dbaeumer.vscode-eslint-1.6.1
[2018-11-06 13:01:36.750] [sharedprocess] [info] Scanned user extensions: 17
[2018-11-06 13:02:13.279] [sharedprocess] [info] Starting to clean up unused language packs.
[2018-11-06 13:06:37.838] [sharedprocess] [info] Scanned user extensions: 17
[2018-11-06 13:11:38.883] [sharedprocess] [info] Scanned user extensions: 17
[2018-11-06 13:16:39.948] [sharedprocess] [info] Scanned user extensions: 17
[2018-11-06 13:21:40.997] [sharedprocess] [info] Scanned user extensions: 17
[2018-11-06 13:26:42.043] [sharedprocess] [info] Scanned user extensions: 17
[2018-11-06 13:31:43.089] [sharedprocess] [info] Scanned user extensions: 17
[2018-11-06 13:36:44.139] [sharedprocess] [info] Scanned user extensions: 17
[2018-11-06 13:41:45.214] [sharedprocess] [info] Scanned user extensions: 17
[2018-11-06 13:46:46.265] [sharedprocess] [info] Scanned user extensions: 17
[2018-11-06 13:51:47.308] [sharedprocess] [info] Scanned user extensions: 17
[2018-11-06 13:56:48.447] [sharedprocess] [info] Scanned user extensions: 17
[2018-11-06 14:01:48.827] [sharedprocess] [info] Scanned user extensions: 17
[2018-11-06 14:06:48.868] [sharedprocess] [info] Scanned user extensions: 17
[2018-11-06 14:11:48.905] [sharedprocess] [info] Scanned user extensions: 17
[2018-11-06 14:16:48.942] [sharedprocess] [info] Scanned user extensions: 17
[2018-11-06 14:21:48.986] [sharedprocess] [info] Scanned user extensions: 17
[2018-11-06 14:26:49.024] [sharedprocess] [info] Scanned user extensions: 17
[2018-11-06 14:31:49.081] [sharedprocess] [info] Scanned user extensions: 17
[2018-11-06 14:36:49.124] [sharedprocess] [info] Scanned user extensions: 17
[2018-11-06 14:41:49.170] [sharedprocess] [info] Scanned user extensions: 17
[2018-11-06 14:46:49.208] [sharedprocess] [info] Scanned user extensions: 17
[2018-11-06 14:51:49.251] [sharedprocess] [info] Scanned user extensions: 17
[2018-11-06 14:56:49.290] [sharedprocess] [info] Scanned user extensions: 17
[2018-11-06 15:01:49.387] [sharedprocess] [info] Scanned user extensions: 17
[2018-11-06 15:06:49.424] [sharedprocess] [info] Scanned user extensions: 17
[2018-11-06 15:11:49.465] [sharedprocess] [info] Scanned user extensions: 17
[2018-11-06 15:16:49.504] [sharedprocess] [info] Scanned user extensions: 17
[2018-11-06 15:21:49.551] [sharedprocess] [info] Scanned user extensions: 17
[2018-11-06 15:26:49.634] [sharedprocess] [info] Scanned user extensions: 17
[2018-11-06 15:31:49.684] [sharedprocess] [info] Scanned user extensions: 17
[2018-11-06 15:36:49.739] [sharedprocess] [info] Scanned user extensions: 17
[2018-11-06 15:41:49.802] [sharedprocess] [info] Scanned user extensions: 17
[2018-11-06 15:46:49.836] [sharedprocess] [info] Scanned user extensions: 17
[2018-11-06 15:51:49.870] [sharedprocess] [info] Scanned user extensions: 17
[2018-11-06 15:51:52.076] [sharedprocess] [info] Scanned user extensions: 17
[2018-11-06 15:51:52.424] [sharedprocess] [info] Scanned system extensions: 71
[2018-11-06 15:51:59.750] [sharedprocess] [info] Installing extension: line-counter
[2018-11-06 15:51:59.783] [sharedprocess] [info] Scanned user extensions: 17
[2018-11-06 15:52:00.058] [sharedprocess] [info] Downloaded extension: line-counter C:\Users\DJ\AppData\Local\Temp\2c5ce4ee-5c6a-474c-acff-dd7ace4313a5
[2018-11-06 15:52:00.157] [sharedprocess] [info] Extracted extension to C:\Users\DJ\.vscode\extensions\.dollyn.line-counter-0.5.2: dollyn.line-counter-0.5.2
[2018-11-06 15:52:00.158] [sharedprocess] [info] Renamed to C:\Users\DJ\.vscode\extensions\dollyn.line-counter-0.5.2
[2018-11-06 15:52:00.158] [sharedprocess] [info] Installation completed. dollyn.line-counter-0.5.2
[2018-11-06 15:52:00.174] [sharedprocess] [info] Extensions installed successfully: dollyn.line-counter
[2018-11-06 15:52:00.333] [sharedprocess] [info] Scanned user extensions: 18
[2018-11-06 15:52:00.410] [sharedprocess] [info] Scanned system extensions: 71
[2018-11-06 15:52:07.236] [sharedprocess] [info] Scanned user extensions: 18
[2018-11-06 15:52:07.237] [sharedprocess] [info] Scanned user extensions: 18
[2018-11-06 15:52:07.291] [sharedprocess] [info] Scanned system extensions: 71
[2018-11-06 15:52:08.638] [sharedprocess] [info] Scanned user extensions: 18
[2018-11-06 15:52:14.466] [sharedprocess] [info] Scanned user extensions: 18
[2018-11-06 15:52:14.656] [sharedprocess] [info] Scanned user extensions: 18
[2018-11-06 15:52:14.657] [sharedprocess] [info] Scanned user extensions: 18
[2018-11-06 15:52:14.659] [sharedprocess] [info] Scanned user extensions: 18
[2018-11-06 15:52:14.824] [sharedprocess] [info] Scanned system extensions: 71
[2018-11-06 15:52:14.834] [sharedprocess] [info] Scanned system extensions: 71
[2018-11-06 15:52:14.845] [sharedprocess] [info] Scanned system extensions: 71
[2018-11-06 15:57:08.753] [sharedprocess] [info] Scanned user extensions: 18
[2018-11-06 16:02:08.877] [sharedprocess] [info] Scanned user extensions: 18
[2018-11-06 16:07:08.937] [sharedprocess] [info] Scanned user extensions: 18
[2018-11-06 16:09:07.342] [sharedprocess] [info] Scanned user extensions: 18
[2018-11-06 16:09:07.342] [sharedprocess] [info] Uninstalling extension: dollyn.line-counter-0.5.2
[2018-11-06 16:09:07.368] [sharedprocess] [info] Scanned user extensions: 18
[2018-11-06 16:09:07.388] [sharedprocess] [info] Successfully uninstalled extension: dollyn.line-counter-0.5.2
[2018-11-06 16:09:07.753] [sharedprocess] [info] Scanned user extensions: 17
[2018-11-06 16:09:07.789] [sharedprocess] [info] Scanned system extensions: 71
[2018-11-06 16:09:12.192] [sharedprocess] [info] Scanned user extensions: 17
[2018-11-06 16:09:12.225] [sharedprocess] [info] Scanned user extensions: 17
[2018-11-06 16:09:12.281] [sharedprocess] [info] Scanned system extensions: 71
[2018-11-06 16:09:13.122] [sharedprocess] [info] Scanned user extensions: 17
[2018-11-06 16:09:19.584] [sharedprocess] [info] Scanned user extensions: 17
[2018-11-06 16:09:20.036] [sharedprocess] [info] Scanned user extensions: 17
[2018-11-06 16:09:20.115] [sharedprocess] [info] Scanned user extensions: 17
[2018-11-06 16:09:20.235] [sharedprocess] [info] Scanned user extensions: 17
[2018-11-06 16:09:20.328] [sharedprocess] [info] Scanned system extensions: 71
[2018-11-06 16:09:20.339] [sharedprocess] [info] Scanned system extensions: 71
[2018-11-06 16:09:20.353] [sharedprocess] [info] Scanned system extensions: 71
[2018-11-06 16:14:13.280] [sharedprocess] [info] Scanned user extensions: 17
[2018-11-06 16:19:13.322] [sharedprocess] [info] Scanned user extensions: 17
[2018-11-06 16:24:13.367] [sharedprocess] [info] Scanned user extensions: 17
[2018-11-06 16:29:13.418] [sharedprocess] [info] Scanned user extensions: 17
[2018-11-06 16:34:13.455] [sharedprocess] [info] Scanned user extensions: 17
[2018-11-06 16:39:13.493] [sharedprocess] [info] Scanned user extensions: 17
[2018-11-06 16:44:13.530] [sharedprocess] [info] Scanned user extensions: 17
[2018-11-06 16:49:13.570] [sharedprocess] [info] Scanned user extensions: 17
[2018-11-06 16:54:13.617] [sharedprocess] [info] Scanned user extensions: 17
[2018-11-06 16:59:13.655] [sharedprocess] [info] Scanned user extensions: 17
[2018-11-06 17:04:13.775] [sharedprocess] [info] Scanned user extensions: 17
[2018-11-06 17:09:13.814] [sharedprocess] [info] Scanned user extensions: 17
[2018-11-06 17:14:13.856] [sharedprocess] [info] Scanned user extensions: 17
[2018-11-06 17:19:13.895] [sharedprocess] [info] Scanned user extensions: 17
[2018-11-06 17:24:13.934] [sharedprocess] [info] Scanned user extensions: 17
[2018-11-06 17:29:13.974] [sharedprocess] [info] Scanned user extensions: 17
[2018-11-06 17:34:14.012] [sharedprocess] [info] Scanned user extensions: 17
[2018-11-06 17:39:14.054] [sharedprocess] [info] Scanned user extensions: 17
[2018-11-06 17:44:14.092] [sharedprocess] [info] Scanned user extensions: 17
[2018-11-06 17:49:14.139] [sharedprocess] [info] Scanned user extensions: 17
[2018-11-06 17:54:14.177] [sharedprocess] [info] Scanned user extensions: 17
[2018-11-06 17:59:14.213] [sharedprocess] [info] Scanned user extensions: 17
[2018-11-06 18:04:14.302] [sharedprocess] [info] Scanned user extensions: 17
[2018-11-06 18:09:14.338] [sharedprocess] [info] Scanned user extensions: 17
[2018-11-06 18:14:14.379] [sharedprocess] [info] Scanned user extensions: 17
[2018-11-06 18:19:14.420] [sharedprocess] [info] Scanned user extensions: 17
[2018-11-06 18:24:14.463] [sharedprocess] [info] Scanned user extensions: 17
[2018-11-06 18:29:14.509] [sharedprocess] [info] Scanned user extensions: 17
[2018-11-06 18:34:14.600] [sharedprocess] [info] Scanned user extensions: 17
[2018-11-06 18:39:14.642] [sharedprocess] [info] Scanned user extensions: 17
[2018-11-06 18:44:14.732] [sharedprocess] [info] Scanned user extensions: 17
[2018-11-06 18:49:14.775] [sharedprocess] [info] Scanned user extensions: 17
[2018-11-06 18:54:14.817] [sharedprocess] [info] Scanned user extensions: 17
[2018-11-06 18:59:15.018] [sharedprocess] [info] Scanned user extensions: 17
[2018-11-06 19:04:15.112] [sharedprocess] [info] Scanned user extensions: 17
[2018-11-06 19:09:15.154] [sharedprocess] [info] Scanned user extensions: 17
[2018-11-06 19:14:15.225] [sharedprocess] [info] Scanned user extensions: 17
[2018-11-06 19:19:15.264] [sharedprocess] [info] Scanned user extensions: 17
[2018-11-06 19:24:15.304] [sharedprocess] [info] Scanned user extensions: 17
[2018-11-06 19:29:15.343] [sharedprocess] [info] Scanned user extensions: 17
[2018-11-06 19:34:15.376] [sharedprocess] [info] Scanned user extensions: 17
[2018-11-06 19:39:15.434] [sharedprocess] [info] Scanned user extensions: 17
[2018-11-06 19:44:15.475] [sharedprocess] [info] Scanned user extensions: 17
[2018-11-06 19:49:15.518] [sharedprocess] [info] Scanned user extensions: 17
[2018-11-06 19:54:15.557] [sharedprocess] [info] Scanned user extensions: 17
[2018-11-06 19:59:15.666] [sharedprocess] [info] Scanned user extensions: 17
[2018-11-06 20:04:15.830] [sharedprocess] [info] Scanned user extensions: 17
[2018-11-06 20:09:15.984] [sharedprocess] [info] Scanned user extensions: 17
[2018-11-06 20:14:16.800] [sharedprocess] [info] Scanned user extensions: 17
