[2018-11-09 12:48:56.138] [exthost] [info] extension host started
[2018-11-09 12:48:56.244] [exthost] [info] ExtensionService#_doActivateExtension vscode.debug-auto-launch {"startup":true,"activationEvent":"*"}
[2018-11-09 12:48:56.244] [exthost] [info] ExtensionService#loadCommonJSModule c:\Users\DJ\AppData\Local\Programs\Microsoft VS Code\resources\app\extensions\debug-auto-launch\dist\extension
[2018-11-09 12:48:56.386] [exthost] [info] ExtensionService#_doActivateExtension vscode.emmet {"startup":true,"activationEvent":"*"}
[2018-11-09 12:48:56.386] [exthost] [info] ExtensionService#loadCommonJSModule c:\Users\DJ\AppData\Local\Programs\Microsoft VS Code\resources\app\extensions\emmet\dist\extension
[2018-11-09 12:48:56.591] [exthost] [info] ExtensionService#_doActivateExtension vscode.git {"startup":true,"activationEvent":"*"}
[2018-11-09 12:48:56.591] [exthost] [info] ExtensionService#loadCommonJSModule c:\Users\DJ\AppData\Local\Programs\Microsoft VS Code\resources\app\extensions\git\dist\main
[2018-11-09 12:48:57.477] [exthost] [info] ExtensionService#_doActivateExtension vscode.merge-conflict {"startup":true,"activationEvent":"*"}
[2018-11-09 12:48:57.477] [exthost] [info] ExtensionService#loadCommonJSModule c:\Users\DJ\AppData\Local\Programs\Microsoft VS Code\resources\app\extensions\merge-conflict\dist\extension
[2018-11-09 12:48:57.654] [exthost] [info] ExtensionService#_doActivateExtension vscode.search-rg {"startup":true,"activationEvent":"*"}
[2018-11-09 12:48:57.654] [exthost] [info] ExtensionService#loadCommonJSModule c:\Users\DJ\AppData\Local\Programs\Microsoft VS Code\resources\app\extensions\search-rg\dist\extension
[2018-11-09 12:48:57.904] [exthost] [info] ExtensionService#_doActivateExtension dbaeumer.vscode-eslint {"startup":true,"activationEvent":"*"}
[2018-11-09 12:48:57.904] [exthost] [info] ExtensionService#loadCommonJSModule C:\Users\DJ\.vscode\extensions\dbaeumer.vscode-eslint-1.7.0\client\out\extension
[2018-11-09 12:49:02.760] [exthost] [info] ExtensionService#_doActivateExtension Equinusocio.vsc-material-theme {"startup":true,"activationEvent":"*"}
[2018-11-09 12:49:02.761] [exthost] [info] ExtensionService#loadCommonJSModule C:\Users\DJ\.vscode\extensions\equinusocio.vsc-material-theme-2.5.1\extensions\material.theme.config.js
[2018-11-09 12:49:04.494] [exthost] [info] ExtensionService#_doActivateExtension kisstkondoros.vscode-codemetrics {"startup":true,"activationEvent":"*"}
[2018-11-09 12:49:04.494] [exthost] [info] ExtensionService#loadCommonJSModule C:\Users\DJ\.vscode\extensions\kisstkondoros.vscode-codemetrics-1.17.3\out\src\extension
[2018-11-09 12:49:11.394] [exthost] [info] ExtensionService#_doActivateExtension naumovs.color-highlight {"startup":true,"activationEvent":"*"}
[2018-11-09 12:49:11.394] [exthost] [info] ExtensionService#loadCommonJSModule C:\Users\DJ\.vscode\extensions\naumovs.color-highlight-2.3.0\dist\extension
[2018-11-09 12:49:11.564] [exthost] [info] ExtensionService#_doActivateExtension PKief.material-icon-theme {"startup":true,"activationEvent":"*"}
[2018-11-09 12:49:11.564] [exthost] [info] ExtensionService#loadCommonJSModule C:\Users\DJ\.vscode\extensions\pkief.material-icon-theme-3.6.0\out\src\extension
[2018-11-09 12:49:14.605] [exthost] [info] eager extensions activated
[2018-11-09 12:49:14.612] [exthost] [info] ExtensionService#_doActivateExtension vscode.typescript-language-features {"startup":false,"activationEvent":"onLanguage:javascript"}
[2018-11-09 12:49:14.612] [exthost] [info] ExtensionService#loadCommonJSModule c:\Users\DJ\AppData\Local\Programs\Microsoft VS Code\resources\app\extensions\typescript-language-features\dist\extension
[2018-11-09 12:49:14.933] [exthost] [info] ExtensionService#_doActivateExtension christian-kohler.npm-intellisense {"startup":false,"activationEvent":"onLanguage:javascript"}
[2018-11-09 12:49:14.933] [exthost] [info] ExtensionService#loadCommonJSModule C:\Users\DJ\.vscode\extensions\christian-kohler.npm-intellisense-1.3.0\out\src\extension
[2018-11-09 12:49:15.377] [exthost] [info] ExtensionService#_doActivateExtension mgmcdermott.vscode-language-babel {"startup":false,"activationEvent":"onLanguage:javascript"}
[2018-11-09 12:49:15.377] [exthost] [info] ExtensionService#loadCommonJSModule C:\Users\DJ\.vscode\extensions\mgmcdermott.vscode-language-babel-0.0.21\dist\extension
[2018-11-09 14:19:22.219] [exthost] [info] ExtensionService#_doActivateExtension annsk.alignment {"startup":false,"activationEvent":"onCommand:alignment.align"}
[2018-11-09 14:19:22.219] [exthost] [info] ExtensionService#loadCommonJSModule C:\Users\DJ\.vscode\extensions\annsk.alignment-0.3.0\out\src\extension
[2018-11-09 17:10:38.750] [exthost] [info] ExtensionService#_doActivateExtension vscode.extension-editing {"startup":false,"activationEvent":"onLanguage:markdown"}
[2018-11-09 17:10:38.750] [exthost] [info] ExtensionService#loadCommonJSModule c:\Users\DJ\AppData\Local\Programs\Microsoft VS Code\resources\app\extensions\extension-editing\dist\extension
[2018-11-09 17:10:39.066] [exthost] [info] ExtensionService#_doActivateExtension vscode.markdown-language-features {"startup":false,"activationEvent":"onLanguage:markdown"}
[2018-11-09 17:10:39.066] [exthost] [info] ExtensionService#loadCommonJSModule c:\Users\DJ\AppData\Local\Programs\Microsoft VS Code\resources\app\extensions\markdown-language-features\dist\extension
[2018-11-09 17:15:05.796] [exthost] [info] ExtensionService#_doActivateExtension vscode.configuration-editing {"startup":false,"activationEvent":"onLanguage:jsonc"}
[2018-11-09 17:15:05.796] [exthost] [info] ExtensionService#loadCommonJSModule c:\Users\DJ\AppData\Local\Programs\Microsoft VS Code\resources\app\extensions\configuration-editing\dist\extension
[2018-11-09 17:15:05.982] [exthost] [info] ExtensionService#_doActivateExtension vscode.json-language-features {"startup":false,"activationEvent":"onLanguage:jsonc"}
[2018-11-09 17:15:05.982] [exthost] [info] ExtensionService#loadCommonJSModule c:\Users\DJ\AppData\Local\Programs\Microsoft VS Code\resources\app\extensions\json-language-features\client\dist\jsonMain
[2018-11-09 17:16:17.026] [exthost] [info] ExtensionService#_doActivateExtension richie5um2.vscode-sort-json {"startup":false,"activationEvent":"onCommand:sortJSON.sortJSON"}
[2018-11-09 17:16:17.026] [exthost] [info] ExtensionService#loadCommonJSModule C:\Users\DJ\.vscode\extensions\richie5um2.vscode-sort-json-1.13.0\lib\index.js
[2018-11-09 17:20:27.599] [exthost] [info] extension host started
[2018-11-09 17:20:27.683] [exthost] [info] ExtensionService#_doActivateExtension vscode.debug-auto-launch {"startup":true,"activationEvent":"*"}
[2018-11-09 17:20:27.683] [exthost] [info] ExtensionService#loadCommonJSModule c:\Users\DJ\AppData\Local\Programs\Microsoft VS Code\resources\app\extensions\debug-auto-launch\dist\extension
[2018-11-09 17:20:27.858] [exthost] [info] ExtensionService#_doActivateExtension vscode.emmet {"startup":true,"activationEvent":"*"}
[2018-11-09 17:20:27.858] [exthost] [info] ExtensionService#loadCommonJSModule c:\Users\DJ\AppData\Local\Programs\Microsoft VS Code\resources\app\extensions\emmet\dist\extension
[2018-11-09 17:20:27.970] [exthost] [info] ExtensionService#_doActivateExtension vscode.git {"startup":true,"activationEvent":"*"}
[2018-11-09 17:20:27.970] [exthost] [info] ExtensionService#loadCommonJSModule c:\Users\DJ\AppData\Local\Programs\Microsoft VS Code\resources\app\extensions\git\dist\main
[2018-11-09 17:20:28.449] [exthost] [info] ExtensionService#_doActivateExtension vscode.merge-conflict {"startup":true,"activationEvent":"*"}
[2018-11-09 17:20:28.449] [exthost] [info] ExtensionService#loadCommonJSModule c:\Users\DJ\AppData\Local\Programs\Microsoft VS Code\resources\app\extensions\merge-conflict\dist\extension
[2018-11-09 17:20:28.520] [exthost] [info] ExtensionService#_doActivateExtension vscode.search-rg {"startup":true,"activationEvent":"*"}
[2018-11-09 17:20:28.520] [exthost] [info] ExtensionService#loadCommonJSModule c:\Users\DJ\AppData\Local\Programs\Microsoft VS Code\resources\app\extensions\search-rg\dist\extension
[2018-11-09 17:20:28.590] [exthost] [info] ExtensionService#_doActivateExtension dbaeumer.vscode-eslint {"startup":true,"activationEvent":"*"}
[2018-11-09 17:20:28.590] [exthost] [info] ExtensionService#loadCommonJSModule C:\Users\DJ\.vscode\extensions\dbaeumer.vscode-eslint-1.7.0\client\out\extension
[2018-11-09 17:20:29.619] [exthost] [info] ExtensionService#_doActivateExtension Equinusocio.vsc-material-theme {"startup":true,"activationEvent":"*"}
[2018-11-09 17:20:29.619] [exthost] [info] ExtensionService#loadCommonJSModule C:\Users\DJ\.vscode\extensions\equinusocio.vsc-material-theme-2.5.1\extensions\material.theme.config.js
[2018-11-09 17:20:29.871] [exthost] [info] ExtensionService#_doActivateExtension kisstkondoros.vscode-codemetrics {"startup":true,"activationEvent":"*"}
[2018-11-09 17:20:29.871] [exthost] [info] ExtensionService#loadCommonJSModule C:\Users\DJ\.vscode\extensions\kisstkondoros.vscode-codemetrics-1.17.3\out\src\extension
[2018-11-09 17:20:31.449] [exthost] [info] ExtensionService#_doActivateExtension naumovs.color-highlight {"startup":true,"activationEvent":"*"}
[2018-11-09 17:20:31.449] [exthost] [info] ExtensionService#loadCommonJSModule C:\Users\DJ\.vscode\extensions\naumovs.color-highlight-2.3.0\dist\extension
[2018-11-09 17:20:31.539] [exthost] [info] ExtensionService#_doActivateExtension PKief.material-icon-theme {"startup":true,"activationEvent":"*"}
[2018-11-09 17:20:31.539] [exthost] [info] ExtensionService#loadCommonJSModule C:\Users\DJ\.vscode\extensions\pkief.material-icon-theme-3.6.0\out\src\extension
[2018-11-09 17:20:32.108] [exthost] [info] eager extensions activated
[2018-11-09 17:20:32.114] [exthost] [info] ExtensionService#_doActivateExtension vscode.configuration-editing {"startup":false,"activationEvent":"onLanguage:jsonc"}
[2018-11-09 17:20:32.114] [exthost] [info] ExtensionService#loadCommonJSModule c:\Users\DJ\AppData\Local\Programs\Microsoft VS Code\resources\app\extensions\configuration-editing\dist\extension
[2018-11-09 17:20:32.125] [exthost] [info] ExtensionService#_doActivateExtension vscode.json-language-features {"startup":false,"activationEvent":"onLanguage:jsonc"}
[2018-11-09 17:20:32.125] [exthost] [info] ExtensionService#loadCommonJSModule c:\Users\DJ\AppData\Local\Programs\Microsoft VS Code\resources\app\extensions\json-language-features\client\dist\jsonMain
[2018-11-09 17:20:32.201] [exthost] [info] ExtensionService#_doActivateExtension vscode.typescript-language-features {"startup":false,"activationEvent":"onLanguage:jsonc"}
[2018-11-09 17:20:32.201] [exthost] [info] ExtensionService#loadCommonJSModule c:\Users\DJ\AppData\Local\Programs\Microsoft VS Code\resources\app\extensions\typescript-language-features\dist\extension
[2018-11-09 17:21:06.586] [exthost] [info] extension host started
[2018-11-09 17:21:06.640] [exthost] [info] ExtensionService#_doActivateExtension vscode.debug-auto-launch {"startup":true,"activationEvent":"*"}
[2018-11-09 17:21:06.640] [exthost] [info] ExtensionService#loadCommonJSModule c:\Users\DJ\AppData\Local\Programs\Microsoft VS Code\resources\app\extensions\debug-auto-launch\dist\extension
[2018-11-09 17:21:06.655] [exthost] [info] ExtensionService#_doActivateExtension vscode.emmet {"startup":true,"activationEvent":"*"}
[2018-11-09 17:21:06.655] [exthost] [info] ExtensionService#loadCommonJSModule c:\Users\DJ\AppData\Local\Programs\Microsoft VS Code\resources\app\extensions\emmet\dist\extension
[2018-11-09 17:21:06.716] [exthost] [info] ExtensionService#_doActivateExtension vscode.git {"startup":true,"activationEvent":"*"}
[2018-11-09 17:21:06.716] [exthost] [info] ExtensionService#loadCommonJSModule c:\Users\DJ\AppData\Local\Programs\Microsoft VS Code\resources\app\extensions\git\dist\main
[2018-11-09 17:21:06.974] [exthost] [info] ExtensionService#_doActivateExtension vscode.merge-conflict {"startup":true,"activationEvent":"*"}
[2018-11-09 17:21:06.974] [exthost] [info] ExtensionService#loadCommonJSModule c:\Users\DJ\AppData\Local\Programs\Microsoft VS Code\resources\app\extensions\merge-conflict\dist\extension
[2018-11-09 17:21:06.990] [exthost] [info] ExtensionService#_doActivateExtension vscode.search-rg {"startup":true,"activationEvent":"*"}
[2018-11-09 17:21:06.990] [exthost] [info] ExtensionService#loadCommonJSModule c:\Users\DJ\AppData\Local\Programs\Microsoft VS Code\resources\app\extensions\search-rg\dist\extension
[2018-11-09 17:21:06.997] [exthost] [info] ExtensionService#_doActivateExtension dbaeumer.vscode-eslint {"startup":true,"activationEvent":"*"}
[2018-11-09 17:21:06.997] [exthost] [info] ExtensionService#loadCommonJSModule C:\Users\DJ\.vscode\extensions\dbaeumer.vscode-eslint-1.7.0\client\out\extension
[2018-11-09 17:21:07.145] [exthost] [info] ExtensionService#_doActivateExtension Equinusocio.vsc-material-theme {"startup":true,"activationEvent":"*"}
[2018-11-09 17:21:07.145] [exthost] [info] ExtensionService#loadCommonJSModule C:\Users\DJ\.vscode\extensions\equinusocio.vsc-material-theme-2.5.1\extensions\material.theme.config.js
[2018-11-09 17:21:07.206] [exthost] [info] ExtensionService#_doActivateExtension kisstkondoros.vscode-codemetrics {"startup":true,"activationEvent":"*"}
[2018-11-09 17:21:07.206] [exthost] [info] ExtensionService#loadCommonJSModule C:\Users\DJ\.vscode\extensions\kisstkondoros.vscode-codemetrics-1.17.3\out\src\extension
[2018-11-09 17:21:07.784] [exthost] [info] ExtensionService#_doActivateExtension naumovs.color-highlight {"startup":true,"activationEvent":"*"}
[2018-11-09 17:21:07.784] [exthost] [info] ExtensionService#loadCommonJSModule C:\Users\DJ\.vscode\extensions\naumovs.color-highlight-2.3.0\dist\extension
[2018-11-09 17:21:07.824] [exthost] [info] ExtensionService#_doActivateExtension PKief.material-icon-theme {"startup":true,"activationEvent":"*"}
[2018-11-09 17:21:07.824] [exthost] [info] ExtensionService#loadCommonJSModule C:\Users\DJ\.vscode\extensions\pkief.material-icon-theme-3.6.0\out\src\extension
[2018-11-09 17:21:07.893] [exthost] [info] eager extensions activated
[2018-11-09 17:21:07.899] [exthost] [info] ExtensionService#_doActivateExtension vscode.configuration-editing {"startup":false,"activationEvent":"onLanguage:jsonc"}
[2018-11-09 17:21:07.899] [exthost] [info] ExtensionService#loadCommonJSModule c:\Users\DJ\AppData\Local\Programs\Microsoft VS Code\resources\app\extensions\configuration-editing\dist\extension
[2018-11-09 17:21:07.913] [exthost] [info] ExtensionService#_doActivateExtension vscode.json-language-features {"startup":false,"activationEvent":"onLanguage:jsonc"}
[2018-11-09 17:21:07.913] [exthost] [info] ExtensionService#loadCommonJSModule c:\Users\DJ\AppData\Local\Programs\Microsoft VS Code\resources\app\extensions\json-language-features\client\dist\jsonMain
[2018-11-09 17:21:07.994] [exthost] [info] ExtensionService#_doActivateExtension vscode.typescript-language-features {"startup":false,"activationEvent":"onLanguage:jsonc"}
[2018-11-09 17:21:07.994] [exthost] [info] ExtensionService#loadCommonJSModule c:\Users\DJ\AppData\Local\Programs\Microsoft VS Code\resources\app\extensions\typescript-language-features\dist\extension
[2018-11-09 17:21:19.251] [exthost] [info] ExtensionService#_doActivateExtension richie5um2.vscode-sort-json {"startup":false,"activationEvent":"onCommand:sortJSON.sortJSON"}
[2018-11-09 17:21:19.251] [exthost] [info] ExtensionService#loadCommonJSModule C:\Users\DJ\.vscode\extensions\richie5um2.vscode-sort-json-1.13.0\lib\index.js
[2018-11-09 17:23:54.974] [exthost] [info] extension host started
[2018-11-09 17:23:55.041] [exthost] [info] ExtensionService#_doActivateExtension vscode.debug-auto-launch {"startup":true,"activationEvent":"*"}
[2018-11-09 17:23:55.041] [exthost] [info] ExtensionService#loadCommonJSModule c:\Users\DJ\AppData\Local\Programs\Microsoft VS Code\resources\app\extensions\debug-auto-launch\dist\extension
[2018-11-09 17:23:55.056] [exthost] [info] ExtensionService#_doActivateExtension vscode.emmet {"startup":true,"activationEvent":"*"}
[2018-11-09 17:23:55.056] [exthost] [info] ExtensionService#loadCommonJSModule c:\Users\DJ\AppData\Local\Programs\Microsoft VS Code\resources\app\extensions\emmet\dist\extension
[2018-11-09 17:23:55.145] [exthost] [info] ExtensionService#_doActivateExtension vscode.git {"startup":true,"activationEvent":"*"}
[2018-11-09 17:23:55.145] [exthost] [info] ExtensionService#loadCommonJSModule c:\Users\DJ\AppData\Local\Programs\Microsoft VS Code\resources\app\extensions\git\dist\main
[2018-11-09 17:23:55.430] [exthost] [info] ExtensionService#_doActivateExtension vscode.merge-conflict {"startup":true,"activationEvent":"*"}
[2018-11-09 17:23:55.430] [exthost] [info] ExtensionService#loadCommonJSModule c:\Users\DJ\AppData\Local\Programs\Microsoft VS Code\resources\app\extensions\merge-conflict\dist\extension
[2018-11-09 17:23:55.444] [exthost] [info] ExtensionService#_doActivateExtension vscode.search-rg {"startup":true,"activationEvent":"*"}
[2018-11-09 17:23:55.444] [exthost] [info] ExtensionService#loadCommonJSModule c:\Users\DJ\AppData\Local\Programs\Microsoft VS Code\resources\app\extensions\search-rg\dist\extension
[2018-11-09 17:23:55.458] [exthost] [info] ExtensionService#_doActivateExtension dbaeumer.vscode-eslint {"startup":true,"activationEvent":"*"}
[2018-11-09 17:23:55.458] [exthost] [info] ExtensionService#loadCommonJSModule C:\Users\DJ\.vscode\extensions\dbaeumer.vscode-eslint-1.7.0\client\out\extension
[2018-11-09 17:23:55.610] [exthost] [info] ExtensionService#_doActivateExtension Equinusocio.vsc-material-theme {"startup":true,"activationEvent":"*"}
[2018-11-09 17:23:55.610] [exthost] [info] ExtensionService#loadCommonJSModule C:\Users\DJ\.vscode\extensions\equinusocio.vsc-material-theme-2.5.1\extensions\material.theme.config.js
[2018-11-09 17:23:55.644] [exthost] [info] ExtensionService#_doActivateExtension kisstkondoros.vscode-codemetrics {"startup":true,"activationEvent":"*"}
[2018-11-09 17:23:55.644] [exthost] [info] ExtensionService#loadCommonJSModule C:\Users\DJ\.vscode\extensions\kisstkondoros.vscode-codemetrics-1.17.3\out\src\extension
[2018-11-09 17:23:56.331] [exthost] [info] ExtensionService#_doActivateExtension naumovs.color-highlight {"startup":true,"activationEvent":"*"}
[2018-11-09 17:23:56.331] [exthost] [info] ExtensionService#loadCommonJSModule C:\Users\DJ\.vscode\extensions\naumovs.color-highlight-2.3.0\dist\extension
[2018-11-09 17:23:56.372] [exthost] [info] ExtensionService#_doActivateExtension PKief.material-icon-theme {"startup":true,"activationEvent":"*"}
[2018-11-09 17:23:56.372] [exthost] [info] ExtensionService#loadCommonJSModule C:\Users\DJ\.vscode\extensions\pkief.material-icon-theme-3.6.0\out\src\extension
[2018-11-09 17:23:56.440] [exthost] [info] eager extensions activated
[2018-11-09 17:23:56.445] [exthost] [info] ExtensionService#_doActivateExtension vscode.configuration-editing {"startup":false,"activationEvent":"onLanguage:jsonc"}
[2018-11-09 17:23:56.445] [exthost] [info] ExtensionService#loadCommonJSModule c:\Users\DJ\AppData\Local\Programs\Microsoft VS Code\resources\app\extensions\configuration-editing\dist\extension
[2018-11-09 17:23:56.457] [exthost] [info] ExtensionService#_doActivateExtension vscode.json-language-features {"startup":false,"activationEvent":"onLanguage:jsonc"}
[2018-11-09 17:23:56.457] [exthost] [info] ExtensionService#loadCommonJSModule c:\Users\DJ\AppData\Local\Programs\Microsoft VS Code\resources\app\extensions\json-language-features\client\dist\jsonMain
[2018-11-09 17:23:56.538] [exthost] [info] ExtensionService#_doActivateExtension vscode.typescript-language-features {"startup":false,"activationEvent":"onLanguage:jsonc"}
[2018-11-09 17:23:56.538] [exthost] [info] ExtensionService#loadCommonJSModule c:\Users\DJ\AppData\Local\Programs\Microsoft VS Code\resources\app\extensions\typescript-language-features\dist\extension
[2018-11-09 17:24:06.409] [exthost] [info] ExtensionService#_doActivateExtension zengxingxin.sort-js-object-keys {"startup":false,"activationEvent":"onCommand:sortJsObjectKeys.sortJsObjectKeys"}
[2018-11-09 17:24:06.409] [exthost] [info] ExtensionService#loadCommonJSModule C:\Users\DJ\.vscode\extensions\zengxingxin.sort-js-object-keys-1.0.5\lib
[2018-11-09 17:27:15.274] [exthost] [info] extension host started
[2018-11-09 17:27:15.320] [exthost] [info] ExtensionService#_doActivateExtension vscode.debug-auto-launch {"startup":true,"activationEvent":"*"}
[2018-11-09 17:27:15.320] [exthost] [info] ExtensionService#loadCommonJSModule c:\Users\DJ\AppData\Local\Programs\Microsoft VS Code\resources\app\extensions\debug-auto-launch\dist\extension
[2018-11-09 17:27:15.330] [exthost] [info] ExtensionService#_doActivateExtension vscode.emmet {"startup":true,"activationEvent":"*"}
[2018-11-09 17:27:15.330] [exthost] [info] ExtensionService#loadCommonJSModule c:\Users\DJ\AppData\Local\Programs\Microsoft VS Code\resources\app\extensions\emmet\dist\extension
[2018-11-09 17:27:15.411] [exthost] [info] ExtensionService#_doActivateExtension vscode.git {"startup":true,"activationEvent":"*"}
[2018-11-09 17:27:15.411] [exthost] [info] ExtensionService#loadCommonJSModule c:\Users\DJ\AppData\Local\Programs\Microsoft VS Code\resources\app\extensions\git\dist\main
[2018-11-09 17:27:15.672] [exthost] [info] ExtensionService#_doActivateExtension vscode.merge-conflict {"startup":true,"activationEvent":"*"}
[2018-11-09 17:27:15.672] [exthost] [info] ExtensionService#loadCommonJSModule c:\Users\DJ\AppData\Local\Programs\Microsoft VS Code\resources\app\extensions\merge-conflict\dist\extension
[2018-11-09 17:27:15.687] [exthost] [info] ExtensionService#_doActivateExtension vscode.search-rg {"startup":true,"activationEvent":"*"}
[2018-11-09 17:27:15.687] [exthost] [info] ExtensionService#loadCommonJSModule c:\Users\DJ\AppData\Local\Programs\Microsoft VS Code\resources\app\extensions\search-rg\dist\extension
[2018-11-09 17:27:15.697] [exthost] [info] ExtensionService#_doActivateExtension dbaeumer.vscode-eslint {"startup":true,"activationEvent":"*"}
[2018-11-09 17:27:15.697] [exthost] [info] ExtensionService#loadCommonJSModule C:\Users\DJ\.vscode\extensions\dbaeumer.vscode-eslint-1.7.0\client\out\extension
[2018-11-09 17:27:15.837] [exthost] [info] ExtensionService#_doActivateExtension Equinusocio.vsc-material-theme {"startup":true,"activationEvent":"*"}
[2018-11-09 17:27:15.837] [exthost] [info] ExtensionService#loadCommonJSModule C:\Users\DJ\.vscode\extensions\equinusocio.vsc-material-theme-2.5.1\extensions\material.theme.config.js
[2018-11-09 17:27:15.878] [exthost] [info] ExtensionService#_doActivateExtension kisstkondoros.vscode-codemetrics {"startup":true,"activationEvent":"*"}
[2018-11-09 17:27:15.878] [exthost] [info] ExtensionService#loadCommonJSModule C:\Users\DJ\.vscode\extensions\kisstkondoros.vscode-codemetrics-1.17.3\out\src\extension
[2018-11-09 17:27:16.516] [exthost] [info] ExtensionService#_doActivateExtension naumovs.color-highlight {"startup":true,"activationEvent":"*"}
[2018-11-09 17:27:16.516] [exthost] [info] ExtensionService#loadCommonJSModule C:\Users\DJ\.vscode\extensions\naumovs.color-highlight-2.3.0\dist\extension
[2018-11-09 17:27:16.574] [exthost] [info] ExtensionService#_doActivateExtension PKief.material-icon-theme {"startup":true,"activationEvent":"*"}
[2018-11-09 17:27:16.574] [exthost] [info] ExtensionService#loadCommonJSModule C:\Users\DJ\.vscode\extensions\pkief.material-icon-theme-3.6.0\out\src\extension
[2018-11-09 17:27:16.649] [exthost] [info] eager extensions activated
[2018-11-09 17:27:16.659] [exthost] [info] ExtensionService#_doActivateExtension vscode.configuration-editing {"startup":false,"activationEvent":"onLanguage:jsonc"}
[2018-11-09 17:27:16.659] [exthost] [info] ExtensionService#loadCommonJSModule c:\Users\DJ\AppData\Local\Programs\Microsoft VS Code\resources\app\extensions\configuration-editing\dist\extension
[2018-11-09 17:27:16.674] [exthost] [info] ExtensionService#_doActivateExtension vscode.json-language-features {"startup":false,"activationEvent":"onLanguage:jsonc"}
[2018-11-09 17:27:16.674] [exthost] [info] ExtensionService#loadCommonJSModule c:\Users\DJ\AppData\Local\Programs\Microsoft VS Code\resources\app\extensions\json-language-features\client\dist\jsonMain
[2018-11-09 17:27:16.759] [exthost] [info] ExtensionService#_doActivateExtension vscode.typescript-language-features {"startup":false,"activationEvent":"onLanguage:jsonc"}
[2018-11-09 17:27:16.759] [exthost] [info] ExtensionService#loadCommonJSModule c:\Users\DJ\AppData\Local\Programs\Microsoft VS Code\resources\app\extensions\typescript-language-features\dist\extension
[2018-11-09 17:27:28.343] [exthost] [info] ExtensionService#_doActivateExtension vscode.extension-editing {"startup":false,"activationEvent":"onLanguage:markdown"}
[2018-11-09 17:27:28.343] [exthost] [info] ExtensionService#loadCommonJSModule c:\Users\DJ\AppData\Local\Programs\Microsoft VS Code\resources\app\extensions\extension-editing\dist\extension
[2018-11-09 17:27:28.437] [exthost] [info] ExtensionService#_doActivateExtension vscode.markdown-language-features {"startup":false,"activationEvent":"onLanguage:markdown"}
[2018-11-09 17:27:28.437] [exthost] [info] ExtensionService#loadCommonJSModule c:\Users\DJ\AppData\Local\Programs\Microsoft VS Code\resources\app\extensions\markdown-language-features\dist\extension
[2018-11-09 17:27:35.252] [exthost] [info] ExtensionService#_doActivateExtension christian-kohler.npm-intellisense {"startup":false,"activationEvent":"onLanguage:javascript"}
[2018-11-09 17:27:35.252] [exthost] [info] ExtensionService#loadCommonJSModule C:\Users\DJ\.vscode\extensions\christian-kohler.npm-intellisense-1.3.0\out\src\extension
[2018-11-09 17:27:35.410] [exthost] [info] ExtensionService#_doActivateExtension mgmcdermott.vscode-language-babel {"startup":false,"activationEvent":"onLanguage:javascript"}
[2018-11-09 17:27:35.410] [exthost] [info] ExtensionService#loadCommonJSModule C:\Users\DJ\.vscode\extensions\mgmcdermott.vscode-language-babel-0.0.21\dist\extension
[2018-11-09 17:30:05.430] [exthost] [info] ExtensionService#_doActivateExtension annsk.alignment {"startup":false,"activationEvent":"onCommand:alignment.align"}
[2018-11-09 17:30:05.430] [exthost] [info] ExtensionService#loadCommonJSModule C:\Users\DJ\.vscode\extensions\annsk.alignment-0.3.0\out\src\extension
