[Info  - 5:27:35 PM] Using tsserver from: c:\Users\DJ\AppData\Local\Programs\Microsoft VS Code\resources\app\extensions\node_modules\typescript\lib
[Info  - 5:27:35 PM] Forking TSServer
[Info  - 5:27:35 PM] Started TSServer
[Error  - 6:04:56 PM] 'completionInfo' request failed with error.
Error processing request. Debug Failure. Did not expect JsxExpression to have an Identifier in its trivia
Error: Debug Failure. Did not expect JsxExpression to have an Identifier in its trivia
    at addSyntheticNodes (c:\Users\DJ\AppData\Local\Programs\Microsoft VS Code\resources\app\extensions\node_modules\typescript\lib\tsserver.js:113841:30)
    at createChildren (c:\Users\DJ\AppData\Local\Programs\Microsoft VS Code\resources\app\extensions\node_modules\typescript\lib\tsserver.js:113830:9)
    at NodeObject.getChildren (c:\Users\DJ\AppData\Local\Programs\Microsoft VS Code\resources\app\extensions\node_modules\typescript\lib\tsserver.js:113774:56)
    at findRightmostToken (c:\Users\DJ\AppData\Local\Programs\Microsoft VS Code\resources\app\extensions\node_modules\typescript\lib\tsserver.js:91168:26)
    at find (c:\Users\DJ\AppData\Local\Programs\Microsoft VS Code\resources\app\extensions\node_modules\typescript\lib\tsserver.js:91143:47)
    at find (c:\Users\DJ\AppData\Local\Programs\Microsoft VS Code\resources\app\extensions\node_modules\typescript\lib\tsserver.js:91147:32)
    at find (c:\Users\DJ\AppData\Local\Programs\Microsoft VS Code\resources\app\extensions\node_modules\typescript\lib\tsserver.js:91147:32)
    at find (c:\Users\DJ\AppData\Local\Programs\Microsoft VS Code\resources\app\extensions\node_modules\typescript\lib\tsserver.js:91147:32)
    at find (c:\Users\DJ\AppData\Local\Programs\Microsoft VS Code\resources\app\extensions\node_modules\typescript\lib\tsserver.js:91147:32)
    at find (c:\Users\DJ\AppData\Local\Programs\Microsoft VS Code\resources\app\extensions\node_modules\typescript\lib\tsserver.js:91147:32)
    at find (c:\Users\DJ\AppData\Local\Programs\Microsoft VS Code\resources\app\extensions\node_modules\typescript\lib\tsserver.js:91147:32)
    at find (c:\Users\DJ\AppData\Local\Programs\Microsoft VS Code\resources\app\extensions\node_modules\typescript\lib\tsserver.js:91147:32)
    at find (c:\Users\DJ\AppData\Local\Programs\Microsoft VS Code\resources\app\extensions\node_modules\typescript\lib\tsserver.js:91147:32)
    at find (c:\Users\DJ\AppData\Local\Programs\Microsoft VS Code\resources\app\extensions\node_modules\typescript\lib\tsserver.js:91147:32)
    at find (c:\Users\DJ\AppData\Local\Programs\Microsoft VS Code\resources\app\extensions\node_modules\typescript\lib\tsserver.js:91147:32)
    at find (c:\Users\DJ\AppData\Local\Programs\Microsoft VS Code\resources\app\extensions\node_modules\typescript\lib\tsserver.js:91147:32)
    at find (c:\Users\DJ\AppData\Local\Programs\Microsoft VS Code\resources\app\extensions\node_modules\typescript\lib\tsserver.js:91147:32)
    at Object.findPrecedingToken (c:\Users\DJ\AppData\Local\Programs\Microsoft VS Code\resources\app\extensions\node_modules\typescript\lib\tsserver.js:91120:22)
    at Object.getCompletionsAtPosition (c:\Users\DJ\AppData\Local\Programs\Microsoft VS Code\resources\app\extensions\node_modules\typescript\lib\tsserver.js:93548:35)
    at Object.getCompletionsAtPosition (c:\Users\DJ\AppData\Local\Programs\Microsoft VS Code\resources\app\extensions\node_modules\typescript\lib\tsserver.js:114818:35)
    at IOSession.Session.getCompletions (c:\Users\DJ\AppData\Local\Programs\Microsoft VS Code\resources\app\extensions\node_modules\typescript\lib\tsserver.js:122608:64)
    at Session.handlers.ts.createMapFromTemplate._a.(anonymous function) (c:\Users\DJ\AppData\Local\Programs\Microsoft VS Code\resources\app\extensions\node_modules\typescript\lib\tsserver.js:121665:61)
    at c:\Users\DJ\AppData\Local\Programs\Microsoft VS Code\resources\app\extensions\node_modules\typescript\lib\tsserver.js:123086:88
    at IOSession.Session.executeWithRequestId (c:\Users\DJ\AppData\Local\Programs\Microsoft VS Code\resources\app\extensions\node_modules\typescript\lib\tsserver.js:123077:28)
    at IOSession.Session.executeCommand (c:\Users\DJ\AppData\Local\Programs\Microsoft VS Code\resources\app\extensions\node_modules\typescript\lib\tsserver.js:123086:33)
    at IOSession.Session.onMessage (c:\Users\DJ\AppData\Local\Programs\Microsoft VS Code\resources\app\extensions\node_modules\typescript\lib\tsserver.js:123106:35)
    at Interface.<anonymous> (c:\Users\DJ\AppData\Local\Programs\Microsoft VS Code\resources\app\extensions\node_modules\typescript\lib\tsserver.js:124369:27)
    at emitOne (events.js:116:13)
    at Interface.emit (events.js:211:7)
    at Interface._onLine (readline.js:282:10)
    at Interface._normalWrite (readline.js:424:12)
    at Socket.ondata (readline.js:141:10)
    at emitOne (events.js:116:13)
    at Socket.emit (events.js:211:7)
    at addChunk (_stream_readable.js:263:12)
    at readableAddChunk (_stream_readable.js:250:11)
    at Socket.Readable.push (_stream_readable.js:208:10)
    at Pipe.onread (net.js:594:20)
[Info  - 6:43:22 PM] TSServer exited
