Looking for git in: C:\Program Files\Git\cmd\git.exe
Using git 2.19.1.windows.1 from C:\Program Files\Git\cmd\git.exe
> git rev-parse --show-toplevel
> git config --get commit.template
Open repository: b:\dev\scan-app-desktop
> git fetch
> git status -z -u
> git show :src/core/helpers/websockets.js
> git ls-files --stage -- src/core/helpers/
> git check-ignore -z --stdin
> git symbolic-ref --short HEAD
> git rev-parse mobx
> git rev-parse --symbolic-full-name mobx@{u}
> git rev-list --left-right mobx...refs/remotes/origin/mobx
> git for-each-ref --format %(refname) %(objectname) --sort -committerdate
> git remote --verbose
> git status -z -u
> git rev-parse --show-toplevel
> git config --get commit.template
Open repository: b:\dev\scan-app-desktop\src\core
> git fetch
> git status -z -u
> git rev-parse --show-toplevel
> git symbolic-ref --short HEAD
> git symbolic-ref --short HEAD
> git config --get commit.template
Open repository: b:\dev\scan-app-desktop\src\views
> git fetch
> git status -z -u
> git rev-parse mobx
> git rev-parse mobx
> git show :helpers/websockets.js
> git check-ignore -z --stdin
> git check-ignore -z --stdin
> git check-ignore -z --stdin
> git rev-parse --symbolic-full-name mobx@{u}
> git symbolic-ref --short HEAD
> git rev-parse --symbolic-full-name mobx@{u}
> git rev-list --left-right mobx...refs/remotes/origin/mobx
> git rev-parse mobx
> git rev-list --left-right mobx...refs/remotes/origin/mobx
> git rev-parse --symbolic-full-name mobx@{u}
> git for-each-ref --format %(refname) %(objectname) --sort -committerdate
> git remote --verbose
> git rev-list --left-right mobx...refs/remotes/origin/mobx
> git for-each-ref --format %(refname) %(objectname) --sort -committerdate
> git remote --verbose
> git for-each-ref --format %(refname) %(objectname) --sort -committerdate
> git remote --verbose
> git status -z -u
> git symbolic-ref --short HEAD
> git rev-parse mobx
> git status -z -u
> git rev-parse --symbolic-full-name mobx@{u}
> git symbolic-ref --short HEAD
> git rev-list --left-right mobx...refs/remotes/origin/mobx
> git rev-parse mobx
> git for-each-ref --format %(refname) %(objectname) --sort -committerdate
> git remote --verbose
> git rev-parse --symbolic-full-name mobx@{u}
> git rev-list --left-right mobx...refs/remotes/origin/mobx
> git for-each-ref --format %(refname) %(objectname) --sort -committerdate
> git remote --verbose
> git show :helpers/websockets.js
> git fetch
> git fetch
> git fetch
> git status -z -u
> git status -z -u
> git status -z -u
> git symbolic-ref --short HEAD
> git symbolic-ref --short HEAD
> git rev-parse mobx
> git rev-parse mobx
> git rev-parse --symbolic-full-name mobx@{u}
> git rev-parse --symbolic-full-name mobx@{u}
> git symbolic-ref --short HEAD
> git rev-list --left-right mobx...refs/remotes/origin/mobx
> git rev-list --left-right mobx...refs/remotes/origin/mobx
> git rev-parse mobx
> git rev-parse --symbolic-full-name mobx@{u}
> git for-each-ref --format %(refname) %(objectname) --sort -committerdate
> git remote --verbose
> git for-each-ref --format %(refname) %(objectname) --sort -committerdate
> git remote --verbose
> git show :helpers/websockets.js
> git rev-list --left-right mobx...refs/remotes/origin/mobx
> git for-each-ref --format %(refname) %(objectname) --sort -committerdate
> git remote --verbose
> git show :src/components/settings.js
> git check-ignore -z --stdin
> git check-ignore -z --stdin
> git status -z -u
> git status -z -u
> git status -z -u
> git symbolic-ref --short HEAD
> git symbolic-ref --short HEAD
> git symbolic-ref --short HEAD
> git rev-parse mobx
> git rev-parse mobx
> git rev-parse mobx
> git rev-parse --symbolic-full-name mobx@{u}
> git rev-parse --symbolic-full-name mobx@{u}
> git rev-parse --symbolic-full-name mobx@{u}
> git rev-list --left-right mobx...refs/remotes/origin/mobx
> git rev-list --left-right mobx...refs/remotes/origin/mobx
> git for-each-ref --format %(refname) %(objectname) --sort -committerdate
> git remote --verbose
> git for-each-ref --format %(refname) %(objectname) --sort -committerdate
> git remote --verbose
> git rev-list --left-right mobx...refs/remotes/origin/mobx
> git for-each-ref --format %(refname) %(objectname) --sort -committerdate
> git remote --verbose
> git show :src/components/settings.js
> git status -z -u
> git symbolic-ref --short HEAD
> git status -z -u
> git rev-parse mobx
> git status -z -u
> git rev-parse --symbolic-full-name mobx@{u}
> git symbolic-ref --short HEAD
> git rev-parse mobx
> git symbolic-ref --short HEAD
> git rev-list --left-right mobx...refs/remotes/origin/mobx
> git rev-parse --symbolic-full-name mobx@{u}
> git rev-parse mobx
> git for-each-ref --format %(refname) %(objectname) --sort -committerdate
> git remote --verbose
> git rev-parse --symbolic-full-name mobx@{u}
> git rev-list --left-right mobx...refs/remotes/origin/mobx
> git for-each-ref --format %(refname) %(objectname) --sort -committerdate
> git remote --verbose
> git rev-list --left-right mobx...refs/remotes/origin/mobx
> git for-each-ref --format %(refname) %(objectname) --sort -committerdate
> git remote --verbose
> git show :components/settings.js
> git status -z -u
> git symbolic-ref --short HEAD
> git rev-parse mobx
> git rev-parse --symbolic-full-name mobx@{u}
> git rev-list --left-right mobx...refs/remotes/origin/mobx
> git for-each-ref --format %(refname) %(objectname) --sort -committerdate
> git remote --verbose
> git status -z -u
> git status -z -u
> git symbolic-ref --short HEAD
> git symbolic-ref --short HEAD
> git rev-parse mobx
> git rev-parse mobx
> git rev-parse --symbolic-full-name mobx@{u}
> git rev-parse --symbolic-full-name mobx@{u}
> git rev-list --left-right mobx...refs/remotes/origin/mobx
> git rev-list --left-right mobx...refs/remotes/origin/mobx
> git for-each-ref --format %(refname) %(objectname) --sort -committerdate
> git remote --verbose
> git for-each-ref --format %(refname) %(objectname) --sort -committerdate
> git remote --verbose
> git show :src/components/scanners.js
> git show :src/renderer/index.js
> git show :components/settings.js
> git show :connection-info-modal.js
> git show :optimized-list.js
> git show :src/renderer/index.js
> git show :src/components/scanners.js
> git fetch
> git fetch
> git fetch
> git show :src/components/scanners.js
> git status -z -u
> git symbolic-ref --short HEAD
> git rev-parse mobx
> git rev-parse --symbolic-full-name mobx@{u}
> git status -z -u
> git rev-list --left-right mobx...refs/remotes/origin/mobx
> git symbolic-ref --short HEAD
> git for-each-ref --format %(refname) %(objectname) --sort -committerdate
> git remote --verbose
> git status -z -u
> git rev-parse mobx
> git rev-parse --symbolic-full-name mobx@{u}
> git symbolic-ref --short HEAD
> git rev-list --left-right mobx...refs/remotes/origin/mobx
> git rev-parse mobx
> git for-each-ref --format %(refname) %(objectname) --sort -committerdate
> git remote --verbose
> git rev-parse --symbolic-full-name mobx@{u}
> git rev-list --left-right mobx...refs/remotes/origin/mobx
> git for-each-ref --format %(refname) %(objectname) --sort -committerdate
> git remote --verbose
> git show :src/components/scanners.js
> git fetch
> git fetch
> git fetch
> git status -z -u
> git symbolic-ref --short HEAD
> git rev-parse mobx
> git rev-parse --symbolic-full-name mobx@{u}
> git rev-list --left-right mobx...refs/remotes/origin/mobx
> git for-each-ref --format %(refname) %(objectname) --sort -committerdate
> git remote --verbose
> git status -z -u
> git symbolic-ref --short HEAD
> git rev-parse mobx
> git rev-parse --symbolic-full-name mobx@{u}
> git rev-list --left-right mobx...refs/remotes/origin/mobx
> git for-each-ref --format %(refname) %(objectname) --sort -committerdate
> git remote --verbose
> git status -z -u
> git symbolic-ref --short HEAD
> git rev-parse mobx
> git rev-parse --symbolic-full-name mobx@{u}
> git rev-list --left-right mobx...refs/remotes/origin/mobx
> git for-each-ref --format %(refname) %(objectname) --sort -committerdate
> git remote --verbose
> git status -z -u
> git symbolic-ref --short HEAD
> git rev-parse mobx
> git rev-parse --symbolic-full-name mobx@{u}
> git rev-list --left-right mobx...refs/remotes/origin/mobx
> git for-each-ref --format %(refname) %(objectname) --sort -committerdate
> git remote --verbose
> git fetch
> git status -z -u
> git fetch
> git symbolic-ref --short HEAD
> git rev-parse mobx
> git rev-parse --symbolic-full-name mobx@{u}
> git rev-list --left-right mobx...refs/remotes/origin/mobx
> git for-each-ref --format %(refname) %(objectname) --sort -committerdate
> git remote --verbose
> git fetch
> git status -z -u
> git symbolic-ref --short HEAD
> git rev-parse mobx
> git status -z -u
> git rev-parse --symbolic-full-name mobx@{u}
> git symbolic-ref --short HEAD
> git rev-list --left-right mobx...refs/remotes/origin/mobx
> git rev-parse mobx
> git for-each-ref --format %(refname) %(objectname) --sort -committerdate
> git remote --verbose
> git rev-parse --symbolic-full-name mobx@{u}
> git rev-list --left-right mobx...refs/remotes/origin/mobx
> git for-each-ref --format %(refname) %(objectname) --sort -committerdate
> git remote --verbose
> git status -z -u
> git symbolic-ref --short HEAD
> git rev-parse mobx
> git rev-parse --symbolic-full-name mobx@{u}
> git rev-list --left-right mobx...refs/remotes/origin/mobx
> git for-each-ref --format %(refname) %(objectname) --sort -committerdate
> git remote --verbose
> git show :src/components/scanners.js
> git status -z -u
> git symbolic-ref --short HEAD
> git rev-parse mobx
> git rev-parse --symbolic-full-name mobx@{u}
> git rev-list --left-right mobx...refs/remotes/origin/mobx
> git for-each-ref --format %(refname) %(objectname) --sort -committerdate
> git remote --verbose
> git fetch
> git fetch
> git status -z -u
> git status -z -u
> git symbolic-ref --short HEAD
> git symbolic-ref --short HEAD
> git rev-parse mobx
> git rev-parse mobx
> git rev-parse --symbolic-full-name mobx@{u}
> git rev-parse --symbolic-full-name mobx@{u}
> git rev-list --left-right mobx...refs/remotes/origin/mobx
> git rev-list --left-right mobx...refs/remotes/origin/mobx
> git for-each-ref --format %(refname) %(objectname) --sort -committerdate
> git remote --verbose
> git for-each-ref --format %(refname) %(objectname) --sort -committerdate
> git remote --verbose
> git show :src/components/scanners.js
> git fetch
> git status -z -u
> git symbolic-ref --short HEAD
> git rev-parse mobx
> git rev-parse --symbolic-full-name mobx@{u}
> git rev-list --left-right mobx...refs/remotes/origin/mobx
> git for-each-ref --format %(refname) %(objectname) --sort -committerdate
> git remote --verbose
> git show :src/components/scanners.js
> git status -z -u
> git symbolic-ref --short HEAD
> git rev-parse mobx
> git rev-parse --symbolic-full-name mobx@{u}
> git rev-list --left-right mobx...refs/remotes/origin/mobx
> git for-each-ref --format %(refname) %(objectname) --sort -committerdate
> git remote --verbose
> git show :src/components/scanners.js
> git status -z -u
> git symbolic-ref --short HEAD
> git rev-parse mobx
> git rev-parse --symbolic-full-name mobx@{u}
> git rev-list --left-right mobx...refs/remotes/origin/mobx
> git for-each-ref --format %(refname) %(objectname) --sort -committerdate
> git remote --verbose
> git show :src/renderer/index.js
> git show :components/settings.js
> git show :src/components/settings.js
> git show :helpers/websockets.js
> git check-ignore -z --stdin
> git check-ignore -z --stdin
> git check-ignore -z --stdin
> git show :helpers/rest-api.js
> git show :src/renderer/index.js
> git fetch
> git fetch
> git status -z -u
> git show :src/renderer/index.js
> git symbolic-ref --short HEAD
> git rev-parse mobx
> git rev-parse --symbolic-full-name mobx@{u}
> git rev-list --left-right mobx...refs/remotes/origin/mobx
> git for-each-ref --format %(refname) %(objectname) --sort -committerdate
> git remote --verbose
> git status -z -u
> git status -z -u
> git symbolic-ref --short HEAD
> git symbolic-ref --short HEAD
> git rev-parse mobx
> git rev-parse mobx
> git rev-parse --symbolic-full-name mobx@{u}
> git rev-parse --symbolic-full-name mobx@{u}
> git rev-list --left-right mobx...refs/remotes/origin/mobx
> git rev-list --left-right mobx...refs/remotes/origin/mobx
> git for-each-ref --format %(refname) %(objectname) --sort -committerdate
> git remote --verbose
> git for-each-ref --format %(refname) %(objectname) --sort -committerdate
> git remote --verbose
> git show :src/renderer/index.js
> git status -z -u
> git symbolic-ref --short HEAD
> git rev-parse mobx
> git rev-parse --symbolic-full-name mobx@{u}
> git rev-list --left-right mobx...refs/remotes/origin/mobx
> git for-each-ref --format %(refname) %(objectname) --sort -committerdate
> git remote --verbose
> git show :src/components/scan-app.js
> git show :src/renderer/index.js
> git show :src/components/login.js
> git show :components/login.js
> git fetch
> git show :components/login.js
> git status -z -u
> git symbolic-ref --short HEAD
> git rev-parse mobx
> git rev-parse --symbolic-full-name mobx@{u}
> git rev-list --left-right mobx...refs/remotes/origin/mobx
> git for-each-ref --format %(refname) %(objectname) --sort -committerdate
> git remote --verbose
> git show :components/login.js
> git show :src/viewcomponents/login-view.js
> git check-ignore -z --stdin
> git check-ignore -z --stdin
> git show :login-form.js
> git show :src/renderer/index.js
> git show :helpers/state.js
> git show :helpers/initial-state.js
> git fetch
> git fetch
> git status -z -u
> git show :helpers/initial-state.js
> git symbolic-ref --short HEAD
> git rev-parse mobx
> git rev-parse --symbolic-full-name mobx@{u}
> git rev-list --left-right mobx...refs/remotes/origin/mobx
> git for-each-ref --format %(refname) %(objectname) --sort -committerdate
> git remote --verbose
> git status -z -u
> git status -z -u
> git show :src/renderer/index.js
> git symbolic-ref --short HEAD
> git symbolic-ref --short HEAD
> git rev-parse mobx
> git rev-parse mobx
> git rev-parse --symbolic-full-name mobx@{u}
> git rev-parse --symbolic-full-name mobx@{u}
> git rev-list --left-right mobx...refs/remotes/origin/mobx
> git rev-list --left-right mobx...refs/remotes/origin/mobx
> git for-each-ref --format %(refname) %(objectname) --sort -committerdate
> git remote --verbose
> git for-each-ref --format %(refname) %(objectname) --sort -committerdate
> git remote --verbose
> git show :src/renderer/index.js
> git show :src/components/init.js
> git status -z -u
> git symbolic-ref --short HEAD
> git rev-parse mobx
> git rev-parse --symbolic-full-name mobx@{u}
> git rev-list --left-right mobx...refs/remotes/origin/mobx
> git for-each-ref --format %(refname) %(objectname) --sort -committerdate
> git remote --verbose
> git show :components/init.js
> git fetch
> git show :components/init.js
> git status -z -u
> git symbolic-ref --short HEAD
> git rev-parse mobx
> git rev-parse --symbolic-full-name mobx@{u}
> git rev-list --left-right mobx...refs/remotes/origin/mobx
> git for-each-ref --format %(refname) %(objectname) --sort -committerdate
> git remote --verbose
> git show :components/init.js
> git status -z -u
> git status -z -u
> git symbolic-ref --short HEAD
> git symbolic-ref --short HEAD
> git rev-parse mobx
> git rev-parse mobx
> git rev-parse --symbolic-full-name mobx@{u}
> git rev-parse --symbolic-full-name mobx@{u}
> git rev-list --left-right mobx...refs/remotes/origin/mobx
> git rev-list --left-right mobx...refs/remotes/origin/mobx
> git for-each-ref --format %(refname) %(objectname) --sort -committerdate
> git remote --verbose
> git for-each-ref --format %(refname) %(objectname) --sort -committerdate
> git remote --verbose
> git fetch
> git fetch
> git status -z -u
> git show :components/init.js
> git symbolic-ref --short HEAD
> git rev-parse mobx
> git rev-parse --symbolic-full-name mobx@{u}
> git rev-list --left-right mobx...refs/remotes/origin/mobx
> git for-each-ref --format %(refname) %(objectname) --sort -committerdate
> git remote --verbose
> git status -z -u
> git status -z -u
> git symbolic-ref --short HEAD
> git symbolic-ref --short HEAD
> git rev-parse mobx
> git rev-parse mobx
> git rev-parse --symbolic-full-name mobx@{u}
> git rev-parse --symbolic-full-name mobx@{u}
> git rev-list --left-right mobx...refs/remotes/origin/mobx
> git rev-list --left-right mobx...refs/remotes/origin/mobx
> git for-each-ref --format %(refname) %(objectname) --sort -committerdate
> git remote --verbose
> git for-each-ref --format %(refname) %(objectname) --sort -committerdate
> git remote --verbose
> git show :components/init.js
> git status -z -u
> git symbolic-ref --short HEAD
> git rev-parse mobx
> git rev-parse --symbolic-full-name mobx@{u}
> git rev-list --left-right mobx...refs/remotes/origin/mobx
> git for-each-ref --format %(refname) %(objectname) --sort -committerdate
> git remote --verbose
> git status -z -u
> git status -z -u
> git symbolic-ref --short HEAD
> git symbolic-ref --short HEAD
> git rev-parse mobx
> git rev-parse mobx
> git rev-parse --symbolic-full-name mobx@{u}
> git rev-parse --symbolic-full-name mobx@{u}
> git rev-list --left-right mobx...refs/remotes/origin/mobx
> git rev-list --left-right mobx...refs/remotes/origin/mobx
> git for-each-ref --format %(refname) %(objectname) --sort -committerdate
> git remote --verbose
> git for-each-ref --format %(refname) %(objectname) --sort -committerdate
> git remote --verbose
> git fetch
> git fetch
> git fetch
> git show :components/init.js
> git status -z -u
> git status -z -u
> git status -z -u
> git symbolic-ref --short HEAD
> git symbolic-ref --short HEAD
> git symbolic-ref --short HEAD
> git rev-parse mobx
> git rev-parse mobx
> git rev-parse mobx
> git rev-parse --symbolic-full-name mobx@{u}
> git rev-parse --symbolic-full-name mobx@{u}
> git rev-parse --symbolic-full-name mobx@{u}
> git rev-list --left-right mobx...refs/remotes/origin/mobx
> git rev-list --left-right mobx...refs/remotes/origin/mobx
> git rev-list --left-right mobx...refs/remotes/origin/mobx
> git for-each-ref --format %(refname) %(objectname) --sort -committerdate
> git remote --verbose
> git for-each-ref --format %(refname) %(objectname) --sort -committerdate
> git remote --verbose
> git for-each-ref --format %(refname) %(objectname) --sort -committerdate
> git remote --verbose
> git show :components/init.js
> git fetch
> git fetch
> git fetch
> git status -z -u
> git symbolic-ref --short HEAD
> git status -z -u
> git rev-parse mobx
> git rev-parse --symbolic-full-name mobx@{u}
> git symbolic-ref --short HEAD
> git rev-list --left-right mobx...refs/remotes/origin/mobx
> git rev-parse mobx
> git status -z -u
> git for-each-ref --format %(refname) %(objectname) --sort -committerdate
> git remote --verbose
> git rev-parse --symbolic-full-name mobx@{u}
> git symbolic-ref --short HEAD
> git rev-list --left-right mobx...refs/remotes/origin/mobx
> git rev-parse mobx
> git for-each-ref --format %(refname) %(objectname) --sort -committerdate
> git remote --verbose
> git rev-parse --symbolic-full-name mobx@{u}
> git rev-list --left-right mobx...refs/remotes/origin/mobx
> git for-each-ref --format %(refname) %(objectname) --sort -committerdate
> git remote --verbose
> git show :components/init.js
> git fetch
> git fetch
> git fetch
> git status -z -u
> git symbolic-ref --short HEAD
> git rev-parse mobx
> git rev-parse --symbolic-full-name mobx@{u}
> git rev-list --left-right mobx...refs/remotes/origin/mobx
> git for-each-ref --format %(refname) %(objectname) --sort -committerdate
> git remote --verbose
> git status -z -u
> git status -z -u
> git symbolic-ref --short HEAD
> git symbolic-ref --short HEAD
> git rev-parse mobx
> git rev-parse mobx
> git rev-parse --symbolic-full-name mobx@{u}
> git rev-parse --symbolic-full-name mobx@{u}
> git rev-list --left-right mobx...refs/remotes/origin/mobx
> git rev-list --left-right mobx...refs/remotes/origin/mobx
> git status -z -u
> git for-each-ref --format %(refname) %(objectname) --sort -committerdate
> git remote --verbose
> git for-each-ref --format %(refname) %(objectname) --sort -committerdate
> git remote --verbose
> git symbolic-ref --short HEAD
> git rev-parse mobx
> git rev-parse --symbolic-full-name mobx@{u}
> git rev-list --left-right mobx...refs/remotes/origin/mobx
> git for-each-ref --format %(refname) %(objectname) --sort -committerdate
> git remote --verbose
> git show :components/init.js
> git status -z -u
> git status -z -u
> git status -z -u
> git symbolic-ref --short HEAD
> git symbolic-ref --short HEAD
> git symbolic-ref --short HEAD
> git rev-parse mobx
> git rev-parse mobx
> git rev-parse mobx
> git rev-parse --symbolic-full-name mobx@{u}
> git rev-parse --symbolic-full-name mobx@{u}
> git rev-parse --symbolic-full-name mobx@{u}
> git rev-list --left-right mobx...refs/remotes/origin/mobx
> git rev-list --left-right mobx...refs/remotes/origin/mobx
> git rev-list --left-right mobx...refs/remotes/origin/mobx
> git for-each-ref --format %(refname) %(objectname) --sort -committerdate
> git remote --verbose
> git for-each-ref --format %(refname) %(objectname) --sort -committerdate
> git remote --verbose
> git for-each-ref --format %(refname) %(objectname) --sort -committerdate
> git remote --verbose
> git status -z -u
> git status -z -u
> git status -z -u
> git symbolic-ref --short HEAD
> git symbolic-ref --short HEAD
> git rev-parse mobx
> git symbolic-ref --short HEAD
> git rev-parse mobx
> git rev-parse mobx
> git rev-parse --symbolic-full-name mobx@{u}
> git rev-parse --symbolic-full-name mobx@{u}
> git rev-list --left-right mobx...refs/remotes/origin/mobx
> git rev-parse --symbolic-full-name mobx@{u}
> git rev-list --left-right mobx...refs/remotes/origin/mobx
> git for-each-ref --format %(refname) %(objectname) --sort -committerdate
> git remote --verbose
> git rev-list --left-right mobx...refs/remotes/origin/mobx
> git for-each-ref --format %(refname) %(objectname) --sort -committerdate
> git remote --verbose
> git for-each-ref --format %(refname) %(objectname) --sort -committerdate
> git remote --verbose
> git status -z -u
> git status -z -u
> git symbolic-ref --short HEAD
> git symbolic-ref --short HEAD
> git rev-parse mobx
> git rev-parse mobx
> git rev-parse --symbolic-full-name mobx@{u}
> git rev-parse --symbolic-full-name mobx@{u}
> git rev-list --left-right mobx...refs/remotes/origin/mobx
> git rev-list --left-right mobx...refs/remotes/origin/mobx
> git for-each-ref --format %(refname) %(objectname) --sort -committerdate
> git remote --verbose
> git for-each-ref --format %(refname) %(objectname) --sort -committerdate
> git remote --verbose
> git fetch
> git fetch
> git fetch
> git show :components/init.js
> git status -z -u
> git symbolic-ref --short HEAD
> git rev-parse mobx
> git rev-parse --symbolic-full-name mobx@{u}
> git rev-list --left-right mobx...refs/remotes/origin/mobx
> git for-each-ref --format %(refname) %(objectname) --sort -committerdate
> git remote --verbose
> git status -z -u
> git symbolic-ref --short HEAD
> git rev-parse mobx
> git rev-parse --symbolic-full-name mobx@{u}
> git status -z -u
> git rev-list --left-right mobx...refs/remotes/origin/mobx
> git symbolic-ref --short HEAD
> git for-each-ref --format %(refname) %(objectname) --sort -committerdate
> git remote --verbose
> git rev-parse mobx
> git rev-parse --symbolic-full-name mobx@{u}
> git rev-list --left-right mobx...refs/remotes/origin/mobx
> git for-each-ref --format %(refname) %(objectname) --sort -committerdate
> git remote --verbose
> git status -z -u
> git show :components/init.js
> git symbolic-ref --short HEAD
> git rev-parse mobx
> git rev-parse --symbolic-full-name mobx@{u}
> git rev-list --left-right mobx...refs/remotes/origin/mobx
> git for-each-ref --format %(refname) %(objectname) --sort -committerdate
> git remote --verbose
> git status -z -u
> git status -z -u
> git symbolic-ref --short HEAD
> git symbolic-ref --short HEAD
> git rev-parse mobx
> git rev-parse mobx
> git rev-parse --symbolic-full-name mobx@{u}
> git rev-list --left-right mobx...refs/remotes/origin/mobx
> git rev-parse --symbolic-full-name mobx@{u}
> git rev-list --left-right mobx...refs/remotes/origin/mobx
> git for-each-ref --format %(refname) %(objectname) --sort -committerdate
> git remote --verbose
> git for-each-ref --format %(refname) %(objectname) --sort -committerdate
> git remote --verbose
> git show :helpers/collections.js
> git status -z -u
> git status -z -u
> git symbolic-ref --short HEAD
> git symbolic-ref --short HEAD
> git rev-parse mobx
> git rev-parse mobx
> git rev-parse --symbolic-full-name mobx@{u}
> git rev-parse --symbolic-full-name mobx@{u}
> git rev-list --left-right mobx...refs/remotes/origin/mobx
> git rev-list --left-right mobx...refs/remotes/origin/mobx
> git for-each-ref --format %(refname) %(objectname) --sort -committerdate
> git remote --verbose
> git for-each-ref --format %(refname) %(objectname) --sort -committerdate
> git remote --verbose
> git status -z -u
> git status -z -u
> git symbolic-ref --short HEAD
> git symbolic-ref --short HEAD
> git rev-parse mobx
> git rev-parse mobx
> git rev-parse --symbolic-full-name mobx@{u}
> git rev-parse --symbolic-full-name mobx@{u}
> git rev-list --left-right mobx...refs/remotes/origin/mobx
> git rev-list --left-right mobx...refs/remotes/origin/mobx
> git for-each-ref --format %(refname) %(objectname) --sort -committerdate
> git remote --verbose
> git for-each-ref --format %(refname) %(objectname) --sort -committerdate
> git remote --verbose
> git fetch
> git fetch
> git fetch
> git show :helpers/collections.js
> git status -z -u
> git symbolic-ref --short HEAD
> git rev-parse mobx
> git rev-parse --symbolic-full-name mobx@{u}
> git rev-list --left-right mobx...refs/remotes/origin/mobx
> git for-each-ref --format %(refname) %(objectname) --sort -committerdate
> git remote --verbose
> git status -z -u
> git symbolic-ref --short HEAD
> git rev-parse mobx
> git rev-parse --symbolic-full-name mobx@{u}
> git rev-list --left-right mobx...refs/remotes/origin/mobx
> git for-each-ref --format %(refname) %(objectname) --sort -committerdate
> git remote --verbose
> git status -z -u
> git symbolic-ref --short HEAD
> git rev-parse mobx
> git rev-parse --symbolic-full-name mobx@{u}
> git rev-list --left-right mobx...refs/remotes/origin/mobx
> git for-each-ref --format %(refname) %(objectname) --sort -committerdate
> git remote --verbose
> git status -z -u
> git show :helpers/collections.js
> git symbolic-ref --short HEAD
> git rev-parse mobx
> git rev-parse --symbolic-full-name mobx@{u}
> git rev-list --left-right mobx...refs/remotes/origin/mobx
> git for-each-ref --format %(refname) %(objectname) --sort -committerdate
> git remote --verbose
> git fetch
> git fetch
> git fetch
> git show :helpers/collections.js
> git status -z -u
> git status -z -u
> git symbolic-ref --short HEAD
> git symbolic-ref --short HEAD
> git rev-parse mobx
> git rev-parse mobx
> git rev-parse --symbolic-full-name mobx@{u}
> git rev-parse --symbolic-full-name mobx@{u}
> git rev-list --left-right mobx...refs/remotes/origin/mobx
> git rev-list --left-right mobx...refs/remotes/origin/mobx
> git for-each-ref --format %(refname) %(objectname) --sort -committerdate
> git remote --verbose
> git for-each-ref --format %(refname) %(objectname) --sort -committerdate
> git remote --verbose
> git status -z -u
> git symbolic-ref --short HEAD
> git rev-parse mobx
> git rev-parse --symbolic-full-name mobx@{u}
> git rev-list --left-right mobx...refs/remotes/origin/mobx
> git for-each-ref --format %(refname) %(objectname) --sort -committerdate
> git remote --verbose
> git show :helpers/collections.js
> git status -z -u
> git status -z -u
> git symbolic-ref --short HEAD
> git symbolic-ref --short HEAD
> git rev-parse mobx
> git rev-parse mobx
> git rev-parse --symbolic-full-name mobx@{u}
> git rev-parse --symbolic-full-name mobx@{u}
> git rev-list --left-right mobx...refs/remotes/origin/mobx
> git rev-list --left-right mobx...refs/remotes/origin/mobx
> git for-each-ref --format %(refname) %(objectname) --sort -committerdate
> git remote --verbose
> git for-each-ref --format %(refname) %(objectname) --sort -committerdate
> git remote --verbose
> git status -z -u
> git status -z -u
> git symbolic-ref --short HEAD
> git rev-parse mobx
> git symbolic-ref --short HEAD
> git rev-parse --symbolic-full-name mobx@{u}
> git rev-parse mobx
> git rev-list --left-right mobx...refs/remotes/origin/mobx
> git rev-parse --symbolic-full-name mobx@{u}
> git for-each-ref --format %(refname) %(objectname) --sort -committerdate
> git remote --verbose
> git rev-list --left-right mobx...refs/remotes/origin/mobx
> git for-each-ref --format %(refname) %(objectname) --sort -committerdate
> git remote --verbose
> git fetch
> git fetch
> git fetch
> git status -z -u
> git symbolic-ref --short HEAD
> git rev-parse mobx
> git rev-parse --symbolic-full-name mobx@{u}
> git rev-list --left-right mobx...refs/remotes/origin/mobx
> git for-each-ref --format %(refname) %(objectname) --sort -committerdate
> git remote --verbose
> git status -z -u
> git symbolic-ref --short HEAD
> git rev-parse mobx
> git rev-parse --symbolic-full-name mobx@{u}
> git rev-list --left-right mobx...refs/remotes/origin/mobx
> git status -z -u
> git for-each-ref --format %(refname) %(objectname) --sort -committerdate
> git remote --verbose
> git symbolic-ref --short HEAD
> git rev-parse mobx
> git rev-parse --symbolic-full-name mobx@{u}
> git rev-list --left-right mobx...refs/remotes/origin/mobx
> git for-each-ref --format %(refname) %(objectname) --sort -committerdate
> git remote --verbose
> git status -z -u
> git symbolic-ref --short HEAD
> git rev-parse mobx
> git rev-parse --symbolic-full-name mobx@{u}
> git rev-list --left-right mobx...refs/remotes/origin/mobx
> git for-each-ref --format %(refname) %(objectname) --sort -committerdate
> git remote --verbose
> git show :helpers/collections.js
> git status -z -u
> git status -z -u
> git symbolic-ref --short HEAD
> git symbolic-ref --short HEAD
> git rev-parse mobx
> git rev-parse mobx
> git rev-parse --symbolic-full-name mobx@{u}
> git rev-parse --symbolic-full-name mobx@{u}
> git rev-list --left-right mobx...refs/remotes/origin/mobx
> git rev-list --left-right mobx...refs/remotes/origin/mobx
> git for-each-ref --format %(refname) %(objectname) --sort -committerdate
> git remote --verbose
> git for-each-ref --format %(refname) %(objectname) --sort -committerdate
> git remote --verbose
> git status -z -u
> git status -z -u
> git symbolic-ref --short HEAD
> git symbolic-ref --short HEAD
> git rev-parse mobx
> git rev-parse mobx
> git rev-parse --symbolic-full-name mobx@{u}
> git rev-parse --symbolic-full-name mobx@{u}
> git rev-list --left-right mobx...refs/remotes/origin/mobx
> git rev-list --left-right mobx...refs/remotes/origin/mobx
> git for-each-ref --format %(refname) %(objectname) --sort -committerdate
> git remote --verbose
> git for-each-ref --format %(refname) %(objectname) --sort -committerdate
> git remote --verbose
> git fetch
> git fetch
> git fetch
> git status -z -u
> git symbolic-ref --short HEAD
> git rev-parse mobx
> git rev-parse --symbolic-full-name mobx@{u}
> git rev-list --left-right mobx...refs/remotes/origin/mobx
> git for-each-ref --format %(refname) %(objectname) --sort -committerdate
> git remote --verbose
> git show :helpers/collections.js
> git status -z -u
> git symbolic-ref --short HEAD
> git rev-parse mobx
> git rev-parse --symbolic-full-name mobx@{u}
> git rev-list --left-right mobx...refs/remotes/origin/mobx
> git for-each-ref --format %(refname) %(objectname) --sort -committerdate
> git remote --verbose
> git status -z -u
> git symbolic-ref --short HEAD
> git rev-parse mobx
> git rev-parse --symbolic-full-name mobx@{u}
> git rev-list --left-right mobx...refs/remotes/origin/mobx
> git for-each-ref --format %(refname) %(objectname) --sort -committerdate
> git remote --verbose
> git status -z -u
> git symbolic-ref --short HEAD
> git rev-parse mobx
> git show :helpers/collections.js
> git rev-parse --symbolic-full-name mobx@{u}
> git rev-list --left-right mobx...refs/remotes/origin/mobx
> git for-each-ref --format %(refname) %(objectname) --sort -committerdate
> git remote --verbose
> git status -z -u
> git status -z -u
> git symbolic-ref --short HEAD
> git symbolic-ref --short HEAD
> git rev-parse mobx
> git rev-parse mobx
> git rev-parse --symbolic-full-name mobx@{u}
> git rev-parse --symbolic-full-name mobx@{u}
> git rev-list --left-right mobx...refs/remotes/origin/mobx
> git rev-list --left-right mobx...refs/remotes/origin/mobx
> git for-each-ref --format %(refname) %(objectname) --sort -committerdate
> git remote --verbose
> git for-each-ref --format %(refname) %(objectname) --sort -committerdate
> git remote --verbose
> git status -z -u
> git status -z -u
> git symbolic-ref --short HEAD
> git symbolic-ref --short HEAD
> git rev-parse mobx
> git rev-parse mobx
> git rev-parse --symbolic-full-name mobx@{u}
> git rev-parse --symbolic-full-name mobx@{u}
> git rev-list --left-right mobx...refs/remotes/origin/mobx
> git rev-list --left-right mobx...refs/remotes/origin/mobx
> git for-each-ref --format %(refname) %(objectname) --sort -committerdate
> git remote --verbose
> git for-each-ref --format %(refname) %(objectname) --sort -committerdate
> git remote --verbose
> git show :components/init.js
> git fetch
> git status -z -u
> git show :components/init.js
> git symbolic-ref --short HEAD
> git rev-parse mobx
> git rev-parse --symbolic-full-name mobx@{u}
> git rev-list --left-right mobx...refs/remotes/origin/mobx
> git for-each-ref --format %(refname) %(objectname) --sort -committerdate
> git remote --verbose
> git fetch
> git fetch
> git status -z -u
> git symbolic-ref --short HEAD
> git rev-parse mobx
> git rev-parse --symbolic-full-name mobx@{u}
> git rev-list --left-right mobx...refs/remotes/origin/mobx
> git for-each-ref --format %(refname) %(objectname) --sort -committerdate
> git remote --verbose
> git status -z -u
> git symbolic-ref --short HEAD
> git rev-parse mobx
> git rev-parse --symbolic-full-name mobx@{u}
> git rev-list --left-right mobx...refs/remotes/origin/mobx
> git for-each-ref --format %(refname) %(objectname) --sort -committerdate
> git remote --verbose
> git show :components/init.js
> git status -z -u
> git symbolic-ref --short HEAD
> git rev-parse mobx
> git rev-parse --symbolic-full-name mobx@{u}
> git rev-list --left-right mobx...refs/remotes/origin/mobx
> git for-each-ref --format %(refname) %(objectname) --sort -committerdate
> git remote --verbose
> git show :components/init.js
> git status -z -u
> git symbolic-ref --short HEAD
> git rev-parse mobx
> git rev-parse --symbolic-full-name mobx@{u}
> git rev-list --left-right mobx...refs/remotes/origin/mobx
> git for-each-ref --format %(refname) %(objectname) --sort -committerdate
> git remote --verbose
> git status -z -u
> git symbolic-ref --short HEAD
> git rev-parse mobx
> git rev-parse --symbolic-full-name mobx@{u}
> git rev-list --left-right mobx...refs/remotes/origin/mobx
> git for-each-ref --format %(refname) %(objectname) --sort -committerdate
> git remote --verbose
> git status -z -u
> git symbolic-ref --short HEAD
> git rev-parse mobx
> git rev-parse --symbolic-full-name mobx@{u}
> git rev-list --left-right mobx...refs/remotes/origin/mobx
> git for-each-ref --format %(refname) %(objectname) --sort -committerdate
> git remote --verbose
> git fetch
> git status -z -u
> git show :components/init.js
> git symbolic-ref --short HEAD
> git rev-parse mobx
> git rev-parse --symbolic-full-name mobx@{u}
> git fetch
> git rev-list --left-right mobx...refs/remotes/origin/mobx
> git for-each-ref --format %(refname) %(objectname) --sort -committerdate
> git remote --verbose
> git show :components/init.js
> git fetch
> git status -z -u
> git symbolic-ref --short HEAD
> git rev-parse mobx
> git rev-parse --symbolic-full-name mobx@{u}
> git rev-list --left-right mobx...refs/remotes/origin/mobx
> git status -z -u
> git for-each-ref --format %(refname) %(objectname) --sort -committerdate
> git remote --verbose
> git symbolic-ref --short HEAD
> git rev-parse mobx
> git rev-parse --symbolic-full-name mobx@{u}
> git rev-list --left-right mobx...refs/remotes/origin/mobx
> git for-each-ref --format %(refname) %(objectname) --sort -committerdate
> git remote --verbose
> git show :components/init.js
> git status -z -u
> git symbolic-ref --short HEAD
> git rev-parse mobx
> git rev-parse --symbolic-full-name mobx@{u}
> git rev-list --left-right mobx...refs/remotes/origin/mobx
> git for-each-ref --format %(refname) %(objectname) --sort -committerdate
> git remote --verbose
> git show :components/init.js
> git status -z -u
> git symbolic-ref --short HEAD
> git rev-parse mobx
> git rev-parse --symbolic-full-name mobx@{u}
> git rev-list --left-right mobx...refs/remotes/origin/mobx
> git for-each-ref --format %(refname) %(objectname) --sort -committerdate
> git remote --verbose
> git status -z -u
> git status -z -u
> git symbolic-ref --short HEAD
> git symbolic-ref --short HEAD
> git rev-parse mobx
> git rev-parse mobx
> git rev-parse --symbolic-full-name mobx@{u}
> git rev-parse --symbolic-full-name mobx@{u}
> git rev-list --left-right mobx...refs/remotes/origin/mobx
> git rev-list --left-right mobx...refs/remotes/origin/mobx
> git for-each-ref --format %(refname) %(objectname) --sort -committerdate
> git remote --verbose
> git for-each-ref --format %(refname) %(objectname) --sort -committerdate
> git remote --verbose
> git status -z -u
> git status -z -u
> git symbolic-ref --short HEAD
> git symbolic-ref --short HEAD
> git rev-parse mobx
> git rev-parse mobx
> git rev-parse --symbolic-full-name mobx@{u}
> git rev-parse --symbolic-full-name mobx@{u}
> git rev-list --left-right mobx...refs/remotes/origin/mobx
> git rev-list --left-right mobx...refs/remotes/origin/mobx
> git for-each-ref --format %(refname) %(objectname) --sort -committerdate
> git remote --verbose
> git for-each-ref --format %(refname) %(objectname) --sort -committerdate
> git remote --verbose
> git status -z -u
> git status -z -u
> git symbolic-ref --short HEAD
> git symbolic-ref --short HEAD
> git rev-parse mobx
> git rev-parse mobx
> git rev-parse --symbolic-full-name mobx@{u}
> git rev-parse --symbolic-full-name mobx@{u}
> git rev-list --left-right mobx...refs/remotes/origin/mobx
> git rev-list --left-right mobx...refs/remotes/origin/mobx
> git for-each-ref --format %(refname) %(objectname) --sort -committerdate
> git remote --verbose
> git for-each-ref --format %(refname) %(objectname) --sort -committerdate
> git remote --verbose
> git fetch
> git fetch
> git fetch
> git show :components/init.js
> git status -z -u
> git status -z -u
> git status -z -u
> git symbolic-ref --short HEAD
> git symbolic-ref --short HEAD
> git rev-parse mobx
> git symbolic-ref --short HEAD
> git rev-parse mobx
> git rev-parse --symbolic-full-name mobx@{u}
> git rev-parse mobx
> git rev-parse --symbolic-full-name mobx@{u}
> git rev-list --left-right mobx...refs/remotes/origin/mobx
> git rev-parse --symbolic-full-name mobx@{u}
> git rev-list --left-right mobx...refs/remotes/origin/mobx
> git for-each-ref --format %(refname) %(objectname) --sort -committerdate
> git remote --verbose
> git rev-list --left-right mobx...refs/remotes/origin/mobx
> git for-each-ref --format %(refname) %(objectname) --sort -committerdate
> git remote --verbose
> git for-each-ref --format %(refname) %(objectname) --sort -committerdate
> git remote --verbose
> git show :components/init.js
> git status -z -u
> git status -z -u
> git symbolic-ref --short HEAD
> git symbolic-ref --short HEAD
> git rev-parse mobx
> git rev-parse mobx
> git rev-parse --symbolic-full-name mobx@{u}
> git rev-parse --symbolic-full-name mobx@{u}
> git rev-list --left-right mobx...refs/remotes/origin/mobx
> git rev-list --left-right mobx...refs/remotes/origin/mobx
> git for-each-ref --format %(refname) %(objectname) --sort -committerdate
> git remote --verbose
> git for-each-ref --format %(refname) %(objectname) --sort -committerdate
> git remote --verbose
> git status -z -u
> git status -z -u
> git symbolic-ref --short HEAD
> git symbolic-ref --short HEAD
> git rev-parse mobx
> git rev-parse mobx
> git rev-parse --symbolic-full-name mobx@{u}
> git rev-parse --symbolic-full-name mobx@{u}
> git show :helpers/collections.js
> git rev-list --left-right mobx...refs/remotes/origin/mobx
> git rev-list --left-right mobx...refs/remotes/origin/mobx
> git for-each-ref --format %(refname) %(objectname) --sort -committerdate
> git remote --verbose
> git for-each-ref --format %(refname) %(objectname) --sort -committerdate
> git remote --verbose
> git show :components/init.js
> git fetch
> git fetch
> git fetch
> git show :components/init.js
> git status -z -u
> git symbolic-ref --short HEAD
> git rev-parse mobx
> git status -z -u
> git rev-parse --symbolic-full-name mobx@{u}
> git symbolic-ref --short HEAD
> git rev-list --left-right mobx...refs/remotes/origin/mobx
> git rev-parse mobx
> git for-each-ref --format %(refname) %(objectname) --sort -committerdate
> git remote --verbose
> git rev-parse --symbolic-full-name mobx@{u}
> git check-ignore -z --stdin
> git status -z -u
> git rev-list --left-right mobx...refs/remotes/origin/mobx
> git symbolic-ref --short HEAD
> git for-each-ref --format %(refname) %(objectname) --sort -committerdate
> git remote --verbose
> git rev-parse mobx
> git rev-parse --symbolic-full-name mobx@{u}
> git rev-list --left-right mobx...refs/remotes/origin/mobx
> git for-each-ref --format %(refname) %(objectname) --sort -committerdate
> git remote --verbose
> git show :components/init.js
> git show :src/platformhelpers/file-storage.js
> git show :components/init.js
> git show :helpers/storage.js
> git status -z -u
> git status -z -u
> git symbolic-ref --short HEAD
> git symbolic-ref --short HEAD
> git rev-parse mobx
> git rev-parse mobx
> git rev-parse --symbolic-full-name mobx@{u}
> git rev-parse --symbolic-full-name mobx@{u}
> git rev-list --left-right mobx...refs/remotes/origin/mobx
> git rev-list --left-right mobx...refs/remotes/origin/mobx
> git for-each-ref --format %(refname) %(objectname) --sort -committerdate
> git remote --verbose
> git for-each-ref --format %(refname) %(objectname) --sort -committerdate
> git remote --verbose
> git status -z -u
> git status -z -u
> git symbolic-ref --short HEAD
> git symbolic-ref --short HEAD
> git rev-parse mobx
> git rev-parse mobx
> git rev-parse --symbolic-full-name mobx@{u}
> git rev-parse --symbolic-full-name mobx@{u}
> git rev-list --left-right mobx...refs/remotes/origin/mobx
> git rev-list --left-right mobx...refs/remotes/origin/mobx
> git for-each-ref --format %(refname) %(objectname) --sort -committerdate
> git remote --verbose
> git for-each-ref --format %(refname) %(objectname) --sort -committerdate
> git remote --verbose
> git show :components/init.js
> git show :src/components/init.js
> git show :components/init.js
> git show :src/renderer/index.js
> git show :src/components/scan-app.js
> git show :src/components/side-bar.js
> git show :src/components/settings.js
> git show :components/settings.js
> git status -z -u
> git status -z -u
> git symbolic-ref --short HEAD
> git symbolic-ref --short HEAD
> git rev-parse mobx
> git rev-parse mobx
> git rev-parse --symbolic-full-name mobx@{u}
> git rev-parse --symbolic-full-name mobx@{u}
> git rev-list --left-right mobx...refs/remotes/origin/mobx
> git rev-list --left-right mobx...refs/remotes/origin/mobx
> git for-each-ref --format %(refname) %(objectname) --sort -committerdate
> git remote --verbose
> git for-each-ref --format %(refname) %(objectname) --sort -committerdate
> git remote --verbose
> git fetch
> git fetch
> git fetch
> git show :components/settings.js
> git status -z -u
> git status -z -u
> git status -z -u
> git symbolic-ref --short HEAD
> git symbolic-ref --short HEAD
> git rev-parse mobx
> git rev-parse mobx
> git symbolic-ref --short HEAD
> git rev-parse --symbolic-full-name mobx@{u}
> git rev-parse --symbolic-full-name mobx@{u}
> git rev-parse mobx
> git rev-list --left-right mobx...refs/remotes/origin/mobx
> git rev-list --left-right mobx...refs/remotes/origin/mobx
> git rev-parse --symbolic-full-name mobx@{u}
> git for-each-ref --format %(refname) %(objectname) --sort -committerdate
> git remote --verbose
> git for-each-ref --format %(refname) %(objectname) --sort -committerdate
> git remote --verbose
> git rev-list --left-right mobx...refs/remotes/origin/mobx
> git for-each-ref --format %(refname) %(objectname) --sort -committerdate
> git remote --verbose
> git show :components/settings.js
> git show :src/viewcomponents/settings-view.js
> git show :components/settings.js
> git status -z -u
> git status -z -u
> git show :src/viewcomponents/settings-view.js
> git symbolic-ref --short HEAD
> git symbolic-ref --short HEAD
> git rev-parse mobx
> git rev-parse mobx
> git rev-parse --symbolic-full-name mobx@{u}
> git rev-parse --symbolic-full-name mobx@{u}
> git rev-list --left-right mobx...refs/remotes/origin/mobx
> git for-each-ref --format %(refname) %(objectname) --sort -committerdate
> git remote --verbose
> git rev-list --left-right mobx...refs/remotes/origin/mobx
> git for-each-ref --format %(refname) %(objectname) --sort -committerdate
> git remote --verbose
> git show :src/viewcomponents/event-picker.js
> git status -z -u
> git symbolic-ref --short HEAD
> git rev-parse mobx
> git rev-parse --symbolic-full-name mobx@{u}
> git rev-list --left-right mobx...refs/remotes/origin/mobx
> git for-each-ref --format %(refname) %(objectname) --sort -committerdate
> git remote --verbose
> git status -z -u
> git symbolic-ref --short HEAD
> git rev-parse mobx
> git rev-parse --symbolic-full-name mobx@{u}
> git rev-list --left-right mobx...refs/remotes/origin/mobx
> git for-each-ref --format %(refname) %(objectname) --sort -committerdate
> git remote --verbose
> git status -z -u
> git symbolic-ref --short HEAD
> git rev-parse mobx
> git rev-parse --symbolic-full-name mobx@{u}
> git rev-list --left-right mobx...refs/remotes/origin/mobx
> git for-each-ref --format %(refname) %(objectname) --sort -committerdate
> git remote --verbose
> git show :components/init.js
> git show :helpers/collections.js
> git fetch
> git fetch
> git fetch
> git show :helpers/collections.js
> git status -z -u
> git status -z -u
> git symbolic-ref --short HEAD
> git status -z -u
> git symbolic-ref --short HEAD
> git rev-parse mobx
> git symbolic-ref --short HEAD
> git rev-parse mobx
> git rev-parse --symbolic-full-name mobx@{u}
> git rev-parse mobx
> git rev-parse --symbolic-full-name mobx@{u}
> git rev-list --left-right mobx...refs/remotes/origin/mobx
> git rev-parse --symbolic-full-name mobx@{u}
> git rev-list --left-right mobx...refs/remotes/origin/mobx
> git for-each-ref --format %(refname) %(objectname) --sort -committerdate
> git remote --verbose
> git rev-list --left-right mobx...refs/remotes/origin/mobx
> git for-each-ref --format %(refname) %(objectname) --sort -committerdate
> git remote --verbose
> git for-each-ref --format %(refname) %(objectname) --sort -committerdate
> git remote --verbose
> git show :helpers/collections.js
> git show :components/init.js
> git status -z -u
> git status -z -u
> git symbolic-ref --short HEAD
> git symbolic-ref --short HEAD
> git rev-parse mobx
> git rev-parse mobx
> git rev-parse --symbolic-full-name mobx@{u}
> git rev-parse --symbolic-full-name mobx@{u}
> git rev-list --left-right mobx...refs/remotes/origin/mobx
> git rev-list --left-right mobx...refs/remotes/origin/mobx
> git for-each-ref --format %(refname) %(objectname) --sort -committerdate
> git remote --verbose
> git for-each-ref --format %(refname) %(objectname) --sort -committerdate
> git remote --verbose
> git show :helpers/collections.js
> git status -z -u
> git status -z -u
> git symbolic-ref --short HEAD
> git symbolic-ref --short HEAD
> git rev-parse mobx
> git rev-parse mobx
> git rev-parse --symbolic-full-name mobx@{u}
> git rev-parse --symbolic-full-name mobx@{u}
> git rev-list --left-right mobx...refs/remotes/origin/mobx
> git rev-list --left-right mobx...refs/remotes/origin/mobx
> git for-each-ref --format %(refname) %(objectname) --sort -committerdate
> git remote --verbose
> git for-each-ref --format %(refname) %(objectname) --sort -committerdate
> git remote --verbose
> git status -z -u
> git status -z -u
> git symbolic-ref --short HEAD
> git rev-parse mobx
> git symbolic-ref --short HEAD
> git rev-parse --symbolic-full-name mobx@{u}
> git rev-parse mobx
> git rev-list --left-right mobx...refs/remotes/origin/mobx
> git rev-parse --symbolic-full-name mobx@{u}
> git for-each-ref --format %(refname) %(objectname) --sort -committerdate
> git remote --verbose
> git rev-list --left-right mobx...refs/remotes/origin/mobx
> git for-each-ref --format %(refname) %(objectname) --sort -committerdate
> git remote --verbose
> git show :components/init.js
> git show :helpers/collections.js
> git status -z -u
> git status -z -u
> git symbolic-ref --short HEAD
> git symbolic-ref --short HEAD
> git rev-parse mobx
> git rev-parse mobx
> git rev-parse --symbolic-full-name mobx@{u}
> git rev-parse --symbolic-full-name mobx@{u}
> git rev-list --left-right mobx...refs/remotes/origin/mobx
> git rev-list --left-right mobx...refs/remotes/origin/mobx
> git for-each-ref --format %(refname) %(objectname) --sort -committerdate
> git remote --verbose
> git for-each-ref --format %(refname) %(objectname) --sort -committerdate
> git remote --verbose
> git show :components/init.js
> git status -z -u
> git status -z -u
> git symbolic-ref --short HEAD
> git symbolic-ref --short HEAD
> git rev-parse mobx
> git rev-parse mobx
> git rev-parse --symbolic-full-name mobx@{u}
> git rev-parse --symbolic-full-name mobx@{u}
> git rev-list --left-right mobx...refs/remotes/origin/mobx
> git rev-list --left-right mobx...refs/remotes/origin/mobx
> git for-each-ref --format %(refname) %(objectname) --sort -committerdate
> git remote --verbose
> git for-each-ref --format %(refname) %(objectname) --sort -committerdate
> git remote --verbose
> git fetch
> git fetch
> git fetch
> git show :helpers/collections.js
> git show :helpers/collections.js
> git status -z -u
> git status -z -u
> git symbolic-ref --short HEAD
> git status -z -u
> git symbolic-ref --short HEAD
> git rev-parse mobx
> git symbolic-ref --short HEAD
> git rev-parse mobx
> git rev-parse --symbolic-full-name mobx@{u}
> git rev-parse mobx
> git rev-parse --symbolic-full-name mobx@{u}
> git rev-list --left-right mobx...refs/remotes/origin/mobx
> git rev-list --left-right mobx...refs/remotes/origin/mobx
> git rev-parse --symbolic-full-name mobx@{u}
> git for-each-ref --format %(refname) %(objectname) --sort -committerdate
> git remote --verbose
> git rev-list --left-right mobx...refs/remotes/origin/mobx
> git for-each-ref --format %(refname) %(objectname) --sort -committerdate
> git remote --verbose
> git for-each-ref --format %(refname) %(objectname) --sort -committerdate
> git remote --verbose
> git show :helpers/collections.js
> git status -z -u
> git status -z -u
> git symbolic-ref --short HEAD
> git symbolic-ref --short HEAD
> git rev-parse mobx
> git rev-parse mobx
> git rev-parse --symbolic-full-name mobx@{u}
> git rev-parse --symbolic-full-name mobx@{u}
> git rev-list --left-right mobx...refs/remotes/origin/mobx
> git rev-list --left-right mobx...refs/remotes/origin/mobx
> git for-each-ref --format %(refname) %(objectname) --sort -committerdate
> git remote --verbose
> git for-each-ref --format %(refname) %(objectname) --sort -committerdate
> git remote --verbose
> git status -z -u
> git status -z -u
> git symbolic-ref --short HEAD
> git symbolic-ref --short HEAD
> git rev-parse mobx
> git rev-parse mobx
> git rev-parse --symbolic-full-name mobx@{u}
> git rev-parse --symbolic-full-name mobx@{u}
> git rev-list --left-right mobx...refs/remotes/origin/mobx
> git rev-list --left-right mobx...refs/remotes/origin/mobx
> git for-each-ref --format %(refname) %(objectname) --sort -committerdate
> git remote --verbose
> git for-each-ref --format %(refname) %(objectname) --sort -committerdate
> git remote --verbose
> git status -z -u
> git status -z -u
> git symbolic-ref --short HEAD
> git symbolic-ref --short HEAD
> git rev-parse mobx
> git rev-parse mobx
> git rev-parse --symbolic-full-name mobx@{u}
> git rev-parse --symbolic-full-name mobx@{u}
> git rev-list --left-right mobx...refs/remotes/origin/mobx
> git rev-list --left-right mobx...refs/remotes/origin/mobx
> git for-each-ref --format %(refname) %(objectname) --sort -committerdate
> git remote --verbose
> git for-each-ref --format %(refname) %(objectname) --sort -committerdate
> git remote --verbose
> git fetch
> git fetch
> git fetch
> git show :src/viewcomponents/event-picker.js
> git show :src/viewcomponents/event-picker.js
> git status -z -u
> git status -z -u
> git symbolic-ref --short HEAD
> git symbolic-ref --short HEAD
> git rev-parse mobx
> git rev-parse mobx
> git rev-parse --symbolic-full-name mobx@{u}
> git rev-parse --symbolic-full-name mobx@{u}
> git rev-list --left-right mobx...refs/remotes/origin/mobx
> git rev-list --left-right mobx...refs/remotes/origin/mobx
> git for-each-ref --format %(refname) %(objectname) --sort -committerdate
> git remote --verbose
> git for-each-ref --format %(refname) %(objectname) --sort -committerdate
> git remote --verbose
> git status -z -u
> git symbolic-ref --short HEAD
> git rev-parse mobx
> git rev-parse --symbolic-full-name mobx@{u}
> git rev-list --left-right mobx...refs/remotes/origin/mobx
> git for-each-ref --format %(refname) %(objectname) --sort -committerdate
> git remote --verbose
> git show :src/viewcomponents/event-picker.js
> git show :helpers/storage.js
> git status -z -u
> git status -z -u
> git symbolic-ref --short HEAD
> git symbolic-ref --short HEAD
> git rev-parse mobx
> git rev-parse mobx
> git rev-parse --symbolic-full-name mobx@{u}
> git rev-parse --symbolic-full-name mobx@{u}
> git rev-list --left-right mobx...refs/remotes/origin/mobx
> git rev-list --left-right mobx...refs/remotes/origin/mobx
> git for-each-ref --format %(refname) %(objectname) --sort -committerdate
> git remote --verbose
> git for-each-ref --format %(refname) %(objectname) --sort -committerdate
> git remote --verbose
> git status -z -u
> git status -z -u
> git symbolic-ref --short HEAD
> git symbolic-ref --short HEAD
> git rev-parse mobx
> git rev-parse mobx
> git rev-parse --symbolic-full-name mobx@{u}
> git rev-parse --symbolic-full-name mobx@{u}
> git rev-list --left-right mobx...refs/remotes/origin/mobx
> git rev-list --left-right mobx...refs/remotes/origin/mobx
> git for-each-ref --format %(refname) %(objectname) --sort -committerdate
> git remote --verbose
> git for-each-ref --format %(refname) %(objectname) --sort -committerdate
> git remote --verbose
> git fetch
> git fetch
> git fetch
> git show :helpers/storage.js
> git status -z -u
> git status -z -u
> git symbolic-ref --short HEAD
> git rev-parse mobx
> git symbolic-ref --short HEAD
> git rev-parse --symbolic-full-name mobx@{u}
> git rev-parse mobx
> git status -z -u
> git rev-list --left-right mobx...refs/remotes/origin/mobx
> git rev-parse --symbolic-full-name mobx@{u}
> git symbolic-ref --short HEAD
> git for-each-ref --format %(refname) %(objectname) --sort -committerdate
> git remote --verbose
> git rev-list --left-right mobx...refs/remotes/origin/mobx
> git rev-parse mobx
> git for-each-ref --format %(refname) %(objectname) --sort -committerdate
> git remote --verbose
> git rev-parse --symbolic-full-name mobx@{u}
> git rev-list --left-right mobx...refs/remotes/origin/mobx
> git for-each-ref --format %(refname) %(objectname) --sort -committerdate
> git remote --verbose
> git show :src/viewcomponents/settings-view.js
> git show :src/viewcomponents/settings-view.js
> git show :src/viewcomponents/event-picker.js
> git status -z -u
> git symbolic-ref --short HEAD
> git rev-parse mobx
> git rev-parse --symbolic-full-name mobx@{u}
> git rev-list --left-right mobx...refs/remotes/origin/mobx
> git for-each-ref --format %(refname) %(objectname) --sort -committerdate
> git remote --verbose
> git status -z -u
> git symbolic-ref --short HEAD
> git rev-parse mobx
> git rev-parse --symbolic-full-name mobx@{u}
> git rev-list --left-right mobx...refs/remotes/origin/mobx
> git for-each-ref --format %(refname) %(objectname) --sort -committerdate
> git remote --verbose
> git show :src/viewcomponents/settings-view.js
> git show :components/settings.js
> git show :helpers/collections.js
> git show :helpers/rest-api.js
> git status -z -u
> git status -z -u
> git symbolic-ref --short HEAD
> git symbolic-ref --short HEAD
> git rev-parse mobx
> git rev-parse mobx
> git rev-parse --symbolic-full-name mobx@{u}
> git rev-parse --symbolic-full-name mobx@{u}
> git rev-list --left-right mobx...refs/remotes/origin/mobx
> git rev-list --left-right mobx...refs/remotes/origin/mobx
> git for-each-ref --format %(refname) %(objectname) --sort -committerdate
> git remote --verbose
> git for-each-ref --format %(refname) %(objectname) --sort -committerdate
> git remote --verbose
> git fetch
> git fetch
> git fetch
> git show :helpers/rest-api.js
> git status -z -u
> git symbolic-ref --short HEAD
> git rev-parse mobx
> git rev-parse --symbolic-full-name mobx@{u}
> git rev-list --left-right mobx...refs/remotes/origin/mobx
> git for-each-ref --format %(refname) %(objectname) --sort -committerdate
> git remote --verbose
> git status -z -u
> git status -z -u
> git symbolic-ref --short HEAD
> git symbolic-ref --short HEAD
> git rev-parse mobx
> git rev-parse mobx
> git rev-parse --symbolic-full-name mobx@{u}
> git rev-parse --symbolic-full-name mobx@{u}
> git rev-list --left-right mobx...refs/remotes/origin/mobx
> git rev-list --left-right mobx...refs/remotes/origin/mobx
> git for-each-ref --format %(refname) %(objectname) --sort -committerdate
> git remote --verbose
> git for-each-ref --format %(refname) %(objectname) --sort -committerdate
> git remote --verbose
> git show :helpers/rest-api.js
> git status -z -u
> git symbolic-ref --short HEAD
> git rev-parse mobx
> git rev-parse --symbolic-full-name mobx@{u}
> git rev-list --left-right mobx...refs/remotes/origin/mobx
> git for-each-ref --format %(refname) %(objectname) --sort -committerdate
> git remote --verbose
> git show :helpers/storage.js
> git status -z -u
> git status -z -u
> git symbolic-ref --short HEAD
> git symbolic-ref --short HEAD
> git rev-parse mobx
> git rev-parse mobx
> git rev-parse --symbolic-full-name mobx@{u}
> git rev-parse --symbolic-full-name mobx@{u}
> git rev-list --left-right mobx...refs/remotes/origin/mobx
> git rev-list --left-right mobx...refs/remotes/origin/mobx
> git for-each-ref --format %(refname) %(objectname) --sort -committerdate
> git remote --verbose
> git for-each-ref --format %(refname) %(objectname) --sort -committerdate
> git remote --verbose
> git status -z -u
> git status -z -u
> git symbolic-ref --short HEAD
> git symbolic-ref --short HEAD
> git rev-parse mobx
> git rev-parse mobx
> git rev-parse --symbolic-full-name mobx@{u}
> git rev-parse --symbolic-full-name mobx@{u}
> git rev-list --left-right mobx...refs/remotes/origin/mobx
> git rev-list --left-right mobx...refs/remotes/origin/mobx
> git for-each-ref --format %(refname) %(objectname) --sort -committerdate
> git remote --verbose
> git for-each-ref --format %(refname) %(objectname) --sort -committerdate
> git remote --verbose
> git show :helpers/collections.js
> git status -z -u
> git status -z -u
> git symbolic-ref --short HEAD
> git symbolic-ref --short HEAD
> git rev-parse mobx
> git rev-parse mobx
> git rev-parse --symbolic-full-name mobx@{u}
> git rev-parse --symbolic-full-name mobx@{u}
> git rev-list --left-right mobx...refs/remotes/origin/mobx
> git rev-list --left-right mobx...refs/remotes/origin/mobx
> git for-each-ref --format %(refname) %(objectname) --sort -committerdate
> git remote --verbose
> git for-each-ref --format %(refname) %(objectname) --sort -committerdate
> git remote --verbose
> git status -z -u
> git status -z -u
> git symbolic-ref --short HEAD
> git symbolic-ref --short HEAD
> git rev-parse mobx
> git rev-parse mobx
> git rev-parse --symbolic-full-name mobx@{u}
> git rev-parse --symbolic-full-name mobx@{u}
> git rev-list --left-right mobx...refs/remotes/origin/mobx
> git rev-list --left-right mobx...refs/remotes/origin/mobx
> git for-each-ref --format %(refname) %(objectname) --sort -committerdate
> git remote --verbose
> git for-each-ref --format %(refname) %(objectname) --sort -committerdate
> git remote --verbose
> git status -z -u
> git status -z -u
> git symbolic-ref --short HEAD
> git symbolic-ref --short HEAD
> git rev-parse mobx
> git rev-parse mobx
> git rev-parse --symbolic-full-name mobx@{u}
> git rev-parse --symbolic-full-name mobx@{u}
> git rev-list --left-right mobx...refs/remotes/origin/mobx
> git rev-list --left-right mobx...refs/remotes/origin/mobx
> git for-each-ref --format %(refname) %(objectname) --sort -committerdate
> git remote --verbose
> git for-each-ref --format %(refname) %(objectname) --sort -committerdate
> git remote --verbose
> git status -z -u
> git status -z -u
> git symbolic-ref --short HEAD
> git symbolic-ref --short HEAD
> git rev-parse mobx
> git rev-parse mobx
> git rev-parse --symbolic-full-name mobx@{u}
> git rev-parse --symbolic-full-name mobx@{u}
> git rev-list --left-right mobx...refs/remotes/origin/mobx
> git rev-list --left-right mobx...refs/remotes/origin/mobx
> git for-each-ref --format %(refname) %(objectname) --sort -committerdate
> git remote --verbose
> git for-each-ref --format %(refname) %(objectname) --sort -committerdate
> git remote --verbose
> git fetch
> git fetch
> git fetch
> git show :helpers/collections.js
> git status -z -u
> git status -z -u
> git symbolic-ref --short HEAD
> git symbolic-ref --short HEAD
> git rev-parse mobx
> git status -z -u
> git rev-parse mobx
> git rev-parse --symbolic-full-name mobx@{u}
> git rev-parse --symbolic-full-name mobx@{u}
> git symbolic-ref --short HEAD
> git rev-list --left-right mobx...refs/remotes/origin/mobx
> git rev-list --left-right mobx...refs/remotes/origin/mobx
> git rev-parse mobx
> git for-each-ref --format %(refname) %(objectname) --sort -committerdate
> git remote --verbose
> git for-each-ref --format %(refname) %(objectname) --sort -committerdate
> git remote --verbose
> git rev-parse --symbolic-full-name mobx@{u}
> git rev-list --left-right mobx...refs/remotes/origin/mobx
> git for-each-ref --format %(refname) %(objectname) --sort -committerdate
> git remote --verbose
> git show :helpers/collections.js
> git status -z -u
> git status -z -u
> git symbolic-ref --short HEAD
> git symbolic-ref --short HEAD
> git rev-parse mobx
> git rev-parse mobx
> git rev-parse --symbolic-full-name mobx@{u}
> git rev-parse --symbolic-full-name mobx@{u}
> git rev-list --left-right mobx...refs/remotes/origin/mobx
> git rev-list --left-right mobx...refs/remotes/origin/mobx
> git for-each-ref --format %(refname) %(objectname) --sort -committerdate
> git remote --verbose
> git for-each-ref --format %(refname) %(objectname) --sort -committerdate
> git remote --verbose
> git show :helpers/storage.js
> git show :helpers/collections.js
> git ls-tree -l HEAD -- b:\dev\scan-app-desktop\src\core\helpers\rest-api.js
> git show 953aba23eea2ecea1b5d2e0089765733e534ca82
> git show HEAD:helpers/rest-api.js
git.stage 1
git.stage.scmResources 1
> git add -A -- b:\dev\scan-app-desktop\src\core\helpers\rest-api.js
> git status -z -u
> git symbolic-ref --short HEAD
> git rev-parse mobx
> git rev-parse --symbolic-full-name mobx@{u}
> git rev-list --left-right mobx...refs/remotes/origin/mobx
> git for-each-ref --format %(refname) %(objectname) --sort -committerdate
> git remote --verbose
> git status -z -u
> git show :helpers/rest-api.js
> git symbolic-ref --short HEAD
> git rev-parse mobx
> git rev-parse --symbolic-full-name mobx@{u}
> git ls-tree -l HEAD -- b:\dev\scan-app-desktop\src\core\helpers\rest-api.js
> git rev-list --left-right mobx...refs/remotes/origin/mobx
> git show 953aba23eea2ecea1b5d2e0089765733e534ca82
> git for-each-ref --format %(refname) %(objectname) --sort -committerdate
> git remote --verbose
> git ls-files --stage -- b:\dev\scan-app-desktop\src\core\helpers\rest-api.js
> git cat-file -s d85e0bb32339f16d328292edcee4282414bad318
> git show d85e0bb32339f16d328292edcee4282414bad318
> git show HEAD:helpers/rest-api.js
> git show :helpers/rest-api.js
> git ls-tree -l HEAD -- b:\dev\scan-app-desktop\src\core\components\init.js
> git show 1e19d782f99c2368bb1f557030496f361e4998a3
> git show HEAD:components/init.js
git.stage 1
git.stage.scmResources 1
> git add -A -- b:\dev\scan-app-desktop\src\core\components\init.js
> git status -z -u
> git symbolic-ref --short HEAD
> git rev-parse mobx
> git rev-parse --symbolic-full-name mobx@{u}
> git rev-list --left-right mobx...refs/remotes/origin/mobx
> git for-each-ref --format %(refname) %(objectname) --sort -committerdate
> git remote --verbose
> git status -z -u
> git show :components/init.js
> git symbolic-ref --short HEAD
> git rev-parse mobx
> git rev-parse --symbolic-full-name mobx@{u}
> git rev-list --left-right mobx...refs/remotes/origin/mobx
> git for-each-ref --format %(refname) %(objectname) --sort -committerdate
> git remote --verbose
> git ls-tree -l HEAD -- b:\dev\scan-app-desktop\src\core\components\settings.js
> git show 18582eba9f5f7a6733bd9a4ab7f52ca4436c0714
> git show HEAD:components/settings.js
> git status -z -u
> git status -z -u
> git symbolic-ref --short HEAD
> git symbolic-ref --short HEAD
> git rev-parse mobx
> git rev-parse mobx
> git rev-parse --symbolic-full-name mobx@{u}
> git rev-parse --symbolic-full-name mobx@{u}
> git rev-list --left-right mobx...refs/remotes/origin/mobx
> git rev-list --left-right mobx...refs/remotes/origin/mobx
> git for-each-ref --format %(refname) %(objectname) --sort -committerdate
> git remote --verbose
> git for-each-ref --format %(refname) %(objectname) --sort -committerdate
> git remote --verbose
> git ls-tree -l HEAD -- b:\dev\scan-app-desktop\src\core\helpers\collections.js
> git show d939d366ae32af312c0fc45c7e3a5b056df6e6b7
> git show HEAD:helpers/collections.js
> git fetch
> git fetch
> git fetch
> git show HEAD:components/settings.js
> git show HEAD:helpers/collections.js
> git status -z -u
> git symbolic-ref --short HEAD
> git status -z -u
> git rev-parse mobx
> git symbolic-ref --short HEAD
> git rev-parse --symbolic-full-name mobx@{u}
> git rev-parse mobx
> git rev-list --left-right mobx...refs/remotes/origin/mobx
> git rev-parse --symbolic-full-name mobx@{u}
> git for-each-ref --format %(refname) %(objectname) --sort -committerdate
> git remote --verbose
> git rev-list --left-right mobx...refs/remotes/origin/mobx
> git for-each-ref --format %(refname) %(objectname) --sort -committerdate
> git remote --verbose
> git status -z -u
> git symbolic-ref --short HEAD
> git rev-parse mobx
> git rev-parse --symbolic-full-name mobx@{u}
> git rev-list --left-right mobx...refs/remotes/origin/mobx
> git for-each-ref --format %(refname) %(objectname) --sort -committerdate
> git remote --verbose
> git status -z -u
> git symbolic-ref --short HEAD
> git rev-parse mobx
> git rev-parse --symbolic-full-name mobx@{u}
> git rev-list --left-right mobx...refs/remotes/origin/mobx
> git for-each-ref --format %(refname) %(objectname) --sort -committerdate
> git remote --verbose
> git show HEAD:components/settings.js
> git show HEAD:helpers/collections.js
git.stage 1
git.stage.scmResources 1
> git add -A -- b:\dev\scan-app-desktop\src\core\helpers\collections.js
> git status -z -u
> git symbolic-ref --short HEAD
> git rev-parse mobx
> git rev-parse --symbolic-full-name mobx@{u}
> git rev-list --left-right mobx...refs/remotes/origin/mobx
> git for-each-ref --format %(refname) %(objectname) --sort -committerdate
> git remote --verbose
> git status -z -u
> git show HEAD:components/settings.js
> git show :helpers/collections.js
> git symbolic-ref --short HEAD
> git rev-parse mobx
> git rev-parse --symbolic-full-name mobx@{u}
> git rev-list --left-right mobx...refs/remotes/origin/mobx
> git for-each-ref --format %(refname) %(objectname) --sort -committerdate
> git remote --verbose
> git add -A -- .
> git commit --quiet --allow-empty-message --file - --all
> git status -z -u
> git symbolic-ref --short HEAD
> git rev-parse mobx
> git rev-parse --symbolic-full-name mobx@{u}
> git status -z -u
> git rev-list --left-right mobx...refs/remotes/origin/mobx
> git symbolic-ref --short HEAD
> git for-each-ref --format %(refname) %(objectname) --sort -committerdate
> git remote --verbose
> git rev-parse mobx
> git config --get commit.template
> git rev-parse --symbolic-full-name mobx@{u}
> git rev-list --left-right mobx...refs/remotes/origin/mobx
> git for-each-ref --format %(refname) %(objectname) --sort -committerdate
> git remote --verbose
> git ls-tree -l HEAD -- b:\dev\scan-app-desktop\src\viewcomponents\event-picker.js
> git show HEAD:components/settings.js
> git show HEAD:helpers/collections.js
> git show 8d6dc3fc2484793362151fcc77a256b276b45e1b
> git show HEAD:src/viewcomponents/event-picker.js
> git status -z -u
> git symbolic-ref --short HEAD
> git rev-parse mobx
> git rev-parse --symbolic-full-name mobx@{u}
> git rev-list --left-right mobx...refs/remotes/origin/mobx
> git for-each-ref --format %(refname) %(objectname) --sort -committerdate
> git remote --verbose
> git status -z -u
> git symbolic-ref --short HEAD
> git rev-parse mobx
> git rev-parse --symbolic-full-name mobx@{u}
> git rev-list --left-right mobx...refs/remotes/origin/mobx
> git for-each-ref --format %(refname) %(objectname) --sort -committerdate
> git remote --verbose
> git ls-tree -l HEAD -- b:\dev\scan-app-desktop\src\components\scanners.js
> git show 44948bd1bbeb72789438cfe969a00bedda167740
> git show HEAD:src/components/scanners.js
git.stage 1
git.stage.scmResources 1
> git add -A -- b:\dev\scan-app-desktop\src\components\scanners.js
> git status -z -u
> git symbolic-ref --short HEAD
> git rev-parse mobx
> git rev-parse --symbolic-full-name mobx@{u}
> git rev-list --left-right mobx...refs/remotes/origin/mobx
> git for-each-ref --format %(refname) %(objectname) --sort -committerdate
> git remote --verbose
> git status -z -u
> git show HEAD:components/settings.js
> git show HEAD:src/viewcomponents/event-picker.js
> git show :src/components/scanners.js
> git symbolic-ref --short HEAD
> git rev-parse mobx
> git rev-parse --symbolic-full-name mobx@{u}
> git rev-list --left-right mobx...refs/remotes/origin/mobx
> git for-each-ref --format %(refname) %(objectname) --sort -committerdate
> git remote --verbose
git.stage 1
git.stage.scmResources 1
> git add -A -- b:\dev\scan-app-desktop\src\core
> git status -z -u
> git symbolic-ref --short HEAD
> git rev-parse mobx
> git rev-parse --symbolic-full-name mobx@{u}
> git rev-list --left-right mobx...refs/remotes/origin/mobx
> git for-each-ref --format %(refname) %(objectname) --sort -committerdate
> git remote --verbose
> git show HEAD:components/settings.js
> git show HEAD:src/viewcomponents/event-picker.js
> git show :src/components/scanners.js
> git commit --quiet --allow-empty-message --file -
> git status -z -u
> git symbolic-ref --short HEAD
> git rev-parse mobx
> git rev-parse --symbolic-full-name mobx@{u}
> git rev-list --left-right mobx...refs/remotes/origin/mobx
> git for-each-ref --format %(refname) %(objectname) --sort -committerdate
> git remote --verbose
> git config --get commit.template
> git show HEAD:components/settings.js
> git show HEAD:src/viewcomponents/event-picker.js
> git show HEAD:src/components/scanners.js
> git show :helpers/collections.js
> git fetch
> git fetch
> git fetch
> git show :helpers/collections.js
> git show HEAD:components/settings.js
> git show HEAD:src/viewcomponents/event-picker.js
> git show HEAD:src/components/scanners.js
> git status -z -u
> git status -z -u
> git symbolic-ref --short HEAD
> git symbolic-ref --short HEAD
> git rev-parse mobx
> git rev-parse mobx
> git rev-parse --symbolic-full-name mobx@{u}
> git rev-parse --symbolic-full-name mobx@{u}
> git rev-list --left-right mobx...refs/remotes/origin/mobx
> git rev-list --left-right mobx...refs/remotes/origin/mobx
> git for-each-ref --format %(refname) %(objectname) --sort -committerdate
> git remote --verbose
> git for-each-ref --format %(refname) %(objectname) --sort -committerdate
> git remote --verbose
> git show :helpers/collections.js
> git show HEAD:components/settings.js
> git show HEAD:src/viewcomponents/event-picker.js
> git show HEAD:src/components/scanners.js
> git status -z -u
> git symbolic-ref --short HEAD
> git rev-parse mobx
> git rev-parse --symbolic-full-name mobx@{u}
> git rev-list --left-right mobx...refs/remotes/origin/mobx
> git for-each-ref --format %(refname) %(objectname) --sort -committerdate
> git remote --verbose
> git status -z -u
> git show :helpers/collections.js
> git show HEAD:components/settings.js
> git show HEAD:src/viewcomponents/event-picker.js
> git show HEAD:src/components/scanners.js
> git symbolic-ref --short HEAD
> git rev-parse mobx
> git rev-parse --symbolic-full-name mobx@{u}
> git rev-list --left-right mobx...refs/remotes/origin/mobx
> git for-each-ref --format %(refname) %(objectname) --sort -committerdate
> git remote --verbose
> git fetch
> git fetch
> git fetch
> git show :helpers/collections.js
> git show HEAD:components/settings.js
> git show HEAD:src/viewcomponents/event-picker.js
> git show HEAD:src/components/scanners.js
> git status -z -u
> git symbolic-ref --short HEAD
> git rev-parse mobx
> git status -z -u
> git rev-parse --symbolic-full-name mobx@{u}
> git symbolic-ref --short HEAD
> git rev-list --left-right mobx...refs/remotes/origin/mobx
> git rev-parse mobx
> git for-each-ref --format %(refname) %(objectname) --sort -committerdate
> git remote --verbose
> git rev-parse --symbolic-full-name mobx@{u}
> git rev-list --left-right mobx...refs/remotes/origin/mobx
> git for-each-ref --format %(refname) %(objectname) --sort -committerdate
> git remote --verbose
> git show :helpers/collections.js
> git show HEAD:components/settings.js
> git show HEAD:src/viewcomponents/event-picker.js
> git show HEAD:src/components/scanners.js
> git status -z -u
> git symbolic-ref --short HEAD
> git rev-parse mobx
> git rev-parse --symbolic-full-name mobx@{u}
> git rev-list --left-right mobx...refs/remotes/origin/mobx
> git for-each-ref --format %(refname) %(objectname) --sort -committerdate
> git remote --verbose
> git show :helpers/collections.js
> git show HEAD:components/settings.js
> git show HEAD:src/viewcomponents/event-picker.js
> git show HEAD:src/components/scanners.js
> git status -z -u
> git symbolic-ref --short HEAD
> git rev-parse mobx
> git rev-parse --symbolic-full-name mobx@{u}
> git rev-list --left-right mobx...refs/remotes/origin/mobx
> git for-each-ref --format %(refname) %(objectname) --sort -committerdate
> git remote --verbose
> git show :helpers/logout.js
> git status -z -u
> git symbolic-ref --short HEAD
> git rev-parse mobx
> git rev-parse --symbolic-full-name mobx@{u}
> git rev-list --left-right mobx...refs/remotes/origin/mobx
> git for-each-ref --format %(refname) %(objectname) --sort -committerdate
> git remote --verbose
> git status -z -u
> git symbolic-ref --short HEAD
> git rev-parse mobx
> git rev-parse --symbolic-full-name mobx@{u}
> git rev-list --left-right mobx...refs/remotes/origin/mobx
> git for-each-ref --format %(refname) %(objectname) --sort -committerdate
> git remote --verbose
> git status -z -u
> git symbolic-ref --short HEAD
> git rev-parse mobx
> git rev-parse --symbolic-full-name mobx@{u}
> git rev-list --left-right mobx...refs/remotes/origin/mobx
> git for-each-ref --format %(refname) %(objectname) --sort -committerdate
> git remote --verbose
> git status -z -u
> git symbolic-ref --short HEAD
> git rev-parse mobx
> git rev-parse --symbolic-full-name mobx@{u}
> git rev-list --left-right mobx...refs/remotes/origin/mobx
> git for-each-ref --format %(refname) %(objectname) --sort -committerdate
> git remote --verbose
> git status -z -u
> git status -z -u
> git symbolic-ref --short HEAD
> git symbolic-ref --short HEAD
> git rev-parse mobx
> git rev-parse mobx
> git rev-parse --symbolic-full-name mobx@{u}
> git rev-parse --symbolic-full-name mobx@{u}
> git rev-list --left-right mobx...refs/remotes/origin/mobx
> git rev-list --left-right mobx...refs/remotes/origin/mobx
> git for-each-ref --format %(refname) %(objectname) --sort -committerdate
> git remote --verbose
> git for-each-ref --format %(refname) %(objectname) --sort -committerdate
> git remote --verbose
> git fetch
> git fetch
> git fetch
> git show HEAD:components/settings.js
> git show HEAD:src/viewcomponents/event-picker.js
> git show :helpers/logout.js
> git status -z -u
> git status -z -u
> git symbolic-ref --short HEAD
> git symbolic-ref --short HEAD
> git rev-parse mobx
> git rev-parse mobx
> git rev-parse --symbolic-full-name mobx@{u}
> git status -z -u
> git rev-parse --symbolic-full-name mobx@{u}
> git rev-list --left-right mobx...refs/remotes/origin/mobx
> git rev-list --left-right mobx...refs/remotes/origin/mobx
> git symbolic-ref --short HEAD
> git for-each-ref --format %(refname) %(objectname) --sort -committerdate
> git remote --verbose
> git for-each-ref --format %(refname) %(objectname) --sort -committerdate
> git remote --verbose
> git rev-parse mobx
> git rev-parse --symbolic-full-name mobx@{u}
> git rev-list --left-right mobx...refs/remotes/origin/mobx
> git for-each-ref --format %(refname) %(objectname) --sort -committerdate
> git remote --verbose
> git show HEAD:components/settings.js
> git show HEAD:src/viewcomponents/event-picker.js
> git show :helpers/logout.js
> git fetch
> git fetch
> git fetch
> git show HEAD:components/settings.js
> git show HEAD:src/viewcomponents/event-picker.js
> git show :helpers/logout.js
> git status -z -u
> git symbolic-ref --short HEAD
> git rev-parse mobx
> git status -z -u
> git rev-parse --symbolic-full-name mobx@{u}
> git rev-list --left-right mobx...refs/remotes/origin/mobx
> git symbolic-ref --short HEAD
> git for-each-ref --format %(refname) %(objectname) --sort -committerdate
> git remote --verbose
> git rev-parse mobx
> git rev-parse --symbolic-full-name mobx@{u}
> git rev-list --left-right mobx...refs/remotes/origin/mobx
> git for-each-ref --format %(refname) %(objectname) --sort -committerdate
> git remote --verbose
> git status -z -u
> git status -z -u
> git symbolic-ref --short HEAD
> git rev-parse mobx
> git symbolic-ref --short HEAD
> git rev-parse --symbolic-full-name mobx@{u}
> git rev-parse mobx
> git rev-list --left-right mobx...refs/remotes/origin/mobx
> git rev-parse --symbolic-full-name mobx@{u}
> git for-each-ref --format %(refname) %(objectname) --sort -committerdate
> git remote --verbose
> git rev-list --left-right mobx...refs/remotes/origin/mobx
> git for-each-ref --format %(refname) %(objectname) --sort -committerdate
> git remote --verbose
> git show HEAD:components/settings.js
> git show HEAD:src/viewcomponents/event-picker.js
> git show :helpers/logout.js
> git fetch
> git fetch
> git fetch
> git show HEAD:components/settings.js
> git show HEAD:src/viewcomponents/event-picker.js
> git show :helpers/logout.js
> git status -z -u
> git status -z -u
> git symbolic-ref --short HEAD
> git symbolic-ref --short HEAD
> git rev-parse mobx
> git rev-parse mobx
> git rev-parse --symbolic-full-name mobx@{u}
> git rev-parse --symbolic-full-name mobx@{u}
> git rev-list --left-right mobx...refs/remotes/origin/mobx
> git rev-list --left-right mobx...refs/remotes/origin/mobx
> git for-each-ref --format %(refname) %(objectname) --sort -committerdate
> git remote --verbose
> git for-each-ref --format %(refname) %(objectname) --sort -committerdate
> git remote --verbose
> git status -z -u
> git status -z -u
> git symbolic-ref --short HEAD
> git symbolic-ref --short HEAD
> git rev-parse mobx
> git rev-parse mobx
> git rev-parse --symbolic-full-name mobx@{u}
> git rev-parse --symbolic-full-name mobx@{u}
> git rev-list --left-right mobx...refs/remotes/origin/mobx
> git rev-list --left-right mobx...refs/remotes/origin/mobx
> git for-each-ref --format %(refname) %(objectname) --sort -committerdate
> git remote --verbose
> git for-each-ref --format %(refname) %(objectname) --sort -committerdate
> git remote --verbose
> git show HEAD:components/settings.js
> git show HEAD:src/viewcomponents/event-picker.js
> git show :helpers/logout.js
> git fetch
> git fetch
> git fetch
> git show HEAD:components/settings.js
> git show HEAD:src/viewcomponents/event-picker.js
> git show :helpers/logout.js
> git status -z -u
> git status -z -u
> git symbolic-ref --short HEAD
> git symbolic-ref --short HEAD
> git rev-parse mobx
> git rev-parse mobx
> git rev-parse --symbolic-full-name mobx@{u}
> git rev-parse --symbolic-full-name mobx@{u}
> git rev-list --left-right mobx...refs/remotes/origin/mobx
> git rev-list --left-right mobx...refs/remotes/origin/mobx
> git for-each-ref --format %(refname) %(objectname) --sort -committerdate
> git remote --verbose
> git for-each-ref --format %(refname) %(objectname) --sort -committerdate
> git remote --verbose
> git status -z -u
> git symbolic-ref --short HEAD
> git rev-parse mobx
> git rev-parse --symbolic-full-name mobx@{u}
> git rev-list --left-right mobx...refs/remotes/origin/mobx
> git for-each-ref --format %(refname) %(objectname) --sort -committerdate
> git remote --verbose
> git status -z -u
> git show HEAD:components/settings.js
> git show HEAD:src/viewcomponents/event-picker.js
> git show :helpers/logout.js
> git symbolic-ref --short HEAD
> git rev-parse mobx
> git rev-parse --symbolic-full-name mobx@{u}
> git rev-list --left-right mobx...refs/remotes/origin/mobx
> git for-each-ref --format %(refname) %(objectname) --sort -committerdate
> git remote --verbose
> git fetch
> git fetch
> git fetch
> git show HEAD:components/settings.js
> git show HEAD:src/viewcomponents/event-picker.js
> git show :helpers/logout.js
> git status -z -u
> git symbolic-ref --short HEAD
> git rev-parse mobx
> git rev-parse --symbolic-full-name mobx@{u}
> git rev-list --left-right mobx...refs/remotes/origin/mobx
> git for-each-ref --format %(refname) %(objectname) --sort -committerdate
> git remote --verbose
> git status -z -u
> git symbolic-ref --short HEAD
> git rev-parse mobx
> git rev-parse --symbolic-full-name mobx@{u}
> git rev-list --left-right mobx...refs/remotes/origin/mobx
> git for-each-ref --format %(refname) %(objectname) --sort -committerdate
> git remote --verbose
> git status -z -u
> git symbolic-ref --short HEAD
> git rev-parse mobx
> git rev-parse --symbolic-full-name mobx@{u}
> git rev-list --left-right mobx...refs/remotes/origin/mobx
> git for-each-ref --format %(refname) %(objectname) --sort -committerdate
> git remote --verbose
> git show HEAD:components/settings.js
> git show HEAD:src/viewcomponents/event-picker.js
> git show :helpers/logout.js
> git fetch
> git status -z -u
> git show HEAD:components/settings.js
> git show HEAD:src/viewcomponents/event-picker.js
> git show :helpers/logout.js
> git symbolic-ref --short HEAD
> git rev-parse mobx
> git rev-parse --symbolic-full-name mobx@{u}
> git rev-list --left-right mobx...refs/remotes/origin/mobx
> git for-each-ref --format %(refname) %(objectname) --sort -committerdate
> git remote --verbose
> git fetch
> git fetch
> git status -z -u
> git symbolic-ref --short HEAD
> git rev-parse mobx
> git rev-parse --symbolic-full-name mobx@{u}
> git rev-list --left-right mobx...refs/remotes/origin/mobx
> git for-each-ref --format %(refname) %(objectname) --sort -committerdate
> git remote --verbose
> git status -z -u
> git status -z -u
> git symbolic-ref --short HEAD
> git symbolic-ref --short HEAD
> git rev-parse mobx
> git rev-parse mobx
> git rev-parse --symbolic-full-name mobx@{u}
> git rev-parse --symbolic-full-name mobx@{u}
> git rev-list --left-right mobx...refs/remotes/origin/mobx
> git rev-list --left-right mobx...refs/remotes/origin/mobx
> git for-each-ref --format %(refname) %(objectname) --sort -committerdate
> git remote --verbose
> git for-each-ref --format %(refname) %(objectname) --sort -committerdate
> git remote --verbose
> git show HEAD:components/settings.js
> git show HEAD:src/viewcomponents/event-picker.js
> git show :helpers/logout.js
> git fetch
> git fetch
> git fetch
> git status -z -u
> git symbolic-ref --short HEAD
> git rev-parse mobx
> git rev-parse --symbolic-full-name mobx@{u}
> git rev-list --left-right mobx...refs/remotes/origin/mobx
> git for-each-ref --format %(refname) %(objectname) --sort -committerdate
> git remote --verbose
> git status -z -u
> git symbolic-ref --short HEAD
> git rev-parse mobx
> git rev-parse --symbolic-full-name mobx@{u}
> git rev-list --left-right mobx...refs/remotes/origin/mobx
> git for-each-ref --format %(refname) %(objectname) --sort -committerdate
> git remote --verbose
> git status -z -u
> git symbolic-ref --short HEAD
> git rev-parse mobx
> git rev-parse --symbolic-full-name mobx@{u}
> git rev-list --left-right mobx...refs/remotes/origin/mobx
> git for-each-ref --format %(refname) %(objectname) --sort -committerdate
> git remote --verbose
> git status -z -u
> git symbolic-ref --short HEAD
> git rev-parse mobx
> git rev-parse --symbolic-full-name mobx@{u}
> git rev-list --left-right mobx...refs/remotes/origin/mobx
> git show HEAD:components/settings.js
> git show HEAD:src/viewcomponents/event-picker.js
> git show :helpers/logout.js
> git for-each-ref --format %(refname) %(objectname) --sort -committerdate
> git remote --verbose
> git fetch
> git fetch
> git fetch
> git status -z -u
> git symbolic-ref --short HEAD
> git rev-parse mobx
> git rev-parse --symbolic-full-name mobx@{u}
> git rev-list --left-right mobx...refs/remotes/origin/mobx
> git for-each-ref --format %(refname) %(objectname) --sort -committerdate
> git remote --verbose
> git status -z -u
> git symbolic-ref --short HEAD
> git rev-parse mobx
> git rev-parse --symbolic-full-name mobx@{u}
> git rev-list --left-right mobx...refs/remotes/origin/mobx
> git for-each-ref --format %(refname) %(objectname) --sort -committerdate
> git remote --verbose
> git status -z -u
> git symbolic-ref --short HEAD
> git rev-parse mobx
> git rev-parse --symbolic-full-name mobx@{u}
> git rev-list --left-right mobx...refs/remotes/origin/mobx
> git for-each-ref --format %(refname) %(objectname) --sort -committerdate
> git remote --verbose
> git status -z -u
> git symbolic-ref --short HEAD
> git rev-parse mobx
> git rev-parse --symbolic-full-name mobx@{u}
> git rev-list --left-right mobx...refs/remotes/origin/mobx
> git for-each-ref --format %(refname) %(objectname) --sort -committerdate
> git remote --verbose
> git show HEAD:components/settings.js
> git show HEAD:src/viewcomponents/event-picker.js
> git show :helpers/logout.js
> git fetch
> git fetch
> git fetch
> git status -z -u
> git symbolic-ref --short HEAD
> git rev-parse mobx
> git rev-parse --symbolic-full-name mobx@{u}
> git rev-list --left-right mobx...refs/remotes/origin/mobx
> git for-each-ref --format %(refname) %(objectname) --sort -committerdate
> git remote --verbose
> git status -z -u
> git status -z -u
> git symbolic-ref --short HEAD
> git rev-parse mobx
> git symbolic-ref --short HEAD
> git rev-parse --symbolic-full-name mobx@{u}
> git rev-parse mobx
> git rev-list --left-right mobx...refs/remotes/origin/mobx
> git rev-parse --symbolic-full-name mobx@{u}
> git for-each-ref --format %(refname) %(objectname) --sort -committerdate
> git remote --verbose
> git show :helpers/rest-api.js
> git rev-list --left-right mobx...refs/remotes/origin/mobx
> git for-each-ref --format %(refname) %(objectname) --sort -committerdate
> git remote --verbose
> git status -z -u
> git symbolic-ref --short HEAD
> git rev-parse mobx
> git rev-parse --symbolic-full-name mobx@{u}
> git rev-list --left-right mobx...refs/remotes/origin/mobx
> git for-each-ref --format %(refname) %(objectname) --sort -committerdate
> git remote --verbose
> git show :helpers/rest-api.js
> git show HEAD:components/settings.js
> git show HEAD:src/viewcomponents/event-picker.js
> git status -z -u
> git symbolic-ref --short HEAD
> git rev-parse mobx
> git rev-parse --symbolic-full-name mobx@{u}
> git rev-list --left-right mobx...refs/remotes/origin/mobx
> git for-each-ref --format %(refname) %(objectname) --sort -committerdate
> git remote --verbose
> git show :helpers/logout.js
> git status -z -u
> git status -z -u
> git symbolic-ref --short HEAD
> git symbolic-ref --short HEAD
> git rev-parse mobx
> git show :helpers/ajax.js
> git rev-parse mobx
> git rev-parse --symbolic-full-name mobx@{u}
> git rev-parse --symbolic-full-name mobx@{u}
> git rev-list --left-right mobx...refs/remotes/origin/mobx
> git rev-list --left-right mobx...refs/remotes/origin/mobx
> git for-each-ref --format %(refname) %(objectname) --sort -committerdate
> git remote --verbose
> git for-each-ref --format %(refname) %(objectname) --sort -committerdate
> git remote --verbose
> git status -z -u
> git status -z -u
> git symbolic-ref --short HEAD
> git rev-parse mobx
> git symbolic-ref --short HEAD
> git rev-parse --symbolic-full-name mobx@{u}
> git rev-parse mobx
> git rev-list --left-right mobx...refs/remotes/origin/mobx
> git rev-parse --symbolic-full-name mobx@{u}
> git for-each-ref --format %(refname) %(objectname) --sort -committerdate
> git remote --verbose
> git rev-list --left-right mobx...refs/remotes/origin/mobx
> git for-each-ref --format %(refname) %(objectname) --sort -committerdate
> git remote --verbose
> git show :helpers/logout.js
