[2018-11-12 12:54:01.492] [sharedprocess] [info] main {"machineId":"0157fa6fb1142a65ad944c8efba470ab85f1342ffdcd801b486adab886e8fa7f"}
[2018-11-12 12:54:03.313] [sharedprocess] [info] Scanned user extensions: 17
[2018-11-12 12:54:05.486] [sharedprocess] [info] Scanned user extensions: 17
[2018-11-12 12:54:05.892] [sharedprocess] [info] Scanned user extensions: 17
[2018-11-12 12:54:06.070] [sharedprocess] [info] Deleted from disk richie5um2.vscode-sort-json-1.13.0
[2018-11-12 12:54:06.105] [sharedprocess] [info] Scanned system extensions: 71
[2018-11-12 12:54:06.105] [sharedprocess] [info] Scanned system extensions: 71
[2018-11-12 12:54:06.118] [sharedprocess] [info] Scanned user extensions: 17
[2018-11-12 12:54:07.719] [sharedprocess] [info] Installing extension: electron-debug
[2018-11-12 12:54:07.720] [sharedprocess] [info] Installing extension: python
[2018-11-12 12:54:25.600] [sharedprocess] [info] Scanned user extensions: 17
[2018-11-12 12:54:25.604] [sharedprocess] [info] Scanned user extensions: 17
[2018-11-12 12:54:25.653] [sharedprocess] [info] Deleted from disk ms-python.python-2018.9.2
[2018-11-12 12:54:26.672] [sharedprocess] [info] Downloaded extension: python C:\Users\DJ\AppData\Local\Temp\3f1af551-26ec-45aa-a167-c46629dea218
[2018-11-12 12:54:26.737] [sharedprocess] [info] Downloaded extension: electron-debug C:\Users\DJ\AppData\Local\Temp\c506cf63-f05b-4338-9773-020d1c714d8c
[2018-11-12 12:54:41.511] [sharedprocess] [info] Starting to clean up unused language packs.
[2018-11-12 12:55:32.410] [sharedprocess] [info] Extracted extension to C:\Users\DJ\.vscode\extensions\.kodetech.electron-debug-18.11.0: kodetech.electron-debug-18.11.0
[2018-11-12 12:55:32.472] [sharedprocess] [info] Renamed to C:\Users\DJ\.vscode\extensions\kodetech.electron-debug-18.11.0
[2018-11-12 12:55:32.472] [sharedprocess] [info] Installation completed. kodetech.electron-debug-18.11.0
[2018-11-12 12:55:32.568] [sharedprocess] [info] Extensions installed successfully: kodetech.electron-debug
[2018-11-12 12:55:32.718] [sharedprocess] [info] Scanned user extensions: 17
[2018-11-12 12:55:32.779] [sharedprocess] [info] Scanned system extensions: 71
[2018-11-12 12:57:34.487] [sharedprocess] [info] Extracted extension to C:\Users\DJ\.vscode\extensions\.ms-python.python-2018.10.1: ms-python.python-2018.10.1
[2018-11-12 12:57:34.490] [sharedprocess] [info] Renamed to C:\Users\DJ\.vscode\extensions\ms-python.python-2018.10.1
[2018-11-12 12:57:34.490] [sharedprocess] [info] Installation completed. ms-python.python-2018.10.1
[2018-11-12 12:57:34.613] [sharedprocess] [info] Extensions installed successfully: ms-python.python
[2018-11-12 12:57:35.201] [sharedprocess] [info] Scanned user extensions: 17
[2018-11-12 12:57:35.590] [sharedprocess] [info] Scanned system extensions: 71
[2018-11-12 12:59:06.205] [sharedprocess] [info] Scanned user extensions: 17
[2018-11-12 13:04:06.304] [sharedprocess] [info] Scanned user extensions: 17
[2018-11-12 13:09:06.358] [sharedprocess] [info] Scanned user extensions: 17
[2018-11-12 13:14:06.403] [sharedprocess] [info] Scanned user extensions: 17
[2018-11-12 13:19:06.448] [sharedprocess] [info] Scanned user extensions: 17
[2018-11-12 13:24:06.500] [sharedprocess] [info] Scanned user extensions: 17
[2018-11-12 13:29:06.552] [sharedprocess] [info] Scanned user extensions: 17
[2018-11-12 13:34:06.597] [sharedprocess] [info] Scanned user extensions: 17
[2018-11-12 13:39:07.321] [sharedprocess] [info] Scanned user extensions: 17
[2018-11-12 13:44:07.406] [sharedprocess] [info] Scanned user extensions: 17
[2018-11-12 13:49:07.453] [sharedprocess] [info] Scanned user extensions: 17
[2018-11-12 13:54:07.586] [sharedprocess] [info] Scanned user extensions: 17
[2018-11-12 13:59:07.637] [sharedprocess] [info] Scanned user extensions: 17
[2018-11-12 14:04:07.688] [sharedprocess] [info] Scanned user extensions: 17
[2018-11-12 14:09:08.010] [sharedprocess] [info] Scanned user extensions: 17
[2018-11-12 14:14:08.059] [sharedprocess] [info] Scanned user extensions: 17
[2018-11-12 14:19:08.103] [sharedprocess] [info] Scanned user extensions: 17
[2018-11-12 14:24:08.216] [sharedprocess] [info] Scanned user extensions: 17
[2018-11-12 14:29:08.396] [sharedprocess] [info] Scanned user extensions: 17
