[2018-11-07 11:03:08.005] [exthost] [info] extension host started
[2018-11-07 11:03:08.124] [exthost] [info] ExtensionService#_doActivateExtension vscode.debug-auto-launch {"startup":true,"activationEvent":"*"}
[2018-11-07 11:03:08.124] [exthost] [info] ExtensionService#loadCommonJSModule c:\Users\DJ\AppData\Local\Programs\Microsoft VS Code\resources\app\extensions\debug-auto-launch\dist\extension
[2018-11-07 11:03:08.247] [exthost] [info] ExtensionService#_doActivateExtension vscode.emmet {"startup":true,"activationEvent":"*"}
[2018-11-07 11:03:08.247] [exthost] [info] ExtensionService#loadCommonJSModule c:\Users\DJ\AppData\Local\Programs\Microsoft VS Code\resources\app\extensions\emmet\dist\extension
[2018-11-07 11:03:08.380] [exthost] [info] ExtensionService#_doActivateExtension vscode.git {"startup":true,"activationEvent":"*"}
[2018-11-07 11:03:08.380] [exthost] [info] ExtensionService#loadCommonJSModule c:\Users\DJ\AppData\Local\Programs\Microsoft VS Code\resources\app\extensions\git\dist\main
[2018-11-07 11:03:08.877] [exthost] [info] ExtensionService#_doActivateExtension vscode.merge-conflict {"startup":true,"activationEvent":"*"}
[2018-11-07 11:03:08.877] [exthost] [info] ExtensionService#loadCommonJSModule c:\Users\DJ\AppData\Local\Programs\Microsoft VS Code\resources\app\extensions\merge-conflict\dist\extension
[2018-11-07 11:03:09.040] [exthost] [info] ExtensionService#_doActivateExtension vscode.search-rg {"startup":true,"activationEvent":"*"}
[2018-11-07 11:03:09.040] [exthost] [info] ExtensionService#loadCommonJSModule c:\Users\DJ\AppData\Local\Programs\Microsoft VS Code\resources\app\extensions\search-rg\dist\extension
[2018-11-07 11:03:09.160] [exthost] [info] ExtensionService#_doActivateExtension dbaeumer.vscode-eslint {"startup":true,"activationEvent":"*"}
[2018-11-07 11:03:09.160] [exthost] [info] ExtensionService#loadCommonJSModule C:\Users\DJ\.vscode\extensions\dbaeumer.vscode-eslint-1.7.0\client\out\extension
[2018-11-07 11:03:13.951] [exthost] [info] ExtensionService#_doActivateExtension Equinusocio.vsc-material-theme {"startup":true,"activationEvent":"*"}
[2018-11-07 11:03:13.951] [exthost] [info] ExtensionService#loadCommonJSModule C:\Users\DJ\.vscode\extensions\equinusocio.vsc-material-theme-2.5.1\extensions\material.theme.config.js
[2018-11-07 11:03:14.853] [exthost] [info] ExtensionService#_doActivateExtension kisstkondoros.vscode-codemetrics {"startup":true,"activationEvent":"*"}
[2018-11-07 11:03:14.853] [exthost] [info] ExtensionService#loadCommonJSModule C:\Users\DJ\.vscode\extensions\kisstkondoros.vscode-codemetrics-1.17.3\out\src\extension
[2018-11-07 11:03:19.540] [exthost] [info] ExtensionService#_doActivateExtension naumovs.color-highlight {"startup":true,"activationEvent":"*"}
[2018-11-07 11:03:19.540] [exthost] [info] ExtensionService#loadCommonJSModule C:\Users\DJ\.vscode\extensions\naumovs.color-highlight-2.3.0\dist\extension
[2018-11-07 11:03:19.761] [exthost] [info] ExtensionService#_doActivateExtension PKief.material-icon-theme {"startup":true,"activationEvent":"*"}
[2018-11-07 11:03:19.761] [exthost] [info] ExtensionService#loadCommonJSModule C:\Users\DJ\.vscode\extensions\pkief.material-icon-theme-3.6.0\out\src\extension
[2018-11-07 11:03:22.367] [exthost] [info] eager extensions activated
[2018-11-07 11:03:22.373] [exthost] [info] ExtensionService#_doActivateExtension vscode.typescript-language-features {"startup":false,"activationEvent":"onLanguage:javascript"}
[2018-11-07 11:03:22.373] [exthost] [info] ExtensionService#loadCommonJSModule c:\Users\DJ\AppData\Local\Programs\Microsoft VS Code\resources\app\extensions\typescript-language-features\dist\extension
[2018-11-07 11:03:22.781] [exthost] [info] ExtensionService#_doActivateExtension christian-kohler.npm-intellisense {"startup":false,"activationEvent":"onLanguage:javascript"}
[2018-11-07 11:03:22.781] [exthost] [info] ExtensionService#loadCommonJSModule C:\Users\DJ\.vscode\extensions\christian-kohler.npm-intellisense-1.3.0\out\src\extension
[2018-11-07 11:03:23.655] [exthost] [info] ExtensionService#_doActivateExtension mgmcdermott.vscode-language-babel {"startup":false,"activationEvent":"onLanguage:javascript"}
[2018-11-07 11:03:23.655] [exthost] [info] ExtensionService#loadCommonJSModule C:\Users\DJ\.vscode\extensions\mgmcdermott.vscode-language-babel-0.0.21\dist\extension
