[Info  - 4:09:16 PM] Using tsserver from: c:\Users\DJ\AppData\Local\Programs\Microsoft VS Code\resources\app\extensions\node_modules\typescript\lib
[Info  - 4:09:16 PM] Forking TSServer
[Info  - 4:09:16 PM] Started TSServer
[Error  - 7:54:40 PM] 'completionEntryDetails' request failed with error.
Error processing request. Debug Failure. False expression.
Error: Debug Failure. False expression.
    at Object.getImportCompletionAction (c:\Users\DJ\AppData\Local\Programs\Microsoft VS Code\resources\app\extensions\node_modules\typescript\lib\tsserver.js:107970:22)
    at getCompletionEntryCodeActionsAndSourceDisplay (c:\Users\DJ\AppData\Local\Programs\Microsoft VS Code\resources\app\extensions\node_modules\typescript\lib\tsserver.js:94059:33)
    at Object.getCompletionEntryDetails (c:\Users\DJ\AppData\Local\Programs\Microsoft VS Code\resources\app\extensions\node_modules\typescript\lib\tsserver.js:94009:30)
    at Object.getCompletionEntryDetails (c:\Users\DJ\AppData\Local\Programs\Microsoft VS Code\resources\app\extensions\node_modules\typescript\lib\tsserver.js:114823:35)
    at c:\Users\DJ\AppData\Local\Programs\Microsoft VS Code\resources\app\extensions\node_modules\typescript\lib\tsserver.js:122634:57
    at Object.mapDefined (c:\Users\DJ\AppData\Local\Programs\Microsoft VS Code\resources\app\extensions\node_modules\typescript\lib\tsserver.js:578:30)
    at IOSession.Session.getCompletionEntryDetails (c:\Users\DJ\AppData\Local\Programs\Microsoft VS Code\resources\app\extensions\node_modules\typescript\lib\tsserver.js:122632:33)
    at Session.handlers.ts.createMapFromTemplate._a.(anonymous function) (c:\Users\DJ\AppData\Local\Programs\Microsoft VS Code\resources\app\extensions\node_modules\typescript\lib\tsserver.js:121674:61)
    at c:\Users\DJ\AppData\Local\Programs\Microsoft VS Code\resources\app\extensions\node_modules\typescript\lib\tsserver.js:123086:88
    at IOSession.Session.executeWithRequestId (c:\Users\DJ\AppData\Local\Programs\Microsoft VS Code\resources\app\extensions\node_modules\typescript\lib\tsserver.js:123077:28)
    at IOSession.Session.executeCommand (c:\Users\DJ\AppData\Local\Programs\Microsoft VS Code\resources\app\extensions\node_modules\typescript\lib\tsserver.js:123086:33)
    at IOSession.Session.onMessage (c:\Users\DJ\AppData\Local\Programs\Microsoft VS Code\resources\app\extensions\node_modules\typescript\lib\tsserver.js:123106:35)
    at Interface.<anonymous> (c:\Users\DJ\AppData\Local\Programs\Microsoft VS Code\resources\app\extensions\node_modules\typescript\lib\tsserver.js:124369:27)
    at emitOne (events.js:116:13)
    at Interface.emit (events.js:211:7)
    at Interface._onLine (readline.js:282:10)
    at Interface._normalWrite (readline.js:424:12)
    at Socket.ondata (readline.js:141:10)
    at emitOne (events.js:116:13)
    at Socket.emit (events.js:211:7)
    at addChunk (_stream_readable.js:263:12)
    at readableAddChunk (_stream_readable.js:250:11)
    at Socket.Readable.push (_stream_readable.js:208:10)
    at Pipe.onread (net.js:594:20)
[Info  - 8:16:04 PM] TSServer exited
