[2018-11-09 12:48:50.120] [sharedprocess] [info] main {"machineId":"0157fa6fb1142a65ad944c8efba470ab85f1342ffdcd801b486adab886e8fa7f"}
[2018-11-09 12:48:51.725] [sharedprocess] [info] Scanned user extensions: 17
[2018-11-09 12:48:52.148] [sharedprocess] [info] Scanned user extensions: 17
[2018-11-09 12:48:52.156] [sharedprocess] [info] Scanned user extensions: 17
[2018-11-09 12:48:52.512] [sharedprocess] [info] Scanned system extensions: 71
[2018-11-09 12:48:52.512] [sharedprocess] [info] Scanned system extensions: 71
[2018-11-09 12:48:54.111] [sharedprocess] [info] Scanned user extensions: 17
[2018-11-09 12:48:55.633] [sharedprocess] [info] Installing extension: python
[2018-11-09 12:48:55.658] [sharedprocess] [info] Scanned user extensions: 17
[2018-11-09 12:48:56.647] [sharedprocess] [info] Downloaded extension: python C:\Users\DJ\AppData\Local\Temp\561395f9-2583-4a95-abd2-1f73b6bada66
[2018-11-09 12:49:30.132] [sharedprocess] [info] Starting to clean up unused language packs.
[2018-11-09 12:51:18.575] [sharedprocess] [info] Extracted extension to C:\Users\DJ\.vscode\extensions\.ms-python.python-2018.10.0: ms-python.python-2018.10.0
[2018-11-09 12:51:18.584] [sharedprocess] [info] Failed renaming C:\Users\DJ\.vscode\extensions\.ms-python.python-2018.10.0 to C:\Users\DJ\.vscode\extensions\ms-python.python-2018.10.0 with 'EPERM' error. Trying again...
[2018-11-09 12:51:18.591] [sharedprocess] [info] Renamed to C:\Users\DJ\.vscode\extensions\ms-python.python-2018.10.0
[2018-11-09 12:51:18.591] [sharedprocess] [info] Installation completed. ms-python.python-2018.10.0
[2018-11-09 12:51:18.620] [sharedprocess] [info] Extensions installed successfully: ms-python.python
[2018-11-09 12:51:18.785] [sharedprocess] [info] Scanned user extensions: 17
[2018-11-09 12:51:18.834] [sharedprocess] [info] Scanned system extensions: 71
[2018-11-09 12:53:54.152] [sharedprocess] [info] Scanned user extensions: 17
[2018-11-09 12:58:54.191] [sharedprocess] [info] Scanned user extensions: 17
[2018-11-09 13:03:54.244] [sharedprocess] [info] Scanned user extensions: 17
[2018-11-09 13:08:54.282] [sharedprocess] [info] Scanned user extensions: 17
[2018-11-09 13:13:54.337] [sharedprocess] [info] Scanned user extensions: 17
[2018-11-09 13:18:54.392] [sharedprocess] [info] Scanned user extensions: 17
[2018-11-09 13:23:54.451] [sharedprocess] [info] Scanned user extensions: 17
[2018-11-09 13:28:54.498] [sharedprocess] [info] Scanned user extensions: 17
[2018-11-09 13:33:54.538] [sharedprocess] [info] Scanned user extensions: 17
[2018-11-09 13:38:54.582] [sharedprocess] [info] Scanned user extensions: 17
[2018-11-09 13:43:54.631] [sharedprocess] [info] Scanned user extensions: 17
[2018-11-09 13:48:54.751] [sharedprocess] [info] Scanned user extensions: 17
[2018-11-09 13:53:54.797] [sharedprocess] [info] Scanned user extensions: 17
[2018-11-09 13:58:54.837] [sharedprocess] [info] Scanned user extensions: 17
[2018-11-09 14:03:54.881] [sharedprocess] [info] Scanned user extensions: 17
[2018-11-09 14:08:54.929] [sharedprocess] [info] Scanned user extensions: 17
[2018-11-09 14:13:54.967] [sharedprocess] [info] Scanned user extensions: 17
[2018-11-09 14:18:55.008] [sharedprocess] [info] Scanned user extensions: 17
[2018-11-09 14:23:55.061] [sharedprocess] [info] Scanned user extensions: 17
[2018-11-09 14:28:55.099] [sharedprocess] [info] Scanned user extensions: 17
[2018-11-09 14:33:55.134] [sharedprocess] [info] Scanned user extensions: 17
[2018-11-09 14:38:55.180] [sharedprocess] [info] Scanned user extensions: 17
[2018-11-09 14:43:55.220] [sharedprocess] [info] Scanned user extensions: 17
[2018-11-09 14:48:55.325] [sharedprocess] [info] Scanned user extensions: 17
[2018-11-09 14:53:55.364] [sharedprocess] [info] Scanned user extensions: 17
[2018-11-09 14:58:55.428] [sharedprocess] [info] Scanned user extensions: 17
[2018-11-09 15:03:55.498] [sharedprocess] [info] Scanned user extensions: 17
[2018-11-09 15:08:55.542] [sharedprocess] [info] Scanned user extensions: 17
[2018-11-09 15:13:55.581] [sharedprocess] [info] Scanned user extensions: 17
[2018-11-09 15:18:55.621] [sharedprocess] [info] Scanned user extensions: 17
[2018-11-09 15:23:55.662] [sharedprocess] [info] Scanned user extensions: 17
[2018-11-09 15:28:55.701] [sharedprocess] [info] Scanned user extensions: 17
[2018-11-09 15:33:55.742] [sharedprocess] [info] Scanned user extensions: 17
[2018-11-09 15:38:55.780] [sharedprocess] [info] Scanned user extensions: 17
[2018-11-09 15:43:55.820] [sharedprocess] [info] Scanned user extensions: 17
[2018-11-09 15:48:55.921] [sharedprocess] [info] Scanned user extensions: 17
[2018-11-09 15:53:55.961] [sharedprocess] [info] Scanned user extensions: 17
[2018-11-09 15:58:56.000] [sharedprocess] [info] Scanned user extensions: 17
[2018-11-09 16:03:56.047] [sharedprocess] [info] Scanned user extensions: 17
[2018-11-09 16:08:56.094] [sharedprocess] [info] Scanned user extensions: 17
[2018-11-09 16:13:56.142] [sharedprocess] [info] Scanned user extensions: 17
[2018-11-09 16:18:56.180] [sharedprocess] [info] Scanned user extensions: 17
[2018-11-09 16:23:56.219] [sharedprocess] [info] Scanned user extensions: 17
[2018-11-09 16:28:56.259] [sharedprocess] [info] Scanned user extensions: 17
[2018-11-09 16:33:56.301] [sharedprocess] [info] Scanned user extensions: 17
[2018-11-09 16:38:56.343] [sharedprocess] [info] Scanned user extensions: 17
[2018-11-09 16:43:56.387] [sharedprocess] [info] Scanned user extensions: 17
[2018-11-09 16:48:56.541] [sharedprocess] [info] Scanned user extensions: 17
[2018-11-09 16:53:56.578] [sharedprocess] [info] Scanned user extensions: 17
[2018-11-09 16:58:56.625] [sharedprocess] [info] Scanned user extensions: 17
[2018-11-09 17:03:56.662] [sharedprocess] [info] Scanned user extensions: 17
[2018-11-09 17:08:56.701] [sharedprocess] [info] Scanned user extensions: 17
[2018-11-09 17:13:56.745] [sharedprocess] [info] Scanned user extensions: 17
[2018-11-09 17:15:17.981] [sharedprocess] [info] Scanned user extensions: 17
[2018-11-09 17:15:18.283] [sharedprocess] [info] Scanned user extensions: 17
[2018-11-09 17:15:18.327] [sharedprocess] [info] Scanned user extensions: 17
[2018-11-09 17:15:18.329] [sharedprocess] [info] Scanned user extensions: 17
[2018-11-09 17:15:18.859] [sharedprocess] [info] Scanned system extensions: 71
[2018-11-09 17:15:18.865] [sharedprocess] [info] Scanned system extensions: 71
[2018-11-09 17:15:18.871] [sharedprocess] [info] Scanned system extensions: 71
[2018-11-09 17:16:34.678] [sharedprocess] [info] Scanned user extensions: 17
[2018-11-09 17:16:34.679] [sharedprocess] [info] Scanned user extensions: 17
[2018-11-09 17:16:34.682] [sharedprocess] [info] Scanned user extensions: 17
[2018-11-09 17:16:34.766] [sharedprocess] [info] Scanned system extensions: 71
[2018-11-09 17:16:34.772] [sharedprocess] [info] Scanned system extensions: 71
[2018-11-09 17:16:34.778] [sharedprocess] [info] Scanned system extensions: 71
[2018-11-09 17:18:56.797] [sharedprocess] [info] Scanned user extensions: 17
[2018-11-09 17:20:19.479] [sharedprocess] [info] Scanned user extensions: 17
[2018-11-09 17:20:19.528] [sharedprocess] [info] Scanned system extensions: 71
[2018-11-09 17:20:25.172] [sharedprocess] [info] Scanned user extensions: 17
[2018-11-09 17:20:25.174] [sharedprocess] [info] Scanned user extensions: 17
[2018-11-09 17:20:25.195] [sharedprocess] [info] Scanned user extensions: 17
[2018-11-09 17:20:25.207] [sharedprocess] [info] Scanned user extensions: 17
[2018-11-09 17:20:25.209] [sharedprocess] [info] Scanned user extensions: 17
[2018-11-09 17:20:25.211] [sharedprocess] [info] Scanned user extensions: 17
[2018-11-09 17:20:25.427] [sharedprocess] [info] Scanned system extensions: 71
[2018-11-09 17:20:25.437] [sharedprocess] [info] Scanned system extensions: 71
[2018-11-09 17:20:25.446] [sharedprocess] [info] Scanned system extensions: 71
[2018-11-09 17:20:25.454] [sharedprocess] [info] Scanned system extensions: 71
[2018-11-09 17:20:26.893] [sharedprocess] [info] Scanned user extensions: 17
[2018-11-09 17:21:02.787] [sharedprocess] [info] Scanned user extensions: 17
[2018-11-09 17:21:02.826] [sharedprocess] [info] Scanned system extensions: 71
[2018-11-09 17:21:05.386] [sharedprocess] [info] Scanned user extensions: 17
[2018-11-09 17:21:05.400] [sharedprocess] [info] Scanned user extensions: 17
[2018-11-09 17:21:05.401] [sharedprocess] [info] Scanned user extensions: 17
[2018-11-09 17:21:05.404] [sharedprocess] [info] Scanned user extensions: 17
[2018-11-09 17:21:05.407] [sharedprocess] [info] Scanned user extensions: 17
[2018-11-09 17:21:05.411] [sharedprocess] [info] Scanned user extensions: 17
[2018-11-09 17:21:05.691] [sharedprocess] [info] Scanned system extensions: 71
[2018-11-09 17:21:05.699] [sharedprocess] [info] Scanned system extensions: 71
[2018-11-09 17:21:05.707] [sharedprocess] [info] Scanned system extensions: 71
[2018-11-09 17:21:05.720] [sharedprocess] [info] Scanned system extensions: 71
[2018-11-09 17:21:07.175] [sharedprocess] [info] Scanned user extensions: 17
[2018-11-09 17:23:32.721] [sharedprocess] [info] Installing extension: sort-js-object-keys
[2018-11-09 17:23:32.774] [sharedprocess] [info] Scanned user extensions: 17
[2018-11-09 17:23:33.077] [sharedprocess] [info] Downloaded extension: sort-js-object-keys C:\Users\DJ\AppData\Local\Temp\0174313e-087d-46b0-a15e-0f9662d5562d
[2018-11-09 17:23:48.630] [sharedprocess] [info] Extracted extension to C:\Users\DJ\.vscode\extensions\.zengxingxin.sort-js-object-keys-1.0.5: zengxingxin.sort-js-object-keys-1.0.5
[2018-11-09 17:23:48.632] [sharedprocess] [info] Renamed to C:\Users\DJ\.vscode\extensions\zengxingxin.sort-js-object-keys-1.0.5
[2018-11-09 17:23:48.632] [sharedprocess] [info] Installation completed. zengxingxin.sort-js-object-keys-1.0.5
[2018-11-09 17:23:48.649] [sharedprocess] [info] Extensions installed successfully: zengxingxin.sort-js-object-keys
[2018-11-09 17:23:48.795] [sharedprocess] [info] Scanned user extensions: 18
[2018-11-09 17:23:48.833] [sharedprocess] [info] Scanned system extensions: 71
[2018-11-09 17:23:53.348] [sharedprocess] [info] Scanned user extensions: 18
[2018-11-09 17:23:53.354] [sharedprocess] [info] Scanned user extensions: 18
[2018-11-09 17:23:53.355] [sharedprocess] [info] Scanned user extensions: 18
[2018-11-09 17:23:53.361] [sharedprocess] [info] Scanned user extensions: 18
[2018-11-09 17:23:53.364] [sharedprocess] [info] Scanned user extensions: 18
[2018-11-09 17:23:53.367] [sharedprocess] [info] Scanned user extensions: 18
[2018-11-09 17:23:53.522] [sharedprocess] [info] Scanned system extensions: 71
[2018-11-09 17:23:53.532] [sharedprocess] [info] Scanned system extensions: 71
[2018-11-09 17:23:53.538] [sharedprocess] [info] Scanned system extensions: 71
[2018-11-09 17:23:53.543] [sharedprocess] [info] Scanned system extensions: 71
[2018-11-09 17:23:54.633] [sharedprocess] [info] Scanned user extensions: 18
[2018-11-09 17:26:53.718] [sharedprocess] [info] Scanned user extensions: 18
[2018-11-09 17:26:53.718] [sharedprocess] [info] Uninstalling extension: richie5um2.vscode-sort-json-1.13.0
[2018-11-09 17:26:53.740] [sharedprocess] [info] Scanned user extensions: 19
[2018-11-09 17:26:53.754] [sharedprocess] [info] Successfully uninstalled extension: richie5um2.vscode-sort-json-1.13.0
[2018-11-09 17:26:54.427] [sharedprocess] [info] Scanned user extensions: 17
[2018-11-09 17:26:54.457] [sharedprocess] [info] Scanned system extensions: 71
[2018-11-09 17:27:13.801] [sharedprocess] [info] Scanned user extensions: 17
[2018-11-09 17:27:13.827] [sharedprocess] [info] Scanned user extensions: 17
[2018-11-09 17:27:13.903] [sharedprocess] [info] Scanned user extensions: 17
[2018-11-09 17:27:14.039] [sharedprocess] [info] Scanned user extensions: 17
[2018-11-09 17:27:14.044] [sharedprocess] [info] Scanned system extensions: 71
[2018-11-09 17:27:14.052] [sharedprocess] [info] Scanned system extensions: 71
[2018-11-09 17:27:14.061] [sharedprocess] [info] Scanned system extensions: 71
[2018-11-09 17:27:14.061] [sharedprocess] [info] Scanned system extensions: 71
[2018-11-09 17:27:14.078] [sharedprocess] [info] Scanned user extensions: 17
[2018-11-09 17:27:14.095] [sharedprocess] [info] Scanned user extensions: 17
[2018-11-09 17:27:14.878] [sharedprocess] [info] Scanned user extensions: 17
[2018-11-09 17:32:14.965] [sharedprocess] [info] Scanned user extensions: 17
[2018-11-09 17:37:15.126] [sharedprocess] [info] Scanned user extensions: 17
[2018-11-09 17:42:15.204] [sharedprocess] [info] Scanned user extensions: 17
[2018-11-09 17:47:15.246] [sharedprocess] [info] Scanned user extensions: 17
[2018-11-09 17:52:15.291] [sharedprocess] [info] Scanned user extensions: 17
[2018-11-09 17:57:15.336] [sharedprocess] [info] Scanned user extensions: 17
[2018-11-09 18:02:15.378] [sharedprocess] [info] Scanned user extensions: 17
[2018-11-09 18:07:15.611] [sharedprocess] [info] Scanned user extensions: 17
[2018-11-09 18:12:50.459] [sharedprocess] [info] Scanned user extensions: 17
[2018-11-09 18:17:50.498] [sharedprocess] [info] Scanned user extensions: 17
[2018-11-09 18:22:50.845] [sharedprocess] [info] Scanned user extensions: 17
[2018-11-09 18:27:50.885] [sharedprocess] [info] Scanned user extensions: 17
[2018-11-09 18:32:50.932] [sharedprocess] [info] Scanned user extensions: 17
[2018-11-09 18:37:51.045] [sharedprocess] [info] Scanned user extensions: 17
[2018-11-09 18:42:51.102] [sharedprocess] [info] Scanned user extensions: 17
