[2018-11-07 11:03:01.800] [sharedprocess] [info] main {"machineId":"0157fa6fb1142a65ad944c8efba470ab85f1342ffdcd801b486adab886e8fa7f"}
[2018-11-07 11:03:04.022] [sharedprocess] [info] Scanned user extensions: 17
[2018-11-07 11:03:04.651] [sharedprocess] [info] Deleted from disk dollyn.line-counter-0.5.2
[2018-11-07 11:03:04.909] [sharedprocess] [info] Scanned system extensions: 71
[2018-11-07 11:03:06.021] [sharedprocess] [info] Scanned user extensions: 17
[2018-11-07 11:03:06.025] [sharedprocess] [info] Scanned user extensions: 17
[2018-11-07 11:03:06.104] [sharedprocess] [info] Scanned system extensions: 71
[2018-11-07 11:03:08.763] [sharedprocess] [info] Scanned user extensions: 17
[2018-11-07 11:03:41.819] [sharedprocess] [info] Starting to clean up unused language packs.
[2018-11-07 11:08:09.172] [sharedprocess] [info] Scanned user extensions: 17
[2018-11-07 11:13:09.213] [sharedprocess] [info] Scanned user extensions: 17
[2018-11-07 11:18:09.254] [sharedprocess] [info] Scanned user extensions: 17
[2018-11-07 11:23:09.294] [sharedprocess] [info] Scanned user extensions: 17
[2018-11-07 11:28:09.333] [sharedprocess] [info] Scanned user extensions: 17
[2018-11-07 11:33:09.370] [sharedprocess] [info] Scanned user extensions: 17
[2018-11-07 11:38:09.500] [sharedprocess] [info] Scanned user extensions: 17
[2018-11-07 11:43:09.540] [sharedprocess] [info] Scanned user extensions: 17
[2018-11-07 11:48:09.603] [sharedprocess] [info] Scanned user extensions: 17
[2018-11-07 11:53:09.647] [sharedprocess] [info] Scanned user extensions: 17
[2018-11-07 11:58:09.725] [sharedprocess] [info] Scanned user extensions: 17
[2018-11-07 12:03:09.922] [sharedprocess] [info] Scanned user extensions: 17
[2018-11-07 12:08:09.964] [sharedprocess] [info] Scanned user extensions: 17
[2018-11-07 12:13:10.028] [sharedprocess] [info] Scanned user extensions: 17
[2018-11-07 12:18:10.071] [sharedprocess] [info] Scanned user extensions: 17
[2018-11-07 12:23:10.107] [sharedprocess] [info] Scanned user extensions: 17
[2018-11-07 12:28:10.144] [sharedprocess] [info] Scanned user extensions: 17
[2018-11-07 12:33:10.180] [sharedprocess] [info] Scanned user extensions: 17
[2018-11-07 12:38:10.215] [sharedprocess] [info] Scanned user extensions: 17
[2018-11-07 12:43:10.251] [sharedprocess] [info] Scanned user extensions: 17
[2018-11-07 12:48:10.287] [sharedprocess] [info] Scanned user extensions: 17
[2018-11-07 12:53:10.326] [sharedprocess] [info] Scanned user extensions: 17
[2018-11-07 12:58:10.371] [sharedprocess] [info] Scanned user extensions: 17
[2018-11-07 13:03:10.480] [sharedprocess] [info] Scanned user extensions: 17
[2018-11-07 13:08:10.549] [sharedprocess] [info] Scanned user extensions: 17
[2018-11-07 13:13:10.589] [sharedprocess] [info] Scanned user extensions: 17
[2018-11-07 13:18:10.624] [sharedprocess] [info] Scanned user extensions: 17
[2018-11-07 13:23:10.669] [sharedprocess] [info] Scanned user extensions: 17
[2018-11-07 13:28:10.717] [sharedprocess] [info] Scanned user extensions: 17
[2018-11-07 13:33:10.753] [sharedprocess] [info] Scanned user extensions: 17
[2018-11-07 13:38:10.791] [sharedprocess] [info] Scanned user extensions: 17
[2018-11-07 13:43:10.853] [sharedprocess] [info] Scanned user extensions: 17
[2018-11-07 13:48:10.903] [sharedprocess] [info] Scanned user extensions: 17
[2018-11-07 13:53:10.942] [sharedprocess] [info] Scanned user extensions: 17
[2018-11-07 13:58:10.979] [sharedprocess] [info] Scanned user extensions: 17
[2018-11-07 14:03:11.097] [sharedprocess] [info] Scanned user extensions: 17
[2018-11-07 14:08:11.135] [sharedprocess] [info] Scanned user extensions: 17
[2018-11-07 14:13:11.171] [sharedprocess] [info] Scanned user extensions: 17
[2018-11-07 14:18:11.213] [sharedprocess] [info] Scanned user extensions: 17
[2018-11-07 14:23:11.384] [sharedprocess] [info] Scanned user extensions: 17
[2018-11-07 14:28:11.472] [sharedprocess] [info] Scanned user extensions: 17
[2018-11-07 14:33:11.507] [sharedprocess] [info] Scanned user extensions: 17
[2018-11-07 14:38:11.544] [sharedprocess] [info] Scanned user extensions: 17
[2018-11-07 14:43:11.579] [sharedprocess] [info] Scanned user extensions: 17
[2018-11-07 14:48:11.626] [sharedprocess] [info] Scanned user extensions: 17
[2018-11-07 14:53:11.662] [sharedprocess] [info] Scanned user extensions: 17
[2018-11-07 14:58:11.702] [sharedprocess] [info] Scanned user extensions: 17
[2018-11-07 15:03:11.805] [sharedprocess] [info] Scanned user extensions: 17
[2018-11-07 15:08:11.844] [sharedprocess] [info] Scanned user extensions: 17
[2018-11-07 15:13:11.916] [sharedprocess] [info] Scanned user extensions: 17
[2018-11-07 15:18:11.976] [sharedprocess] [info] Scanned user extensions: 17
[2018-11-07 15:23:12.016] [sharedprocess] [info] Scanned user extensions: 17
[2018-11-07 15:28:12.058] [sharedprocess] [info] Scanned user extensions: 17
[2018-11-07 15:33:12.094] [sharedprocess] [info] Scanned user extensions: 17
[2018-11-07 15:38:12.130] [sharedprocess] [info] Scanned user extensions: 17
[2018-11-07 15:43:12.168] [sharedprocess] [info] Scanned user extensions: 17
[2018-11-07 15:48:12.208] [sharedprocess] [info] Scanned user extensions: 17
[2018-11-07 15:53:12.246] [sharedprocess] [info] Scanned user extensions: 17
[2018-11-07 15:58:12.285] [sharedprocess] [info] Scanned user extensions: 17
[2018-11-07 16:03:12.391] [sharedprocess] [info] Scanned user extensions: 17
[2018-11-07 16:08:12.431] [sharedprocess] [info] Scanned user extensions: 17
[2018-11-07 16:13:12.471] [sharedprocess] [info] Scanned user extensions: 17
[2018-11-07 16:18:12.506] [sharedprocess] [info] Scanned user extensions: 17
[2018-11-07 16:23:12.830] [sharedprocess] [info] Scanned user extensions: 17
[2018-11-07 16:28:12.866] [sharedprocess] [info] Scanned user extensions: 17
[2018-11-07 16:33:12.901] [sharedprocess] [info] Scanned user extensions: 17
[2018-11-07 16:38:12.937] [sharedprocess] [info] Scanned user extensions: 17
[2018-11-07 16:43:12.984] [sharedprocess] [info] Scanned user extensions: 17
[2018-11-07 16:48:13.023] [sharedprocess] [info] Scanned user extensions: 17
[2018-11-07 16:53:13.059] [sharedprocess] [info] Scanned user extensions: 17
[2018-11-07 16:58:13.096] [sharedprocess] [info] Scanned user extensions: 17
[2018-11-07 17:03:13.195] [sharedprocess] [info] Scanned user extensions: 17
[2018-11-07 17:08:13.233] [sharedprocess] [info] Scanned user extensions: 17
[2018-11-07 17:13:13.271] [sharedprocess] [info] Scanned user extensions: 17
[2018-11-07 17:18:13.311] [sharedprocess] [info] Scanned user extensions: 17
[2018-11-07 17:23:13.349] [sharedprocess] [info] Scanned user extensions: 17
[2018-11-07 17:28:13.388] [sharedprocess] [info] Scanned user extensions: 17
[2018-11-07 17:33:13.442] [sharedprocess] [info] Scanned user extensions: 17
[2018-11-07 17:38:13.477] [sharedprocess] [info] Scanned user extensions: 17
[2018-11-07 17:43:13.518] [sharedprocess] [info] Scanned user extensions: 17
[2018-11-07 17:48:13.554] [sharedprocess] [info] Scanned user extensions: 17
[2018-11-07 17:53:13.594] [sharedprocess] [info] Scanned user extensions: 17
[2018-11-07 17:58:13.630] [sharedprocess] [info] Scanned user extensions: 17
[2018-11-07 18:03:13.762] [sharedprocess] [info] Scanned user extensions: 17
[2018-11-07 18:08:13.801] [sharedprocess] [info] Scanned user extensions: 17
[2018-11-07 18:13:13.836] [sharedprocess] [info] Scanned user extensions: 17
[2018-11-07 18:18:13.875] [sharedprocess] [info] Scanned user extensions: 17
[2018-11-07 18:23:13.938] [sharedprocess] [info] Scanned user extensions: 17
