[2018-11-12 16:25:04.664] [exthost] [info] extension host started
[2018-11-12 16:25:04.773] [exthost] [info] ExtensionService#_doActivateExtension vscode.debug-auto-launch {"startup":true,"activationEvent":"*"}
[2018-11-12 16:25:04.773] [exthost] [info] ExtensionService#loadCommonJSModule c:\Users\DJ\AppData\Local\Programs\Microsoft VS Code\resources\app\extensions\debug-auto-launch\dist\extension
[2018-11-12 16:25:04.792] [exthost] [info] ExtensionService#_doActivateExtension vscode.emmet {"startup":true,"activationEvent":"*"}
[2018-11-12 16:25:04.792] [exthost] [info] ExtensionService#loadCommonJSModule c:\Users\DJ\AppData\Local\Programs\Microsoft VS Code\resources\app\extensions\emmet\dist\extension
[2018-11-12 16:25:04.887] [exthost] [info] ExtensionService#_doActivateExtension vscode.git {"startup":true,"activationEvent":"*"}
[2018-11-12 16:25:04.887] [exthost] [info] ExtensionService#loadCommonJSModule c:\Users\DJ\AppData\Local\Programs\Microsoft VS Code\resources\app\extensions\git\dist\main
[2018-11-12 16:25:05.282] [exthost] [info] ExtensionService#_doActivateExtension vscode.merge-conflict {"startup":true,"activationEvent":"*"}
[2018-11-12 16:25:05.282] [exthost] [info] ExtensionService#loadCommonJSModule c:\Users\DJ\AppData\Local\Programs\Microsoft VS Code\resources\app\extensions\merge-conflict\dist\extension
[2018-11-12 16:25:05.308] [exthost] [info] ExtensionService#_doActivateExtension vscode.search-rg {"startup":true,"activationEvent":"*"}
[2018-11-12 16:25:05.308] [exthost] [info] ExtensionService#loadCommonJSModule c:\Users\DJ\AppData\Local\Programs\Microsoft VS Code\resources\app\extensions\search-rg\dist\extension
[2018-11-12 16:25:05.331] [exthost] [info] ExtensionService#_doActivateExtension dbaeumer.vscode-eslint {"startup":true,"activationEvent":"*"}
[2018-11-12 16:25:05.331] [exthost] [info] ExtensionService#loadCommonJSModule C:\Users\DJ\.vscode\extensions\dbaeumer.vscode-eslint-1.7.0\client\out\extension
[2018-11-12 16:25:05.533] [exthost] [info] ExtensionService#_doActivateExtension Equinusocio.vsc-material-theme {"startup":true,"activationEvent":"*"}
[2018-11-12 16:25:05.533] [exthost] [info] ExtensionService#loadCommonJSModule C:\Users\DJ\.vscode\extensions\equinusocio.vsc-material-theme-2.5.1\extensions\material.theme.config.js
[2018-11-12 16:25:05.575] [exthost] [info] ExtensionService#_doActivateExtension kisstkondoros.vscode-codemetrics {"startup":true,"activationEvent":"*"}
[2018-11-12 16:25:05.575] [exthost] [info] ExtensionService#loadCommonJSModule C:\Users\DJ\.vscode\extensions\kisstkondoros.vscode-codemetrics-1.17.3\out\src\extension
[2018-11-12 16:25:06.229] [exthost] [info] ExtensionService#_doActivateExtension naumovs.color-highlight {"startup":true,"activationEvent":"*"}
[2018-11-12 16:25:06.229] [exthost] [info] ExtensionService#loadCommonJSModule C:\Users\DJ\.vscode\extensions\naumovs.color-highlight-2.3.0\dist\extension
[2018-11-12 16:25:06.279] [exthost] [info] ExtensionService#_doActivateExtension PKief.material-icon-theme {"startup":true,"activationEvent":"*"}
[2018-11-12 16:25:06.279] [exthost] [info] ExtensionService#loadCommonJSModule C:\Users\DJ\.vscode\extensions\pkief.material-icon-theme-3.6.0\out\src\extension
[2018-11-12 16:25:06.369] [exthost] [info] ExtensionService#_doActivateExtension Shan.code-settings-sync {"startup":true,"activationEvent":"*"}
[2018-11-12 16:25:06.369] [exthost] [info] ExtensionService#loadCommonJSModule C:\Users\DJ\.vscode\extensions\shan.code-settings-sync-3.2.0\out\src\extension
[2018-11-12 16:25:07.132] [exthost] [info] eager extensions activated
[2018-11-12 16:25:07.133] [exthost] [info] ExtensionService#_doActivateExtension vscode.typescript-language-features {"startup":false,"activationEvent":"onLanguage:javascript"}
[2018-11-12 16:25:07.133] [exthost] [info] ExtensionService#loadCommonJSModule c:\Users\DJ\AppData\Local\Programs\Microsoft VS Code\resources\app\extensions\typescript-language-features\dist\extension
[2018-11-12 16:25:07.215] [exthost] [info] ExtensionService#_doActivateExtension christian-kohler.npm-intellisense {"startup":false,"activationEvent":"onLanguage:javascript"}
[2018-11-12 16:25:07.215] [exthost] [info] ExtensionService#loadCommonJSModule C:\Users\DJ\.vscode\extensions\christian-kohler.npm-intellisense-1.3.0\out\src\extension
[2018-11-12 16:25:07.229] [exthost] [info] ExtensionService#_doActivateExtension mgmcdermott.vscode-language-babel {"startup":false,"activationEvent":"onLanguage:javascript"}
[2018-11-12 16:25:07.229] [exthost] [info] ExtensionService#loadCommonJSModule C:\Users\DJ\.vscode\extensions\mgmcdermott.vscode-language-babel-0.0.21\dist\extension
